[0.072s] Invoking command in '/home/anish/ps1_ws/src/build/turtlebot3_navigation2': CMAKE_PREFIX_PATH=${CMAKE_PREFIX_PATH}:/opt/ros/humble /usr/bin/cmake /home/anish/ps1_ws/src/turtlebot3/turtlebot3_navigation2 -DCMAKE_INSTALL_PREFIX=/home/anish/ps1_ws/src/install/turtlebot3_navigation2
[0.723s] -- The C compiler identification is GNU 11.4.0
[0.723s] -- The CXX compiler identification is GNU 11.4.0
[0.723s] -- Detecting C compiler ABI info
[0.723s] -- Detecting C compiler ABI info - done
[0.723s] -- Check for working C compiler: /usr/bin/cc - skipped
[0.723s] -- Detecting C compile features
[0.723s] -- Detecting C compile features - done
[0.723s] -- Detecting CXX compiler ABI info
[0.724s] -- Detecting CXX compiler ABI info - done
[0.724s] -- Check for working CXX compiler: /usr/bin/c++ - skipped
[0.724s] -- Detecting CXX compile features
[0.724s] -- Detecting CXX compile features - done
[0.724s] -- Found ament_cmake: 1.3.11 (/opt/ros/humble/share/ament_cmake/cmake)
[0.724s] -- Found Python3: /usr/bin/python3 (found version "3.10.12") found components: Interpreter 
[1.018s] -- Configuring done
[1.024s] -- Generating done
[1.027s] -- Build files have been written to: /home/anish/ps1_ws/src/build/turtlebot3_navigation2
[1.043s] Invoked command in '/home/anish/ps1_ws/src/build/turtlebot3_navigation2' returned '0': CMAKE_PREFIX_PATH=${CMAKE_PREFIX_PATH}:/opt/ros/humble /usr/bin/cmake /home/anish/ps1_ws/src/turtlebot3/turtlebot3_navigation2 -DCMAKE_INSTALL_PREFIX=/home/anish/ps1_ws/src/install/turtlebot3_navigation2
[1.044s] Invoking command in '/home/anish/ps1_ws/src/build/turtlebot3_navigation2': CMAKE_PREFIX_PATH=${CMAKE_PREFIX_PATH}:/opt/ros/humble /usr/bin/cmake --build /home/anish/ps1_ws/src/build/turtlebot3_navigation2 -- -j16 -l16
[1.129s] Invoked command in '/home/anish/ps1_ws/src/build/turtlebot3_navigation2' returned '0': CMAKE_PREFIX_PATH=${CMAKE_PREFIX_PATH}:/opt/ros/humble /usr/bin/cmake --build /home/anish/ps1_ws/src/build/turtlebot3_navigation2 -- -j16 -l16
[1.151s] Invoking command in '/home/anish/ps1_ws/src/build/turtlebot3_navigation2': CMAKE_PREFIX_PATH=${CMAKE_PREFIX_PATH}:/opt/ros/humble /usr/bin/cmake --install /home/anish/ps1_ws/src/build/turtlebot3_navigation2
[1.166s] -- Install configuration: ""
[1.166s] -- Installing: /home/anish/ps1_ws/src/install/turtlebot3_navigation2/share/turtlebot3_navigation2/launch
[1.166s] -- Installing: /home/anish/ps1_ws/src/install/turtlebot3_navigation2/share/turtlebot3_navigation2/launch/navigation2.launch.py
[1.167s] -- Installing: /home/anish/ps1_ws/src/install/turtlebot3_navigation2/share/turtlebot3_navigation2/map
[1.167s] -- Installing: /home/anish/ps1_ws/src/install/turtlebot3_navigation2/share/turtlebot3_navigation2/map/map.yaml
[1.167s] -- Installing: /home/anish/ps1_ws/src/install/turtlebot3_navigation2/share/turtlebot3_navigation2/map/map.pgm
[1.167s] -- Installing: /home/anish/ps1_ws/src/install/turtlebot3_navigation2/share/turtlebot3_navigation2/param
[1.167s] -- Installing: /home/anish/ps1_ws/src/install/turtlebot3_navigation2/share/turtlebot3_navigation2/param/waffle_pi.yaml
[1.167s] -- Installing: /home/anish/ps1_ws/src/install/turtlebot3_navigation2/share/turtlebot3_navigation2/param/humble
[1.167s] -- Installing: /home/anish/ps1_ws/src/install/turtlebot3_navigation2/share/turtlebot3_navigation2/param/humble/waffle_pi.yaml
[1.168s] -- Installing: /home/anish/ps1_ws/src/install/turtlebot3_navigation2/share/turtlebot3_navigation2/param/humble/burger_cam.yaml
[1.168s] -- Installing: /home/anish/ps1_ws/src/install/turtlebot3_navigation2/share/turtlebot3_navigation2/param/humble/burger.yaml
[1.168s] -- Installing: /home/anish/ps1_ws/src/install/turtlebot3_navigation2/share/turtlebot3_navigation2/param/humble/waffle.yaml
[1.169s] -- Installing: /home/anish/ps1_ws/src/install/turtlebot3_navigation2/share/turtlebot3_navigation2/param/burger_cam.yaml
[1.169s] -- Installing: /home/anish/ps1_ws/src/install/turtlebot3_navigation2/share/turtlebot3_navigation2/param/burger.yaml
[1.170s] -- Installing: /home/anish/ps1_ws/src/install/turtlebot3_navigation2/share/turtlebot3_navigation2/param/waffle.yaml
[1.170s] -- Installing: /home/anish/ps1_ws/src/install/turtlebot3_navigation2/share/turtlebot3_navigation2/rviz
[1.170s] -- Installing: /home/anish/ps1_ws/src/install/turtlebot3_navigation2/share/turtlebot3_navigation2/rviz/tb3_navigation2.rviz
[1.170s] -- Installing: /home/anish/ps1_ws/src/install/turtlebot3_navigation2/share/ament_index/resource_index/package_run_dependencies/turtlebot3_navigation2
[1.170s] -- Installing: /home/anish/ps1_ws/src/install/turtlebot3_navigation2/share/ament_index/resource_index/parent_prefix_path/turtlebot3_navigation2
[1.170s] -- Installing: /home/anish/ps1_ws/src/install/turtlebot3_navigation2/share/turtlebot3_navigation2/environment/ament_prefix_path.sh
[1.170s] -- Installing: /home/anish/ps1_ws/src/install/turtlebot3_navigation2/share/turtlebot3_navigation2/environment/ament_prefix_path.dsv
[1.171s] -- Installing: /home/anish/ps1_ws/src/install/turtlebot3_navigation2/share/turtlebot3_navigation2/environment/path.sh
[1.171s] -- Installing: /home/anish/ps1_ws/src/install/turtlebot3_navigation2/share/turtlebot3_navigation2/environment/path.dsv
[1.171s] -- Installing: /home/anish/ps1_ws/src/install/turtlebot3_navigation2/share/turtlebot3_navigation2/local_setup.bash
[1.171s] -- Installing: /home/anish/ps1_ws/src/install/turtlebot3_navigation2/share/turtlebot3_navigation2/local_setup.sh
[1.171s] -- Installing: /home/anish/ps1_ws/src/install/turtlebot3_navigation2/share/turtlebot3_navigation2/local_setup.zsh
[1.171s] -- Installing: /home/anish/ps1_ws/src/install/turtlebot3_navigation2/share/turtlebot3_navigation2/local_setup.dsv
[1.172s] -- Installing: /home/anish/ps1_ws/src/install/turtlebot3_navigation2/share/turtlebot3_navigation2/package.dsv
[1.172s] -- Installing: /home/anish/ps1_ws/src/install/turtlebot3_navigation2/share/ament_index/resource_index/packages/turtlebot3_navigation2
[1.172s] -- Installing: /home/anish/ps1_ws/src/install/turtlebot3_navigation2/share/turtlebot3_navigation2/cmake/turtlebot3_navigation2Config.cmake
[1.172s] -- Installing: /home/anish/ps1_ws/src/install/turtlebot3_navigation2/share/turtlebot3_navigation2/cmake/turtlebot3_navigation2Config-version.cmake
[1.172s] -- Installing: /home/anish/ps1_ws/src/install/turtlebot3_navigation2/share/turtlebot3_navigation2/package.xml
[1.178s] Invoked command in '/home/anish/ps1_ws/src/build/turtlebot3_navigation2' returned '0': CMAKE_PREFIX_PATH=${CMAKE_PREFIX_PATH}:/opt/ros/humble /usr/bin/cmake --install /home/anish/ps1_ws/src/build/turtlebot3_navigation2
