[0.086s] Invoking command in '/home/anish/ps1_ws/src/build/turtlebot3_cartographer': CMAKE_PREFIX_PATH=${CMAKE_PREFIX_PATH}:/opt/ros/humble /usr/bin/cmake /home/anish/ps1_ws/src/turtlebot3/turtlebot3_cartographer -DCMAKE_INSTALL_PREFIX=/home/anish/ps1_ws/src/install/turtlebot3_cartographer
[0.742s] -- The C compiler identification is GNU 11.4.0
[0.742s] -- The CXX compiler identification is GNU 11.4.0
[0.742s] -- Detecting C compiler ABI info
[0.742s] -- Detecting C compiler ABI info - done
[0.742s] -- Check for working C compiler: /usr/bin/cc - skipped
[0.742s] -- Detecting C compile features
[0.742s] -- Detecting C compile features - done
[0.742s] -- Detecting CXX compiler ABI info
[0.743s] -- Detecting CXX compiler ABI info - done
[0.743s] -- Check for working CXX compiler: /usr/bin/c++ - skipped
[0.743s] -- Detecting CXX compile features
[0.743s] -- Detecting CXX compile features - done
[0.744s] -- Found ament_cmake: 1.3.11 (/opt/ros/humble/share/ament_cmake/cmake)
[0.744s] -- Found Python3: /usr/bin/python3 (found version "3.10.12") found components: Interpreter 
[1.042s] -- Configuring done
[1.048s] -- Generating done
[1.050s] -- Build files have been written to: /home/anish/ps1_ws/src/build/turtlebot3_cartographer
[1.068s] Invoked command in '/home/anish/ps1_ws/src/build/turtlebot3_cartographer' returned '0': CMAKE_PREFIX_PATH=${CMAKE_PREFIX_PATH}:/opt/ros/humble /usr/bin/cmake /home/anish/ps1_ws/src/turtlebot3/turtlebot3_cartographer -DCMAKE_INSTALL_PREFIX=/home/anish/ps1_ws/src/install/turtlebot3_cartographer
[1.075s] Invoking command in '/home/anish/ps1_ws/src/build/turtlebot3_cartographer': CMAKE_PREFIX_PATH=${CMAKE_PREFIX_PATH}:/opt/ros/humble /usr/bin/cmake --build /home/anish/ps1_ws/src/build/turtlebot3_cartographer -- -j16 -l16
[1.177s] Invoked command in '/home/anish/ps1_ws/src/build/turtlebot3_cartographer' returned '0': CMAKE_PREFIX_PATH=${CMAKE_PREFIX_PATH}:/opt/ros/humble /usr/bin/cmake --build /home/anish/ps1_ws/src/build/turtlebot3_cartographer -- -j16 -l16
[1.185s] Invoking command in '/home/anish/ps1_ws/src/build/turtlebot3_cartographer': CMAKE_PREFIX_PATH=${CMAKE_PREFIX_PATH}:/opt/ros/humble /usr/bin/cmake --install /home/anish/ps1_ws/src/build/turtlebot3_cartographer
[1.196s] -- Install configuration: ""
[1.196s] -- Installing: /home/anish/ps1_ws/src/install/turtlebot3_cartographer/share/turtlebot3_cartographer/config
[1.196s] -- Installing: /home/anish/ps1_ws/src/install/turtlebot3_cartographer/share/turtlebot3_cartographer/config/turtlebot3_lds_2d.lua
[1.196s] -- Installing: /home/anish/ps1_ws/src/install/turtlebot3_cartographer/share/turtlebot3_cartographer/launch
[1.196s] -- Installing: /home/anish/ps1_ws/src/install/turtlebot3_cartographer/share/turtlebot3_cartographer/launch/occupancy_grid.launch.py
[1.197s] -- Installing: /home/anish/ps1_ws/src/install/turtlebot3_cartographer/share/turtlebot3_cartographer/launch/cartographer.launch.py
[1.197s] -- Installing: /home/anish/ps1_ws/src/install/turtlebot3_cartographer/share/turtlebot3_cartographer/rviz
[1.197s] -- Installing: /home/anish/ps1_ws/src/install/turtlebot3_cartographer/share/turtlebot3_cartographer/rviz/tb3_cartographer.rviz
[1.197s] -- Installing: /home/anish/ps1_ws/src/install/turtlebot3_cartographer/share/ament_index/resource_index/package_run_dependencies/turtlebot3_cartographer
[1.198s] -- Installing: /home/anish/ps1_ws/src/install/turtlebot3_cartographer/share/ament_index/resource_index/parent_prefix_path/turtlebot3_cartographer
[1.198s] -- Installing: /home/anish/ps1_ws/src/install/turtlebot3_cartographer/share/turtlebot3_cartographer/environment/ament_prefix_path.sh
[1.198s] -- Installing: /home/anish/ps1_ws/src/install/turtlebot3_cartographer/share/turtlebot3_cartographer/environment/ament_prefix_path.dsv
[1.198s] -- Installing: /home/anish/ps1_ws/src/install/turtlebot3_cartographer/share/turtlebot3_cartographer/environment/path.sh
[1.198s] -- Installing: /home/anish/ps1_ws/src/install/turtlebot3_cartographer/share/turtlebot3_cartographer/environment/path.dsv
[1.199s] -- Installing: /home/anish/ps1_ws/src/install/turtlebot3_cartographer/share/turtlebot3_cartographer/local_setup.bash
[1.199s] -- Installing: /home/anish/ps1_ws/src/install/turtlebot3_cartographer/share/turtlebot3_cartographer/local_setup.sh
[1.199s] -- Installing: /home/anish/ps1_ws/src/install/turtlebot3_cartographer/share/turtlebot3_cartographer/local_setup.zsh
[1.200s] -- Installing: /home/anish/ps1_ws/src/install/turtlebot3_cartographer/share/turtlebot3_cartographer/local_setup.dsv
[1.200s] -- Installing: /home/anish/ps1_ws/src/install/turtlebot3_cartographer/share/turtlebot3_cartographer/package.dsv
[1.200s] -- Installing: /home/anish/ps1_ws/src/install/turtlebot3_cartographer/share/ament_index/resource_index/packages/turtlebot3_cartographer
[1.200s] -- Installing: /home/anish/ps1_ws/src/install/turtlebot3_cartographer/share/turtlebot3_cartographer/cmake/turtlebot3_cartographerConfig.cmake
[1.201s] -- Installing: /home/anish/ps1_ws/src/install/turtlebot3_cartographer/share/turtlebot3_cartographer/cmake/turtlebot3_cartographerConfig-version.cmake
[1.201s] -- Installing: /home/anish/ps1_ws/src/install/turtlebot3_cartographer/share/turtlebot3_cartographer/package.xml
[1.230s] Invoked command in '/home/anish/ps1_ws/src/build/turtlebot3_cartographer' returned '0': CMAKE_PREFIX_PATH=${CMAKE_PREFIX_PATH}:/opt/ros/humble /usr/bin/cmake --install /home/anish/ps1_ws/src/build/turtlebot3_cartographer
