[0.081s] Invoking command in '/home/anish/ps1_ws/src/build/turtlebot3_cartographer': CMAKE_PREFIX_PATH=${CMAKE_PREFIX_PATH}:/opt/ros/humble /usr/bin/cmake --build /home/anish/ps1_ws/src/build/turtlebot3_cartographer -- -j16 -l16
[0.628s] Invoked command in '/home/anish/ps1_ws/src/build/turtlebot3_cartographer' returned '0': CMAKE_PREFIX_PATH=${CMAKE_PREFIX_PATH}:/opt/ros/humble /usr/bin/cmake --build /home/anish/ps1_ws/src/build/turtlebot3_cartographer -- -j16 -l16
[0.641s] Invoking command in '/home/anish/ps1_ws/src/build/turtlebot3_cartographer': CMAKE_PREFIX_PATH=${CMAKE_PREFIX_PATH}:/opt/ros/humble /usr/bin/cmake --install /home/anish/ps1_ws/src/build/turtlebot3_cartographer
[0.659s] -- Install configuration: ""
[0.660s] -- Up-to-date: /home/anish/ps1_ws/src/install/turtlebot3_cartographer/share/turtlebot3_cartographer/config
[0.660s] -- Up-to-date: /home/anish/ps1_ws/src/install/turtlebot3_cartographer/share/turtlebot3_cartographer/config/turtlebot3_lds_2d.lua
[0.660s] -- Up-to-date: /home/anish/ps1_ws/src/install/turtlebot3_cartographer/share/turtlebot3_cartographer/launch
[0.661s] -- Up-to-date: /home/anish/ps1_ws/src/install/turtlebot3_cartographer/share/turtlebot3_cartographer/launch/occupancy_grid.launch.py
[0.661s] -- Up-to-date: /home/anish/ps1_ws/src/install/turtlebot3_cartographer/share/turtlebot3_cartographer/launch/cartographer.launch.py
[0.661s] -- Up-to-date: /home/anish/ps1_ws/src/install/turtlebot3_cartographer/share/turtlebot3_cartographer/rviz
[0.661s] -- Up-to-date: /home/anish/ps1_ws/src/install/turtlebot3_cartographer/share/turtlebot3_cartographer/rviz/tb3_cartographer.rviz
[0.661s] -- Up-to-date: /home/anish/ps1_ws/src/install/turtlebot3_cartographer/share/ament_index/resource_index/package_run_dependencies/turtlebot3_cartographer
[0.661s] -- Up-to-date: /home/anish/ps1_ws/src/install/turtlebot3_cartographer/share/ament_index/resource_index/parent_prefix_path/turtlebot3_cartographer
[0.661s] -- Up-to-date: /home/anish/ps1_ws/src/install/turtlebot3_cartographer/share/turtlebot3_cartographer/environment/ament_prefix_path.sh
[0.661s] -- Up-to-date: /home/anish/ps1_ws/src/install/turtlebot3_cartographer/share/turtlebot3_cartographer/environment/ament_prefix_path.dsv
[0.661s] -- Up-to-date: /home/anish/ps1_ws/src/install/turtlebot3_cartographer/share/turtlebot3_cartographer/environment/path.sh
[0.661s] -- Up-to-date: /home/anish/ps1_ws/src/install/turtlebot3_cartographer/share/turtlebot3_cartographer/environment/path.dsv
[0.662s] -- Up-to-date: /home/anish/ps1_ws/src/install/turtlebot3_cartographer/share/turtlebot3_cartographer/local_setup.bash
[0.662s] -- Up-to-date: /home/anish/ps1_ws/src/install/turtlebot3_cartographer/share/turtlebot3_cartographer/local_setup.sh
[0.662s] -- Up-to-date: /home/anish/ps1_ws/src/install/turtlebot3_cartographer/share/turtlebot3_cartographer/local_setup.zsh
[0.662s] -- Up-to-date: /home/anish/ps1_ws/src/install/turtlebot3_cartographer/share/turtlebot3_cartographer/local_setup.dsv
[0.662s] -- Up-to-date: /home/anish/ps1_ws/src/install/turtlebot3_cartographer/share/turtlebot3_cartographer/package.dsv
[0.662s] -- Up-to-date: /home/anish/ps1_ws/src/install/turtlebot3_cartographer/share/ament_index/resource_index/packages/turtlebot3_cartographer
[0.662s] -- Up-to-date: /home/anish/ps1_ws/src/install/turtlebot3_cartographer/share/turtlebot3_cartographer/cmake/turtlebot3_cartographerConfig.cmake
[0.662s] -- Up-to-date: /home/anish/ps1_ws/src/install/turtlebot3_cartographer/share/turtlebot3_cartographer/cmake/turtlebot3_cartographerConfig-version.cmake
[0.662s] -- Up-to-date: /home/anish/ps1_ws/src/install/turtlebot3_cartographer/share/turtlebot3_cartographer/package.xml
[0.684s] Invoked command in '/home/anish/ps1_ws/src/build/turtlebot3_cartographer' returned '0': CMAKE_PREFIX_PATH=${CMAKE_PREFIX_PATH}:/opt/ros/humble /usr/bin/cmake --install /home/anish/ps1_ws/src/build/turtlebot3_cartographer
