[0.556s] Invoking command in '/home/anish/ps1_ws/src/build/dijkstra_planner': CMAKE_PREFIX_PATH=${CMAKE_PREFIX_PATH}:/opt/ros/humble /usr/bin/cmake --build /home/anish/ps1_ws/src/build/dijkstra_planner -- -j16 -l16
[0.626s] [35m[1mConsolidate compiler generated dependencies of target dijkstra_planner[0m
[0.672s] [ 50%] [32mBuilding CXX object CMakeFiles/dijkstra_planner.dir/src/dijkstra_planner.cpp.o[0m
[5.802s] [100%] [32m[1mLinking CXX shared library libdijkstra_planner.so[0m
[6.070s] [100%] Built target dijkstra_planner
[6.084s] Invoked command in '/home/anish/ps1_ws/src/build/dijkstra_planner' returned '0': CMAKE_PREFIX_PATH=${CMAKE_PREFIX_PATH}:/opt/ros/humble /usr/bin/cmake --build /home/anish/ps1_ws/src/build/dijkstra_planner -- -j16 -l16
[6.085s] Invoking command in '/home/anish/ps1_ws/src/build/dijkstra_planner': CMAKE_PREFIX_PATH=${CMAKE_PREFIX_PATH}:/opt/ros/humble /usr/bin/cmake --install /home/anish/ps1_ws/src/build/dijkstra_planner
[6.094s] -- Install configuration: ""
[6.094s] -- Installing: /home/anish/ps1_ws/src/install/dijkstra_planner/lib/libdijkstra_planner.so
[6.095s] -- Set runtime path of "/home/anish/ps1_ws/src/install/dijkstra_planner/lib/libdijkstra_planner.so" to ""
[6.095s] -- Installing: /home/anish/ps1_ws/src/install/dijkstra_planner/include/
[6.095s] -- Installing: /home/anish/ps1_ws/src/install/dijkstra_planner/include//dijkstra_planner
[6.095s] -- Installing: /home/anish/ps1_ws/src/install/dijkstra_planner/include//dijkstra_planner/dijkstra_planner.hpp
[6.095s] -- Installing: /home/anish/ps1_ws/src/install/dijkstra_planner/share/dijkstra_planner/dijkstra_planner_plugin.xml
[6.096s] -- Up-to-date: /home/anish/ps1_ws/src/install/dijkstra_planner/share/dijkstra_planner/dijkstra_planner_plugin.xml
[6.096s] -- Installing: /home/anish/ps1_ws/src/install/dijkstra_planner/share/dijkstra_planner/environment/library_path.sh
[6.096s] -- Installing: /home/anish/ps1_ws/src/install/dijkstra_planner/share/dijkstra_planner/environment/library_path.dsv
[6.096s] -- Installing: /home/anish/ps1_ws/src/install/dijkstra_planner/share/ament_index/resource_index/package_run_dependencies/dijkstra_planner
[6.096s] -- Installing: /home/anish/ps1_ws/src/install/dijkstra_planner/share/ament_index/resource_index/parent_prefix_path/dijkstra_planner
[6.096s] -- Installing: /home/anish/ps1_ws/src/install/dijkstra_planner/share/dijkstra_planner/environment/ament_prefix_path.sh
[6.096s] -- Installing: /home/anish/ps1_ws/src/install/dijkstra_planner/share/dijkstra_planner/environment/ament_prefix_path.dsv
[6.097s] -- Installing: /home/anish/ps1_ws/src/install/dijkstra_planner/share/dijkstra_planner/environment/path.sh
[6.097s] -- Installing: /home/anish/ps1_ws/src/install/dijkstra_planner/share/dijkstra_planner/environment/path.dsv
[6.097s] -- Installing: /home/anish/ps1_ws/src/install/dijkstra_planner/share/dijkstra_planner/local_setup.bash
[6.097s] -- Installing: /home/anish/ps1_ws/src/install/dijkstra_planner/share/dijkstra_planner/local_setup.sh
[6.097s] -- Installing: /home/anish/ps1_ws/src/install/dijkstra_planner/share/dijkstra_planner/local_setup.zsh
[6.097s] -- Installing: /home/anish/ps1_ws/src/install/dijkstra_planner/share/dijkstra_planner/local_setup.dsv
[6.097s] -- Installing: /home/anish/ps1_ws/src/install/dijkstra_planner/share/dijkstra_planner/package.dsv
[6.097s] -- Installing: /home/anish/ps1_ws/src/install/dijkstra_planner/share/ament_index/resource_index/packages/dijkstra_planner
[6.098s] -- Installing: /home/anish/ps1_ws/src/install/dijkstra_planner/share/ament_index/resource_index/nav2_core__pluginlib__plugin/dijkstra_planner
[6.098s] -- Installing: /home/anish/ps1_ws/src/install/dijkstra_planner/share/dijkstra_planner/cmake/ament_cmake_export_include_directories-extras.cmake
[6.098s] -- Installing: /home/anish/ps1_ws/src/install/dijkstra_planner/share/dijkstra_planner/cmake/ament_cmake_export_libraries-extras.cmake
[6.098s] -- Installing: /home/anish/ps1_ws/src/install/dijkstra_planner/share/dijkstra_planner/cmake/ament_cmake_export_dependencies-extras.cmake
[6.098s] -- Installing: /home/anish/ps1_ws/src/install/dijkstra_planner/share/dijkstra_planner/cmake/dijkstra_plannerConfig.cmake
[6.098s] -- Installing: /home/anish/ps1_ws/src/install/dijkstra_planner/share/dijkstra_planner/cmake/dijkstra_plannerConfig-version.cmake
[6.099s] -- Installing: /home/anish/ps1_ws/src/install/dijkstra_planner/share/dijkstra_planner/package.xml
[6.101s] Invoked command in '/home/anish/ps1_ws/src/build/dijkstra_planner' returned '0': CMAKE_PREFIX_PATH=${CMAKE_PREFIX_PATH}:/opt/ros/humble /usr/bin/cmake --install /home/anish/ps1_ws/src/build/dijkstra_planner
