[0.319s] Invoking command in '/home/anish/ps1_ws/src/build/turtlebot3_fake_node': CMAKE_PREFIX_PATH=${CMAKE_PREFIX_PATH}:/opt/ros/humble /usr/bin/cmake --build /home/anish/ps1_ws/src/build/turtlebot3_fake_node -- -j16 -l16
[0.579s] [35m[1mConsolidate compiler generated dependencies of target turtlebot3_fake_node[0m
[0.579s] [100%] Built target turtlebot3_fake_node
[0.610s] Invoked command in '/home/anish/ps1_ws/src/build/turtlebot3_fake_node' returned '0': CMAKE_PREFIX_PATH=${CMAKE_PREFIX_PATH}:/opt/ros/humble /usr/bin/cmake --build /home/anish/ps1_ws/src/build/turtlebot3_fake_node -- -j16 -l16
[0.612s] Invoking command in '/home/anish/ps1_ws/src/build/turtlebot3_fake_node': CMAKE_PREFIX_PATH=${CMAKE_PREFIX_PATH}:/opt/ros/humble /usr/bin/cmake --install /home/anish/ps1_ws/src/build/turtlebot3_fake_node
[0.639s] -- Install configuration: ""
[0.640s] -- Installing: /home/anish/ps1_ws/src/install/turtlebot3_fake_node/lib/turtlebot3_fake_node/turtlebot3_fake_node
[0.642s] -- Set runtime path of "/home/anish/ps1_ws/src/install/turtlebot3_fake_node/lib/turtlebot3_fake_node/turtlebot3_fake_node" to ""
[0.644s] -- Installing: /home/anish/ps1_ws/src/install/turtlebot3_fake_node/share/turtlebot3_fake_node/launch
[0.646s] -- Installing: /home/anish/ps1_ws/src/install/turtlebot3_fake_node/share/turtlebot3_fake_node/launch/turtlebot3_fake_node.launch.py
[0.646s] -- Installing: /home/anish/ps1_ws/src/install/turtlebot3_fake_node/share/turtlebot3_fake_node/launch/rviz2.launch.py
[0.646s] -- Installing: /home/anish/ps1_ws/src/install/turtlebot3_fake_node/share/turtlebot3_fake_node/param
[0.646s] -- Installing: /home/anish/ps1_ws/src/install/turtlebot3_fake_node/share/turtlebot3_fake_node/param/waffle_pi.yaml
[0.646s] -- Installing: /home/anish/ps1_ws/src/install/turtlebot3_fake_node/share/turtlebot3_fake_node/param/burger.yaml
[0.647s] -- Installing: /home/anish/ps1_ws/src/install/turtlebot3_fake_node/share/turtlebot3_fake_node/param/waffle.yaml
[0.647s] -- Installing: /home/anish/ps1_ws/src/install/turtlebot3_fake_node/include/
[0.647s] -- Installing: /home/anish/ps1_ws/src/install/turtlebot3_fake_node/include//turtlebot3_fake_node
[0.648s] -- Installing: /home/anish/ps1_ws/src/install/turtlebot3_fake_node/include//turtlebot3_fake_node/turtlebot3_fake_node.hpp
[0.649s] -- Installing: /home/anish/ps1_ws/src/install/turtlebot3_fake_node/share/ament_index/resource_index/package_run_dependencies/turtlebot3_fake_node
[0.650s] -- Installing: /home/anish/ps1_ws/src/install/turtlebot3_fake_node/share/ament_index/resource_index/parent_prefix_path/turtlebot3_fake_node
[0.650s] -- Installing: /home/anish/ps1_ws/src/install/turtlebot3_fake_node/share/turtlebot3_fake_node/environment/ament_prefix_path.sh
[0.650s] -- Installing: /home/anish/ps1_ws/src/install/turtlebot3_fake_node/share/turtlebot3_fake_node/environment/ament_prefix_path.dsv
[0.650s] -- Installing: /home/anish/ps1_ws/src/install/turtlebot3_fake_node/share/turtlebot3_fake_node/environment/path.sh
[0.650s] -- Installing: /home/anish/ps1_ws/src/install/turtlebot3_fake_node/share/turtlebot3_fake_node/environment/path.dsv
[0.651s] -- Installing: /home/anish/ps1_ws/src/install/turtlebot3_fake_node/share/turtlebot3_fake_node/local_setup.bash
[0.651s] -- Installing: /home/anish/ps1_ws/src/install/turtlebot3_fake_node/share/turtlebot3_fake_node/local_setup.sh
[0.651s] -- Installing: /home/anish/ps1_ws/src/install/turtlebot3_fake_node/share/turtlebot3_fake_node/local_setup.zsh
[0.652s] -- Installing: /home/anish/ps1_ws/src/install/turtlebot3_fake_node/share/turtlebot3_fake_node/local_setup.dsv
[0.653s] -- Installing: /home/anish/ps1_ws/src/install/turtlebot3_fake_node/share/turtlebot3_fake_node/package.dsv
[0.653s] -- Installing: /home/anish/ps1_ws/src/install/turtlebot3_fake_node/share/ament_index/resource_index/packages/turtlebot3_fake_node
[0.655s] -- Installing: /home/anish/ps1_ws/src/install/turtlebot3_fake_node/share/turtlebot3_fake_node/cmake/ament_cmake_export_include_directories-extras.cmake
[0.656s] -- Installing: /home/anish/ps1_ws/src/install/turtlebot3_fake_node/share/turtlebot3_fake_node/cmake/ament_cmake_export_dependencies-extras.cmake
[0.656s] -- Installing: /home/anish/ps1_ws/src/install/turtlebot3_fake_node/share/turtlebot3_fake_node/cmake/turtlebot3_fake_nodeConfig.cmake
[0.656s] -- Installing: /home/anish/ps1_ws/src/install/turtlebot3_fake_node/share/turtlebot3_fake_node/cmake/turtlebot3_fake_nodeConfig-version.cmake
[0.656s] -- Installing: /home/anish/ps1_ws/src/install/turtlebot3_fake_node/share/turtlebot3_fake_node/package.xml
[0.760s] Invoked command in '/home/anish/ps1_ws/src/build/turtlebot3_fake_node' returned '0': CMAKE_PREFIX_PATH=${CMAKE_PREFIX_PATH}:/opt/ros/humble /usr/bin/cmake --install /home/anish/ps1_ws/src/build/turtlebot3_fake_node
