[0.067s] Invoking command in '/home/anish/ps1_ws/src/build/turtlebot3_node': CMAKE_PREFIX_PATH=${CMAKE_PREFIX_PATH}:/opt/ros/humble /usr/bin/cmake --build /home/anish/ps1_ws/src/build/turtlebot3_node -- -j16 -l16
[0.597s] [ 85%] Built target turtlebot3_node_lib
[0.597s] [100%] Built target turtlebot3_ros
[0.627s] Invoked command in '/home/anish/ps1_ws/src/build/turtlebot3_node' returned '0': CMAKE_PREFIX_PATH=${CMAKE_PREFIX_PATH}:/opt/ros/humble /usr/bin/cmake --build /home/anish/ps1_ws/src/build/turtlebot3_node -- -j16 -l16
[0.630s] Invoking command in '/home/anish/ps1_ws/src/build/turtlebot3_node': CMAKE_PREFIX_PATH=${CMAKE_PREFIX_PATH}:/opt/ros/humble /usr/bin/cmake --install /home/anish/ps1_ws/src/build/turtlebot3_node
[0.681s] -- Install configuration: ""
[0.682s] -- Up-to-date: /home/anish/ps1_ws/src/install/turtlebot3_node/share/turtlebot3_node/param
[0.682s] -- Up-to-date: /home/anish/ps1_ws/src/install/turtlebot3_node/share/turtlebot3_node/param/waffle_pi.yaml
[0.682s] -- Up-to-date: /home/anish/ps1_ws/src/install/turtlebot3_node/share/turtlebot3_node/param/burger.yaml
[0.682s] -- Up-to-date: /home/anish/ps1_ws/src/install/turtlebot3_node/share/turtlebot3_node/param/waffle.yaml
[0.682s] -- Up-to-date: /home/anish/ps1_ws/src/install/turtlebot3_node/lib/turtlebot3_node/turtlebot3_ros
[0.682s] -- Up-to-date: /home/anish/ps1_ws/src/install/turtlebot3_node/share/ament_index/resource_index/package_run_dependencies/turtlebot3_node
[0.682s] -- Up-to-date: /home/anish/ps1_ws/src/install/turtlebot3_node/share/ament_index/resource_index/parent_prefix_path/turtlebot3_node
[0.682s] -- Up-to-date: /home/anish/ps1_ws/src/install/turtlebot3_node/share/turtlebot3_node/environment/ament_prefix_path.sh
[0.682s] -- Up-to-date: /home/anish/ps1_ws/src/install/turtlebot3_node/share/turtlebot3_node/environment/ament_prefix_path.dsv
[0.682s] -- Up-to-date: /home/anish/ps1_ws/src/install/turtlebot3_node/share/turtlebot3_node/environment/path.sh
[0.682s] -- Up-to-date: /home/anish/ps1_ws/src/install/turtlebot3_node/share/turtlebot3_node/environment/path.dsv
[0.683s] -- Up-to-date: /home/anish/ps1_ws/src/install/turtlebot3_node/share/turtlebot3_node/local_setup.bash
[0.683s] -- Up-to-date: /home/anish/ps1_ws/src/install/turtlebot3_node/share/turtlebot3_node/local_setup.sh
[0.683s] -- Up-to-date: /home/anish/ps1_ws/src/install/turtlebot3_node/share/turtlebot3_node/local_setup.zsh
[0.683s] -- Up-to-date: /home/anish/ps1_ws/src/install/turtlebot3_node/share/turtlebot3_node/local_setup.dsv
[0.683s] -- Installing: /home/anish/ps1_ws/src/install/turtlebot3_node/share/turtlebot3_node/package.dsv
[0.683s] -- Up-to-date: /home/anish/ps1_ws/src/install/turtlebot3_node/share/ament_index/resource_index/packages/turtlebot3_node
[0.684s] -- Up-to-date: /home/anish/ps1_ws/src/install/turtlebot3_node/share/turtlebot3_node/cmake/ament_cmake_export_dependencies-extras.cmake
[0.684s] -- Up-to-date: /home/anish/ps1_ws/src/install/turtlebot3_node/share/turtlebot3_node/cmake/ament_cmake_export_include_directories-extras.cmake
[0.684s] -- Up-to-date: /home/anish/ps1_ws/src/install/turtlebot3_node/share/turtlebot3_node/cmake/turtlebot3_nodeConfig.cmake
[0.684s] -- Up-to-date: /home/anish/ps1_ws/src/install/turtlebot3_node/share/turtlebot3_node/cmake/turtlebot3_nodeConfig-version.cmake
[0.684s] -- Up-to-date: /home/anish/ps1_ws/src/install/turtlebot3_node/share/turtlebot3_node/package.xml
[0.758s] Invoked command in '/home/anish/ps1_ws/src/build/turtlebot3_node' returned '0': CMAKE_PREFIX_PATH=${CMAKE_PREFIX_PATH}:/opt/ros/humble /usr/bin/cmake --install /home/anish/ps1_ws/src/build/turtlebot3_node
