[1.377s] Invoking command in '/home/anish/ps1_ws/src/turtlebot3/turtlebot3_example': PYTHONPATH=/home/anish/ps1_ws/src/build/turtlebot3_example/prefix_override:/usr/lib/python3/dist-packages/colcon_core/task/python/colcon_distutils_commands:/home/anish/ps1_ws/src/install/turtlebot3_example/lib/python3.10/site-packages:${PYTHONPATH} /usr/bin/python3 -W ignore:setup.py install is deprecated -W ignore:easy_install command is deprecated setup.py egg_info --egg-base ../../build/turtlebot3_example build --build-base /home/anish/ps1_ws/src/build/turtlebot3_example/build install --record /home/anish/ps1_ws/src/build/turtlebot3_example/install.log --single-version-externally-managed install_data
[1.666s] running egg_info
[1.667s] creating ../../build/turtlebot3_example/turtlebot3_example.egg-info
[1.667s] writing ../../build/turtlebot3_example/turtlebot3_example.egg-info/PKG-INFO
[1.667s] writing dependency_links to ../../build/turtlebot3_example/turtlebot3_example.egg-info/dependency_links.txt
[1.668s] writing entry points to ../../build/turtlebot3_example/turtlebot3_example.egg-info/entry_points.txt
[1.668s] writing requirements to ../../build/turtlebot3_example/turtlebot3_example.egg-info/requires.txt
[1.668s] writing top-level names to ../../build/turtlebot3_example/turtlebot3_example.egg-info/top_level.txt
[1.668s] writing manifest file '../../build/turtlebot3_example/turtlebot3_example.egg-info/SOURCES.txt'
[1.671s] reading manifest file '../../build/turtlebot3_example/turtlebot3_example.egg-info/SOURCES.txt'
[1.671s] writing manifest file '../../build/turtlebot3_example/turtlebot3_example.egg-info/SOURCES.txt'
[1.672s] running build
[1.672s] running build_py
[1.672s] creating /home/anish/ps1_ws/src/build/turtlebot3_example/build
[1.672s] creating /home/anish/ps1_ws/src/build/turtlebot3_example/build/lib
[1.672s] creating /home/anish/ps1_ws/src/build/turtlebot3_example/build/lib/turtlebot3_example
[1.672s] copying turtlebot3_example/__init__.py -> /home/anish/ps1_ws/src/build/turtlebot3_example/build/lib/turtlebot3_example
[1.672s] creating /home/anish/ps1_ws/src/build/turtlebot3_example/build/lib/turtlebot3_example/turtlebot3_relative_move
[1.672s] copying turtlebot3_example/turtlebot3_relative_move/__init__.py -> /home/anish/ps1_ws/src/build/turtlebot3_example/build/lib/turtlebot3_example/turtlebot3_relative_move
[1.672s] copying turtlebot3_example/turtlebot3_relative_move/turtlebot3_relative_move.py -> /home/anish/ps1_ws/src/build/turtlebot3_example/build/lib/turtlebot3_example/turtlebot3_relative_move
[1.672s] creating /home/anish/ps1_ws/src/build/turtlebot3_example/build/lib/turtlebot3_example/turtlebot3_patrol
[1.672s] copying turtlebot3_example/turtlebot3_patrol/__init__.py -> /home/anish/ps1_ws/src/build/turtlebot3_example/build/lib/turtlebot3_example/turtlebot3_patrol
[1.673s] copying turtlebot3_example/turtlebot3_patrol/turtlebot3_patrol_server.py -> /home/anish/ps1_ws/src/build/turtlebot3_example/build/lib/turtlebot3_example/turtlebot3_patrol
[1.673s] copying turtlebot3_example/turtlebot3_patrol/turtlebot3_patrol_client.py -> /home/anish/ps1_ws/src/build/turtlebot3_example/build/lib/turtlebot3_example/turtlebot3_patrol
[1.673s] creating /home/anish/ps1_ws/src/build/turtlebot3_example/build/lib/turtlebot3_example/turtlebot3_absolute_move
[1.673s] copying turtlebot3_example/turtlebot3_absolute_move/__init__.py -> /home/anish/ps1_ws/src/build/turtlebot3_example/build/lib/turtlebot3_example/turtlebot3_absolute_move
[1.673s] copying turtlebot3_example/turtlebot3_absolute_move/turtlebot3_absolute_move.py -> /home/anish/ps1_ws/src/build/turtlebot3_example/build/lib/turtlebot3_example/turtlebot3_absolute_move
[1.673s] creating /home/anish/ps1_ws/src/build/turtlebot3_example/build/lib/turtlebot3_example/turtlebot3_interactive_marker
[1.673s] copying turtlebot3_example/turtlebot3_interactive_marker/turtlebot3_interactive_marker.py -> /home/anish/ps1_ws/src/build/turtlebot3_example/build/lib/turtlebot3_example/turtlebot3_interactive_marker
[1.673s] copying turtlebot3_example/turtlebot3_interactive_marker/__init__.py -> /home/anish/ps1_ws/src/build/turtlebot3_example/build/lib/turtlebot3_example/turtlebot3_interactive_marker
[1.673s] creating /home/anish/ps1_ws/src/build/turtlebot3_example/build/lib/turtlebot3_example/turtlebot3_obstacle_detection
[1.673s] copying turtlebot3_example/turtlebot3_obstacle_detection/turtlebot3_obstacle_detection.py -> /home/anish/ps1_ws/src/build/turtlebot3_example/build/lib/turtlebot3_example/turtlebot3_obstacle_detection
[1.674s] copying turtlebot3_example/turtlebot3_obstacle_detection/__init__.py -> /home/anish/ps1_ws/src/build/turtlebot3_example/build/lib/turtlebot3_example/turtlebot3_obstacle_detection
[1.674s] running install
[1.675s] running install_lib
[1.676s] creating /home/anish/ps1_ws/src/install/turtlebot3_example/lib/python3.10/site-packages/turtlebot3_example
[1.676s] creating /home/anish/ps1_ws/src/install/turtlebot3_example/lib/python3.10/site-packages/turtlebot3_example/turtlebot3_relative_move
[1.676s] copying /home/anish/ps1_ws/src/build/turtlebot3_example/build/lib/turtlebot3_example/turtlebot3_relative_move/__init__.py -> /home/anish/ps1_ws/src/install/turtlebot3_example/lib/python3.10/site-packages/turtlebot3_example/turtlebot3_relative_move
[1.676s] copying /home/anish/ps1_ws/src/build/turtlebot3_example/build/lib/turtlebot3_example/turtlebot3_relative_move/turtlebot3_relative_move.py -> /home/anish/ps1_ws/src/install/turtlebot3_example/lib/python3.10/site-packages/turtlebot3_example/turtlebot3_relative_move
[1.676s] copying /home/anish/ps1_ws/src/build/turtlebot3_example/build/lib/turtlebot3_example/__init__.py -> /home/anish/ps1_ws/src/install/turtlebot3_example/lib/python3.10/site-packages/turtlebot3_example
[1.676s] creating /home/anish/ps1_ws/src/install/turtlebot3_example/lib/python3.10/site-packages/turtlebot3_example/turtlebot3_patrol
[1.676s] copying /home/anish/ps1_ws/src/build/turtlebot3_example/build/lib/turtlebot3_example/turtlebot3_patrol/__init__.py -> /home/anish/ps1_ws/src/install/turtlebot3_example/lib/python3.10/site-packages/turtlebot3_example/turtlebot3_patrol
[1.676s] copying /home/anish/ps1_ws/src/build/turtlebot3_example/build/lib/turtlebot3_example/turtlebot3_patrol/turtlebot3_patrol_server.py -> /home/anish/ps1_ws/src/install/turtlebot3_example/lib/python3.10/site-packages/turtlebot3_example/turtlebot3_patrol
[1.676s] copying /home/anish/ps1_ws/src/build/turtlebot3_example/build/lib/turtlebot3_example/turtlebot3_patrol/turtlebot3_patrol_client.py -> /home/anish/ps1_ws/src/install/turtlebot3_example/lib/python3.10/site-packages/turtlebot3_example/turtlebot3_patrol
[1.677s] creating /home/anish/ps1_ws/src/install/turtlebot3_example/lib/python3.10/site-packages/turtlebot3_example/turtlebot3_absolute_move
[1.677s] copying /home/anish/ps1_ws/src/build/turtlebot3_example/build/lib/turtlebot3_example/turtlebot3_absolute_move/__init__.py -> /home/anish/ps1_ws/src/install/turtlebot3_example/lib/python3.10/site-packages/turtlebot3_example/turtlebot3_absolute_move
[1.677s] copying /home/anish/ps1_ws/src/build/turtlebot3_example/build/lib/turtlebot3_example/turtlebot3_absolute_move/turtlebot3_absolute_move.py -> /home/anish/ps1_ws/src/install/turtlebot3_example/lib/python3.10/site-packages/turtlebot3_example/turtlebot3_absolute_move
[1.677s] creating /home/anish/ps1_ws/src/install/turtlebot3_example/lib/python3.10/site-packages/turtlebot3_example/turtlebot3_interactive_marker
[1.677s] copying /home/anish/ps1_ws/src/build/turtlebot3_example/build/lib/turtlebot3_example/turtlebot3_interactive_marker/turtlebot3_interactive_marker.py -> /home/anish/ps1_ws/src/install/turtlebot3_example/lib/python3.10/site-packages/turtlebot3_example/turtlebot3_interactive_marker
[1.677s] copying /home/anish/ps1_ws/src/build/turtlebot3_example/build/lib/turtlebot3_example/turtlebot3_interactive_marker/__init__.py -> /home/anish/ps1_ws/src/install/turtlebot3_example/lib/python3.10/site-packages/turtlebot3_example/turtlebot3_interactive_marker
[1.677s] creating /home/anish/ps1_ws/src/install/turtlebot3_example/lib/python3.10/site-packages/turtlebot3_example/turtlebot3_obstacle_detection
[1.677s] copying /home/anish/ps1_ws/src/build/turtlebot3_example/build/lib/turtlebot3_example/turtlebot3_obstacle_detection/turtlebot3_obstacle_detection.py -> /home/anish/ps1_ws/src/install/turtlebot3_example/lib/python3.10/site-packages/turtlebot3_example/turtlebot3_obstacle_detection
[1.677s] copying /home/anish/ps1_ws/src/build/turtlebot3_example/build/lib/turtlebot3_example/turtlebot3_obstacle_detection/__init__.py -> /home/anish/ps1_ws/src/install/turtlebot3_example/lib/python3.10/site-packages/turtlebot3_example/turtlebot3_obstacle_detection
[1.678s] byte-compiling /home/anish/ps1_ws/src/install/turtlebot3_example/lib/python3.10/site-packages/turtlebot3_example/turtlebot3_relative_move/__init__.py to __init__.cpython-310.pyc
[1.678s] byte-compiling /home/anish/ps1_ws/src/install/turtlebot3_example/lib/python3.10/site-packages/turtlebot3_example/turtlebot3_relative_move/turtlebot3_relative_move.py to turtlebot3_relative_move.cpython-310.pyc
[1.680s] byte-compiling /home/anish/ps1_ws/src/install/turtlebot3_example/lib/python3.10/site-packages/turtlebot3_example/__init__.py to __init__.cpython-310.pyc
[1.680s] byte-compiling /home/anish/ps1_ws/src/install/turtlebot3_example/lib/python3.10/site-packages/turtlebot3_example/turtlebot3_patrol/__init__.py to __init__.cpython-310.pyc
[1.681s] byte-compiling /home/anish/ps1_ws/src/install/turtlebot3_example/lib/python3.10/site-packages/turtlebot3_example/turtlebot3_patrol/turtlebot3_patrol_server.py to turtlebot3_patrol_server.cpython-310.pyc
[1.682s] byte-compiling /home/anish/ps1_ws/src/install/turtlebot3_example/lib/python3.10/site-packages/turtlebot3_example/turtlebot3_patrol/turtlebot3_patrol_client.py to turtlebot3_patrol_client.cpython-310.pyc
[1.683s] byte-compiling /home/anish/ps1_ws/src/install/turtlebot3_example/lib/python3.10/site-packages/turtlebot3_example/turtlebot3_absolute_move/__init__.py to __init__.cpython-310.pyc
[1.683s] byte-compiling /home/anish/ps1_ws/src/install/turtlebot3_example/lib/python3.10/site-packages/turtlebot3_example/turtlebot3_absolute_move/turtlebot3_absolute_move.py to turtlebot3_absolute_move.cpython-310.pyc
[1.684s] byte-compiling /home/anish/ps1_ws/src/install/turtlebot3_example/lib/python3.10/site-packages/turtlebot3_example/turtlebot3_interactive_marker/turtlebot3_interactive_marker.py to turtlebot3_interactive_marker.cpython-310.pyc
[1.685s] byte-compiling /home/anish/ps1_ws/src/install/turtlebot3_example/lib/python3.10/site-packages/turtlebot3_example/turtlebot3_interactive_marker/__init__.py to __init__.cpython-310.pyc
[1.685s] byte-compiling /home/anish/ps1_ws/src/install/turtlebot3_example/lib/python3.10/site-packages/turtlebot3_example/turtlebot3_obstacle_detection/turtlebot3_obstacle_detection.py to turtlebot3_obstacle_detection.cpython-310.pyc
[1.686s] byte-compiling /home/anish/ps1_ws/src/install/turtlebot3_example/lib/python3.10/site-packages/turtlebot3_example/turtlebot3_obstacle_detection/__init__.py to __init__.cpython-310.pyc
[1.686s] running install_data
[1.686s] creating /home/anish/ps1_ws/src/install/turtlebot3_example/share/ament_index
[1.687s] creating /home/anish/ps1_ws/src/install/turtlebot3_example/share/ament_index/resource_index
[1.687s] creating /home/anish/ps1_ws/src/install/turtlebot3_example/share/ament_index/resource_index/packages
[1.687s] copying resource/turtlebot3_example -> /home/anish/ps1_ws/src/install/turtlebot3_example/share/ament_index/resource_index/packages
[1.687s] copying package.xml -> /home/anish/ps1_ws/src/install/turtlebot3_example/share/turtlebot3_example
[1.687s] running install_egg_info
[1.689s] Copying ../../build/turtlebot3_example/turtlebot3_example.egg-info to /home/anish/ps1_ws/src/install/turtlebot3_example/lib/python3.10/site-packages/turtlebot3_example-2.3.1-py3.10.egg-info
[1.691s] running install_scripts
[1.712s] Installing turtlebot3_absolute_move script to /home/anish/ps1_ws/src/install/turtlebot3_example/lib/turtlebot3_example
[1.712s] Installing turtlebot3_interactive_marker script to /home/anish/ps1_ws/src/install/turtlebot3_example/lib/turtlebot3_example
[1.712s] Installing turtlebot3_obstacle_detection script to /home/anish/ps1_ws/src/install/turtlebot3_example/lib/turtlebot3_example
[1.712s] Installing turtlebot3_patrol_client script to /home/anish/ps1_ws/src/install/turtlebot3_example/lib/turtlebot3_example
[1.712s] Installing turtlebot3_patrol_server script to /home/anish/ps1_ws/src/install/turtlebot3_example/lib/turtlebot3_example
[1.712s] Installing turtlebot3_relative_move script to /home/anish/ps1_ws/src/install/turtlebot3_example/lib/turtlebot3_example
[1.713s] writing list of installed files to '/home/anish/ps1_ws/src/build/turtlebot3_example/install.log'
[1.740s] Invoked command in '/home/anish/ps1_ws/src/turtlebot3/turtlebot3_example' returned '0': PYTHONPATH=/home/anish/ps1_ws/src/build/turtlebot3_example/prefix_override:/usr/lib/python3/dist-packages/colcon_core/task/python/colcon_distutils_commands:/home/anish/ps1_ws/src/install/turtlebot3_example/lib/python3.10/site-packages:${PYTHONPATH} /usr/bin/python3 -W ignore:setup.py install is deprecated -W ignore:easy_install command is deprecated setup.py egg_info --egg-base ../../build/turtlebot3_example build --build-base /home/anish/ps1_ws/src/build/turtlebot3_example/build install --record /home/anish/ps1_ws/src/build/turtlebot3_example/install.log --single-version-externally-managed install_data
