[ 33%] [32mBuilding CXX object CMakeFiles/combine_grids.dir/src/combine_grids/merging_pipeline.cpp.o[0m
[ 33%] [32mBuilding CXX object gtest/CMakeFiles/gtest.dir/src/gtest-all.cc.o[0m
[ 33%] [32mBuilding CXX object CMakeFiles/combine_grids.dir/src/combine_grids/grid_warper.cpp.o[0m
[ 33%] [32mBuilding CXX object gtest/CMakeFiles/gtest_main.dir/src/gtest_main.cc.o[0m
[ 41%] [32mBuilding CXX object CMakeFiles/combine_grids.dir/src/combine_grids/grid_compositor.cpp.o[0m
[ 50%] [32m[1mLinking CXX static library libgtest_main.a[0m
[ 50%] Built target gtest_main
[ 58%] [32m[1mLinking CXX static library libgtest.a[0m
[ 58%] Built target gtest
[ 66%] [32m[1mLinking CXX static library libcombine_grids.a[0m
[ 66%] Built target combine_grids
[ 83%] [32mBuilding CXX object CMakeFiles/test_merging_pipeline.dir/test/test_merging_pipeline.cpp.o[0m
[ 83%] [32mBuilding CXX object CMakeFiles/map_merge.dir/src/map_merge.cpp.o[0m
In file included from [01m[K/home/anish/ps1_ws/src/m-explore-ros2/map_merge/test/testing_helpers.h:7[m[K,
                 from [01m[K/home/anish/ps1_ws/src/m-explore-ros2/map_merge/test/test_merging_pipeline.cpp:42[m[K:
[01m[K/opt/ros/humble/include/tf2_geometry_msgs/tf2_geometry_msgs/tf2_geometry_msgs.h:35:2:[m[K [01;35m[Kwarning: [m[K#warning This header is obsolete, please include tf2_geometry_msgs/tf2_geometry_msgs.hpp instead [[01;35m[K]8;;https://gcc.gnu.org/onlinedocs/gcc/Warning-Options.html#index-Wcpp-Wcpp]8;;[m[K]
   35 | #[01;35m[Kwarning[m[K This header is obsolete, please include tf2_geometry_msgs/tf2_geometry_msgs.hpp instead
      |  [01;35m[K^~~~~~~[m[K
In file included from [01m[K/home/anish/ps1_ws/src/m-explore-ros2/map_merge/src/map_merge.cpp:44[m[K:
[01m[K/opt/ros/humble/include/tf2_geometry_msgs/tf2_geometry_msgs/tf2_geometry_msgs.h:35:2:[m[K [01;35m[Kwarning: [m[K#warning This header is obsolete, please include tf2_geometry_msgs/tf2_geometry_msgs.hpp instead [[01;35m[K]8;;https://gcc.gnu.org/onlinedocs/gcc/Warning-Options.html#index-Wcpp-Wcpp]8;;[m[K]
   35 | #[01;35m[Kwarning[m[K This header is obsolete, please include tf2_geometry_msgs/tf2_geometry_msgs.hpp instead
      |  [01;35m[K^~~~~~~[m[K
[ 91%] [32m[1mLinking CXX executable test_merging_pipeline[0m
[ 91%] Built target test_merging_pipeline
[100%] [32m[1mLinking CXX executable map_merge[0m
[100%] Built target map_merge
-- Install configuration: ""
-- Installing: /home/anish/ps1_ws/src/install/multirobot_map_merge/include/map_merge/
-- Installing: /home/anish/ps1_ws/src/install/multirobot_map_merge/include/map_merge//map_merge.h
-- Installing: /home/anish/ps1_ws/src/install/multirobot_map_merge/include/map_merge//ros1_names.hpp
-- Installing: /home/anish/ps1_ws/src/install/multirobot_map_merge/share/multirobot_map_merge/launch
-- Installing: /home/anish/ps1_ws/src/install/multirobot_map_merge/share/multirobot_map_merge/launch/tb3_simulation
-- Installing: /home/anish/ps1_ws/src/install/multirobot_map_merge/share/multirobot_map_merge/launch/tb3_simulation/config
-- Installing: /home/anish/ps1_ws/src/install/multirobot_map_merge/share/multirobot_map_merge/launch/tb3_simulation/config/nav2_multirobot_params_2.yaml
-- Installing: /home/anish/ps1_ws/src/install/multirobot_map_merge/share/multirobot_map_merge/launch/tb3_simulation/config/nav2_multirobot_params_1.yaml
-- Installing: /home/anish/ps1_ws/src/install/multirobot_map_merge/share/multirobot_map_merge/launch/tb3_simulation/worlds
-- Installing: /home/anish/ps1_ws/src/install/multirobot_map_merge/share/multirobot_map_merge/launch/tb3_simulation/worlds/world_only.model
-- Installing: /home/anish/ps1_ws/src/install/multirobot_map_merge/share/multirobot_map_merge/launch/tb3_simulation/slam_toolbox.py
-- Installing: /home/anish/ps1_ws/src/install/multirobot_map_merge/share/multirobot_map_merge/launch/tb3_simulation/tb3_simulation_launch.py
-- Installing: /home/anish/ps1_ws/src/install/multirobot_map_merge/share/multirobot_map_merge/launch/tb3_simulation/bringup_launch.py
-- Installing: /home/anish/ps1_ws/src/install/multirobot_map_merge/share/multirobot_map_merge/launch/tb3_simulation/multi_tb3_simulation_launch.py
-- Installing: /home/anish/ps1_ws/src/install/multirobot_map_merge/share/multirobot_map_merge/launch/map_merge.launch.py
-- Installing: /home/anish/ps1_ws/src/install/multirobot_map_merge/share/multirobot_map_merge/launch/from_map_server.launch.py
-- Installing: /home/anish/ps1_ws/src/install/multirobot_map_merge/share/multirobot_map_merge/launch/map_merge.rviz
-- Installing: /home/anish/ps1_ws/src/install/multirobot_map_merge/share/multirobot_map_merge/config
-- Installing: /home/anish/ps1_ws/src/install/multirobot_map_merge/share/multirobot_map_merge/config/params.yaml
-- Installing: /home/anish/ps1_ws/src/install/multirobot_map_merge/lib/libcombine_grids.a
-- Installing: /home/anish/ps1_ws/src/install/multirobot_map_merge/lib/multirobot_map_merge/map_merge
-- Set runtime path of "/home/anish/ps1_ws/src/install/multirobot_map_merge/lib/multirobot_map_merge/map_merge" to ""
-- Installing: /home/anish/ps1_ws/src/install/multirobot_map_merge/share/multirobot_map_merge/environment/library_path.sh
-- Installing: /home/anish/ps1_ws/src/install/multirobot_map_merge/share/multirobot_map_merge/environment/library_path.dsv
-- Installing: /home/anish/ps1_ws/src/install/multirobot_map_merge/share/ament_index/resource_index/package_run_dependencies/multirobot_map_merge
-- Installing: /home/anish/ps1_ws/src/install/multirobot_map_merge/share/ament_index/resource_index/parent_prefix_path/multirobot_map_merge
-- Installing: /home/anish/ps1_ws/src/install/multirobot_map_merge/share/multirobot_map_merge/environment/ament_prefix_path.sh
-- Installing: /home/anish/ps1_ws/src/install/multirobot_map_merge/share/multirobot_map_merge/environment/ament_prefix_path.dsv
-- Installing: /home/anish/ps1_ws/src/install/multirobot_map_merge/share/multirobot_map_merge/environment/path.sh
-- Installing: /home/anish/ps1_ws/src/install/multirobot_map_merge/share/multirobot_map_merge/environment/path.dsv
-- Installing: /home/anish/ps1_ws/src/install/multirobot_map_merge/share/multirobot_map_merge/local_setup.bash
-- Installing: /home/anish/ps1_ws/src/install/multirobot_map_merge/share/multirobot_map_merge/local_setup.sh
-- Installing: /home/anish/ps1_ws/src/install/multirobot_map_merge/share/multirobot_map_merge/local_setup.zsh
-- Installing: /home/anish/ps1_ws/src/install/multirobot_map_merge/share/multirobot_map_merge/local_setup.dsv
-- Installing: /home/anish/ps1_ws/src/install/multirobot_map_merge/share/multirobot_map_merge/package.dsv
-- Installing: /home/anish/ps1_ws/src/install/multirobot_map_merge/share/ament_index/resource_index/packages/multirobot_map_merge
-- Installing: /home/anish/ps1_ws/src/install/multirobot_map_merge/share/multirobot_map_merge/cmake/ament_cmake_export_include_directories-extras.cmake
-- Installing: /home/anish/ps1_ws/src/install/multirobot_map_merge/share/multirobot_map_merge/cmake/ament_cmake_export_libraries-extras.cmake
-- Installing: /home/anish/ps1_ws/src/install/multirobot_map_merge/share/multirobot_map_merge/cmake/multirobot_map_mergeConfig.cmake
-- Installing: /home/anish/ps1_ws/src/install/multirobot_map_merge/share/multirobot_map_merge/cmake/multirobot_map_mergeConfig-version.cmake
-- Installing: /home/anish/ps1_ws/src/install/multirobot_map_merge/share/multirobot_map_merge/package.xml
