[0.557s] Invoking command in '/home/anish/ps1_ws/src/build/multirobot_map_merge': CMAKE_PREFIX_PATH=${CMAKE_PREFIX_PATH}:/opt/ros/humble /usr/bin/cmake --build /home/anish/ps1_ws/src/build/multirobot_map_merge -- -j16 -l16
[0.659s] [ 33%] [32mBuilding CXX object CMakeFiles/combine_grids.dir/src/combine_grids/merging_pipeline.cpp.o[0m
[0.659s] [ 33%] [32mBuilding CXX object gtest/CMakeFiles/gtest.dir/src/gtest-all.cc.o[0m
[0.659s] [ 33%] [32mBuilding CXX object CMakeFiles/combine_grids.dir/src/combine_grids/grid_warper.cpp.o[0m
[0.659s] [ 33%] [32mBuilding CXX object gtest/CMakeFiles/gtest_main.dir/src/gtest_main.cc.o[0m
[0.659s] [ 41%] [32mBuilding CXX object CMakeFiles/combine_grids.dir/src/combine_grids/grid_compositor.cpp.o[0m
[1.756s] [ 50%] [32m[1mLinking CXX static library libgtest_main.a[0m
[1.808s] [ 50%] Built target gtest_main
[3.836s] [ 58%] [32m[1mLinking CXX static library libgtest.a[0m
[3.918s] [ 58%] Built target gtest
[4.385s] [ 66%] [32m[1mLinking CXX static library libcombine_grids.a[0m
[4.439s] [ 66%] Built target combine_grids
[4.465s] [ 83%] [32mBuilding CXX object CMakeFiles/test_merging_pipeline.dir/test/test_merging_pipeline.cpp.o[0m
[4.465s] [ 83%] [32mBuilding CXX object CMakeFiles/map_merge.dir/src/map_merge.cpp.o[0m
[4.716s] In file included from [01m[K/home/anish/ps1_ws/src/m-explore-ros2/map_merge/test/testing_helpers.h:7[m[K,
[4.716s]                  from [01m[K/home/anish/ps1_ws/src/m-explore-ros2/map_merge/test/test_merging_pipeline.cpp:42[m[K:
[4.717s] [01m[K/opt/ros/humble/include/tf2_geometry_msgs/tf2_geometry_msgs/tf2_geometry_msgs.h:35:2:[m[K [01;35m[Kwarning: [m[K#warning This header is obsolete, please include tf2_geometry_msgs/tf2_geometry_msgs.hpp instead [[01;35m[K]8;;https://gcc.gnu.org/onlinedocs/gcc/Warning-Options.html#index-Wcpp-Wcpp]8;;[m[K]
[4.717s]    35 | #[01;35m[Kwarning[m[K This header is obsolete, please include tf2_geometry_msgs/tf2_geometry_msgs.hpp instead
[4.717s]       |  [01;35m[K^~~~~~~[m[K
[5.501s] In file included from [01m[K/home/anish/ps1_ws/src/m-explore-ros2/map_merge/src/map_merge.cpp:44[m[K:
[5.501s] [01m[K/opt/ros/humble/include/tf2_geometry_msgs/tf2_geometry_msgs/tf2_geometry_msgs.h:35:2:[m[K [01;35m[Kwarning: [m[K#warning This header is obsolete, please include tf2_geometry_msgs/tf2_geometry_msgs.hpp instead [[01;35m[K]8;;https://gcc.gnu.org/onlinedocs/gcc/Warning-Options.html#index-Wcpp-Wcpp]8;;[m[K]
[5.501s]    35 | #[01;35m[Kwarning[m[K This header is obsolete, please include tf2_geometry_msgs/tf2_geometry_msgs.hpp instead
[5.501s]       |  [01;35m[K^~~~~~~[m[K
[8.780s] [ 91%] [32m[1mLinking CXX executable test_merging_pipeline[0m
[9.339s] [ 91%] Built target test_merging_pipeline
[14.998s] [100%] [32m[1mLinking CXX executable map_merge[0m
[15.915s] [100%] Built target map_merge
[15.928s] Invoked command in '/home/anish/ps1_ws/src/build/multirobot_map_merge' returned '0': CMAKE_PREFIX_PATH=${CMAKE_PREFIX_PATH}:/opt/ros/humble /usr/bin/cmake --build /home/anish/ps1_ws/src/build/multirobot_map_merge -- -j16 -l16
[15.929s] Invoking command in '/home/anish/ps1_ws/src/build/multirobot_map_merge': CMAKE_PREFIX_PATH=${CMAKE_PREFIX_PATH}:/opt/ros/humble /usr/bin/cmake --install /home/anish/ps1_ws/src/build/multirobot_map_merge
[15.935s] -- Install configuration: ""
[15.936s] -- Installing: /home/anish/ps1_ws/src/install/multirobot_map_merge/include/map_merge/
[15.936s] -- Installing: /home/anish/ps1_ws/src/install/multirobot_map_merge/include/map_merge//map_merge.h
[15.936s] -- Installing: /home/anish/ps1_ws/src/install/multirobot_map_merge/include/map_merge//ros1_names.hpp
[15.936s] -- Installing: /home/anish/ps1_ws/src/install/multirobot_map_merge/share/multirobot_map_merge/launch
[15.936s] -- Installing: /home/anish/ps1_ws/src/install/multirobot_map_merge/share/multirobot_map_merge/launch/tb3_simulation
[15.936s] -- Installing: /home/anish/ps1_ws/src/install/multirobot_map_merge/share/multirobot_map_merge/launch/tb3_simulation/config
[15.936s] -- Installing: /home/anish/ps1_ws/src/install/multirobot_map_merge/share/multirobot_map_merge/launch/tb3_simulation/config/nav2_multirobot_params_2.yaml
[15.936s] -- Installing: /home/anish/ps1_ws/src/install/multirobot_map_merge/share/multirobot_map_merge/launch/tb3_simulation/config/nav2_multirobot_params_1.yaml
[15.936s] -- Installing: /home/anish/ps1_ws/src/install/multirobot_map_merge/share/multirobot_map_merge/launch/tb3_simulation/worlds
[15.936s] -- Installing: /home/anish/ps1_ws/src/install/multirobot_map_merge/share/multirobot_map_merge/launch/tb3_simulation/worlds/world_only.model
[15.937s] -- Installing: /home/anish/ps1_ws/src/install/multirobot_map_merge/share/multirobot_map_merge/launch/tb3_simulation/slam_toolbox.py
[15.937s] -- Installing: /home/anish/ps1_ws/src/install/multirobot_map_merge/share/multirobot_map_merge/launch/tb3_simulation/tb3_simulation_launch.py
[15.937s] -- Installing: /home/anish/ps1_ws/src/install/multirobot_map_merge/share/multirobot_map_merge/launch/tb3_simulation/bringup_launch.py
[15.937s] -- Installing: /home/anish/ps1_ws/src/install/multirobot_map_merge/share/multirobot_map_merge/launch/tb3_simulation/multi_tb3_simulation_launch.py
[15.937s] -- Installing: /home/anish/ps1_ws/src/install/multirobot_map_merge/share/multirobot_map_merge/launch/map_merge.launch.py
[15.937s] -- Installing: /home/anish/ps1_ws/src/install/multirobot_map_merge/share/multirobot_map_merge/launch/from_map_server.launch.py
[15.937s] -- Installing: /home/anish/ps1_ws/src/install/multirobot_map_merge/share/multirobot_map_merge/launch/map_merge.rviz
[15.937s] -- Installing: /home/anish/ps1_ws/src/install/multirobot_map_merge/share/multirobot_map_merge/config
[15.937s] -- Installing: /home/anish/ps1_ws/src/install/multirobot_map_merge/share/multirobot_map_merge/config/params.yaml
[15.937s] -- Installing: /home/anish/ps1_ws/src/install/multirobot_map_merge/lib/libcombine_grids.a
[15.938s] -- Installing: /home/anish/ps1_ws/src/install/multirobot_map_merge/lib/multirobot_map_merge/map_merge
[15.943s] -- Set runtime path of "/home/anish/ps1_ws/src/install/multirobot_map_merge/lib/multirobot_map_merge/map_merge" to ""
[15.943s] -- Installing: /home/anish/ps1_ws/src/install/multirobot_map_merge/share/multirobot_map_merge/environment/library_path.sh
[15.943s] -- Installing: /home/anish/ps1_ws/src/install/multirobot_map_merge/share/multirobot_map_merge/environment/library_path.dsv
[15.943s] -- Installing: /home/anish/ps1_ws/src/install/multirobot_map_merge/share/ament_index/resource_index/package_run_dependencies/multirobot_map_merge
[15.943s] -- Installing: /home/anish/ps1_ws/src/install/multirobot_map_merge/share/ament_index/resource_index/parent_prefix_path/multirobot_map_merge
[15.943s] -- Installing: /home/anish/ps1_ws/src/install/multirobot_map_merge/share/multirobot_map_merge/environment/ament_prefix_path.sh
[15.943s] -- Installing: /home/anish/ps1_ws/src/install/multirobot_map_merge/share/multirobot_map_merge/environment/ament_prefix_path.dsv
[15.943s] -- Installing: /home/anish/ps1_ws/src/install/multirobot_map_merge/share/multirobot_map_merge/environment/path.sh
[15.944s] -- Installing: /home/anish/ps1_ws/src/install/multirobot_map_merge/share/multirobot_map_merge/environment/path.dsv
[15.944s] -- Installing: /home/anish/ps1_ws/src/install/multirobot_map_merge/share/multirobot_map_merge/local_setup.bash
[15.944s] -- Installing: /home/anish/ps1_ws/src/install/multirobot_map_merge/share/multirobot_map_merge/local_setup.sh
[15.944s] -- Installing: /home/anish/ps1_ws/src/install/multirobot_map_merge/share/multirobot_map_merge/local_setup.zsh
[15.944s] -- Installing: /home/anish/ps1_ws/src/install/multirobot_map_merge/share/multirobot_map_merge/local_setup.dsv
[15.944s] -- Installing: /home/anish/ps1_ws/src/install/multirobot_map_merge/share/multirobot_map_merge/package.dsv
[15.944s] -- Installing: /home/anish/ps1_ws/src/install/multirobot_map_merge/share/ament_index/resource_index/packages/multirobot_map_merge
[15.944s] -- Installing: /home/anish/ps1_ws/src/install/multirobot_map_merge/share/multirobot_map_merge/cmake/ament_cmake_export_include_directories-extras.cmake
[15.944s] -- Installing: /home/anish/ps1_ws/src/install/multirobot_map_merge/share/multirobot_map_merge/cmake/ament_cmake_export_libraries-extras.cmake
[15.944s] -- Installing: /home/anish/ps1_ws/src/install/multirobot_map_merge/share/multirobot_map_merge/cmake/multirobot_map_mergeConfig.cmake
[15.945s] -- Installing: /home/anish/ps1_ws/src/install/multirobot_map_merge/share/multirobot_map_merge/cmake/multirobot_map_mergeConfig-version.cmake
[15.945s] -- Installing: /home/anish/ps1_ws/src/install/multirobot_map_merge/share/multirobot_map_merge/package.xml
[15.947s] Invoked command in '/home/anish/ps1_ws/src/build/multirobot_map_merge' returned '0': CMAKE_PREFIX_PATH=${CMAKE_PREFIX_PATH}:/opt/ros/humble /usr/bin/cmake --install /home/anish/ps1_ws/src/build/multirobot_map_merge
