/home/anish/ps1_ws/src/install/turtlebot3_autonomous_exploration/lib/python3.10/site-packages/turtlebot3_autonomous_exploration/autonomous_explorer.py
/home/anish/ps1_ws/src/install/turtlebot3_autonomous_exploration/lib/python3.10/site-packages/turtlebot3_autonomous_exploration/__init__.py
/home/anish/ps1_ws/src/install/turtlebot3_autonomous_exploration/lib/python3.10/site-packages/turtlebot3_autonomous_exploration/exploration_recovery.py
/home/anish/ps1_ws/src/install/turtlebot3_autonomous_exploration/lib/python3.10/site-packages/turtlebot3_autonomous_exploration/exploration_supervisor.py
/home/anish/ps1_ws/src/install/turtlebot3_autonomous_exploration/lib/python3.10/site-packages/turtlebot3_autonomous_exploration/exploration_controller.py
/home/anish/ps1_ws/src/install/turtlebot3_autonomous_exploration/lib/python3.10/site-packages/turtlebot3_autonomous_exploration/frontier_detector.py
/home/anish/ps1_ws/src/install/turtlebot3_autonomous_exploration/lib/python3.10/site-packages/turtlebot3_autonomous_exploration/__pycache__/autonomous_explorer.cpython-310.pyc
/home/anish/ps1_ws/src/install/turtlebot3_autonomous_exploration/lib/python3.10/site-packages/turtlebot3_autonomous_exploration/__pycache__/__init__.cpython-310.pyc
/home/anish/ps1_ws/src/install/turtlebot3_autonomous_exploration/lib/python3.10/site-packages/turtlebot3_autonomous_exploration/__pycache__/exploration_recovery.cpython-310.pyc
/home/anish/ps1_ws/src/install/turtlebot3_autonomous_exploration/lib/python3.10/site-packages/turtlebot3_autonomous_exploration/__pycache__/exploration_supervisor.cpython-310.pyc
/home/anish/ps1_ws/src/install/turtlebot3_autonomous_exploration/lib/python3.10/site-packages/turtlebot3_autonomous_exploration/__pycache__/exploration_controller.cpython-310.pyc
/home/anish/ps1_ws/src/install/turtlebot3_autonomous_exploration/lib/python3.10/site-packages/turtlebot3_autonomous_exploration/__pycache__/frontier_detector.cpython-310.pyc
/home/anish/ps1_ws/src/install/turtlebot3_autonomous_exploration/share/ament_index/resource_index/packages/turtlebot3_autonomous_exploration
/home/anish/ps1_ws/src/install/turtlebot3_autonomous_exploration/share/turtlebot3_autonomous_exploration/package.xml
/home/anish/ps1_ws/src/install/turtlebot3_autonomous_exploration/share/turtlebot3_autonomous_exploration/launch/autonomous_exploration.launch.py
/home/anish/ps1_ws/src/install/turtlebot3_autonomous_exploration/share/turtlebot3_autonomous_exploration/config/exploration_params.yaml
/home/anish/ps1_ws/src/install/turtlebot3_autonomous_exploration/share/turtlebot3_autonomous_exploration/rviz/autonomous_exploration.rviz
/home/anish/ps1_ws/src/install/turtlebot3_autonomous_exploration/lib/python3.10/site-packages/turtlebot3_autonomous_exploration-1.0.0-py3.10.egg-info/SOURCES.txt
/home/anish/ps1_ws/src/install/turtlebot3_autonomous_exploration/lib/python3.10/site-packages/turtlebot3_autonomous_exploration-1.0.0-py3.10.egg-info/zip-safe
/home/anish/ps1_ws/src/install/turtlebot3_autonomous_exploration/lib/python3.10/site-packages/turtlebot3_autonomous_exploration-1.0.0-py3.10.egg-info/requires.txt
/home/anish/ps1_ws/src/install/turtlebot3_autonomous_exploration/lib/python3.10/site-packages/turtlebot3_autonomous_exploration-1.0.0-py3.10.egg-info/PKG-INFO
/home/anish/ps1_ws/src/install/turtlebot3_autonomous_exploration/lib/python3.10/site-packages/turtlebot3_autonomous_exploration-1.0.0-py3.10.egg-info/dependency_links.txt
/home/anish/ps1_ws/src/install/turtlebot3_autonomous_exploration/lib/python3.10/site-packages/turtlebot3_autonomous_exploration-1.0.0-py3.10.egg-info/top_level.txt
/home/anish/ps1_ws/src/install/turtlebot3_autonomous_exploration/lib/python3.10/site-packages/turtlebot3_autonomous_exploration-1.0.0-py3.10.egg-info/entry_points.txt
/home/anish/ps1_ws/src/install/turtlebot3_autonomous_exploration/lib/turtlebot3_autonomous_exploration/autonomous_explorer
/home/anish/ps1_ws/src/install/turtlebot3_autonomous_exploration/lib/turtlebot3_autonomous_exploration/exploration_controller
/home/anish/ps1_ws/src/install/turtlebot3_autonomous_exploration/lib/turtlebot3_autonomous_exploration/exploration_recovery
/home/anish/ps1_ws/src/install/turtlebot3_autonomous_exploration/lib/turtlebot3_autonomous_exploration/exploration_supervisor
/home/anish/ps1_ws/src/install/turtlebot3_autonomous_exploration/lib/turtlebot3_autonomous_exploration/frontier_detector
