[0.080s] Invoking command in '/home/anish/ps1_ws/src/build/turtlebot3_description': CMAKE_PREFIX_PATH=${CMAKE_PREFIX_PATH}:/opt/ros/humble /usr/bin/cmake /home/anish/ps1_ws/src/turtlebot3/turtlebot3_description -DCMAKE_INSTALL_PREFIX=/home/anish/ps1_ws/src/install/turtlebot3_description
[0.733s] -- The C compiler identification is GNU 11.4.0
[0.734s] -- The CXX compiler identification is GNU 11.4.0
[0.734s] -- Detecting C compiler ABI info
[0.734s] -- Detecting C compiler ABI info - done
[0.734s] -- Check for working C compiler: /usr/bin/cc - skipped
[0.734s] -- Detecting C compile features
[0.734s] -- Detecting C compile features - done
[0.734s] -- Detecting CXX compiler ABI info
[0.734s] -- Detecting CXX compiler ABI info - done
[0.734s] -- Check for working CXX compiler: /usr/bin/c++ - skipped
[0.734s] -- Detecting CXX compile features
[0.734s] -- Detecting CXX compile features - done
[0.734s] -- Found ament_cmake: 1.3.11 (/opt/ros/humble/share/ament_cmake/cmake)
[0.734s] -- Found Python3: /usr/bin/python3 (found version "3.10.12") found components: Interpreter 
[0.923s] -- Found urdf: 2.6.1 (/opt/ros/humble/share/urdf/cmake)
[1.167s] -- Configuring done
[1.174s] -- Generating done
[1.175s] -- Build files have been written to: /home/anish/ps1_ws/src/build/turtlebot3_description
[1.236s] Invoked command in '/home/anish/ps1_ws/src/build/turtlebot3_description' returned '0': CMAKE_PREFIX_PATH=${CMAKE_PREFIX_PATH}:/opt/ros/humble /usr/bin/cmake /home/anish/ps1_ws/src/turtlebot3/turtlebot3_description -DCMAKE_INSTALL_PREFIX=/home/anish/ps1_ws/src/install/turtlebot3_description
[1.237s] Invoking command in '/home/anish/ps1_ws/src/build/turtlebot3_description': CMAKE_PREFIX_PATH=${CMAKE_PREFIX_PATH}:/opt/ros/humble /usr/bin/cmake --build /home/anish/ps1_ws/src/build/turtlebot3_description -- -j16 -l16
[1.309s] Invoked command in '/home/anish/ps1_ws/src/build/turtlebot3_description' returned '0': CMAKE_PREFIX_PATH=${CMAKE_PREFIX_PATH}:/opt/ros/humble /usr/bin/cmake --build /home/anish/ps1_ws/src/build/turtlebot3_description -- -j16 -l16
[1.312s] Invoking command in '/home/anish/ps1_ws/src/build/turtlebot3_description': CMAKE_PREFIX_PATH=${CMAKE_PREFIX_PATH}:/opt/ros/humble /usr/bin/cmake --install /home/anish/ps1_ws/src/build/turtlebot3_description
[1.326s] -- Install configuration: ""
[1.326s] -- Installing: /home/anish/ps1_ws/src/install/turtlebot3_description/share/turtlebot3_description/meshes
[1.326s] -- Installing: /home/anish/ps1_ws/src/install/turtlebot3_description/share/turtlebot3_description/meshes/sensors
[1.326s] -- Installing: /home/anish/ps1_ws/src/install/turtlebot3_description/share/turtlebot3_description/meshes/sensors/r200.jpg
[1.326s] -- Installing: /home/anish/ps1_ws/src/install/turtlebot3_description/share/turtlebot3_description/meshes/sensors/astra.jpg
[1.327s] -- Installing: /home/anish/ps1_ws/src/install/turtlebot3_description/share/turtlebot3_description/meshes/sensors/r200.dae
[1.327s] -- Installing: /home/anish/ps1_ws/src/install/turtlebot3_description/share/turtlebot3_description/meshes/sensors/astra.dae
[1.342s] -- Installing: /home/anish/ps1_ws/src/install/turtlebot3_description/share/turtlebot3_description/meshes/sensors/lds.stl
[1.344s] -- Installing: /home/anish/ps1_ws/src/install/turtlebot3_description/share/turtlebot3_description/meshes/bases
[1.344s] -- Installing: /home/anish/ps1_ws/src/install/turtlebot3_description/share/turtlebot3_description/meshes/bases/burger_base.stl
[1.353s] -- Installing: /home/anish/ps1_ws/src/install/turtlebot3_description/share/turtlebot3_description/meshes/bases/waffle_base.stl
[1.379s] -- Installing: /home/anish/ps1_ws/src/install/turtlebot3_description/share/turtlebot3_description/meshes/bases/waffle_pi_base.stl
[1.396s] -- Installing: /home/anish/ps1_ws/src/install/turtlebot3_description/share/turtlebot3_description/meshes/wheels
[1.396s] -- Installing: /home/anish/ps1_ws/src/install/turtlebot3_description/share/turtlebot3_description/meshes/wheels/right_tire.stl
[1.396s] -- Installing: /home/anish/ps1_ws/src/install/turtlebot3_description/share/turtlebot3_description/meshes/wheels/left_tire.stl
[1.397s] -- Installing: /home/anish/ps1_ws/src/install/turtlebot3_description/share/turtlebot3_description/rviz
[1.397s] -- Installing: /home/anish/ps1_ws/src/install/turtlebot3_description/share/turtlebot3_description/rviz/model.rviz
[1.397s] -- Installing: /home/anish/ps1_ws/src/install/turtlebot3_description/share/turtlebot3_description/urdf
[1.397s] -- Installing: /home/anish/ps1_ws/src/install/turtlebot3_description/share/turtlebot3_description/urdf/common_properties.urdf
[1.397s] -- Installing: /home/anish/ps1_ws/src/install/turtlebot3_description/share/turtlebot3_description/urdf/turtlebot3_burger.urdf
[1.397s] -- Installing: /home/anish/ps1_ws/src/install/turtlebot3_description/share/turtlebot3_description/urdf/turtlebot3_waffle.urdf
[1.397s] -- Installing: /home/anish/ps1_ws/src/install/turtlebot3_description/share/turtlebot3_description/urdf/turtlebot3_waffle_pi.urdf
[1.398s] -- Installing: /home/anish/ps1_ws/src/install/turtlebot3_description/share/ament_index/resource_index/package_run_dependencies/turtlebot3_description
[1.399s] -- Installing: /home/anish/ps1_ws/src/install/turtlebot3_description/share/ament_index/resource_index/parent_prefix_path/turtlebot3_description
[1.400s] -- Installing: /home/anish/ps1_ws/src/install/turtlebot3_description/share/turtlebot3_description/environment/ament_prefix_path.sh
[1.401s] -- Installing: /home/anish/ps1_ws/src/install/turtlebot3_description/share/turtlebot3_description/environment/ament_prefix_path.dsv
[1.401s] -- Installing: /home/anish/ps1_ws/src/install/turtlebot3_description/share/turtlebot3_description/environment/path.sh
[1.401s] -- Installing: /home/anish/ps1_ws/src/install/turtlebot3_description/share/turtlebot3_description/environment/path.dsv
[1.401s] -- Installing: /home/anish/ps1_ws/src/install/turtlebot3_description/share/turtlebot3_description/local_setup.bash
[1.401s] -- Installing: /home/anish/ps1_ws/src/install/turtlebot3_description/share/turtlebot3_description/local_setup.sh
[1.401s] -- Installing: /home/anish/ps1_ws/src/install/turtlebot3_description/share/turtlebot3_description/local_setup.zsh
[1.401s] -- Installing: /home/anish/ps1_ws/src/install/turtlebot3_description/share/turtlebot3_description/local_setup.dsv
[1.401s] -- Installing: /home/anish/ps1_ws/src/install/turtlebot3_description/share/turtlebot3_description/package.dsv
[1.401s] -- Installing: /home/anish/ps1_ws/src/install/turtlebot3_description/share/ament_index/resource_index/packages/turtlebot3_description
[1.401s] -- Installing: /home/anish/ps1_ws/src/install/turtlebot3_description/share/turtlebot3_description/cmake/turtlebot3_descriptionConfig.cmake
[1.402s] -- Installing: /home/anish/ps1_ws/src/install/turtlebot3_description/share/turtlebot3_description/cmake/turtlebot3_descriptionConfig-version.cmake
[1.402s] -- Installing: /home/anish/ps1_ws/src/install/turtlebot3_description/share/turtlebot3_description/package.xml
[1.408s] Invoked command in '/home/anish/ps1_ws/src/build/turtlebot3_description' returned '0': CMAKE_PREFIX_PATH=${CMAKE_PREFIX_PATH}:/opt/ros/humble /usr/bin/cmake --install /home/anish/ps1_ws/src/build/turtlebot3_description
