running egg_info
writing ../build/turtlebot3_autonomous_exploration/turtlebot3_autonomous_exploration.egg-info/PKG-INFO
writing dependency_links to ../build/turtlebot3_autonomous_exploration/turtlebot3_autonomous_exploration.egg-info/dependency_links.txt
writing entry points to ../build/turtlebot3_autonomous_exploration/turtlebot3_autonomous_exploration.egg-info/entry_points.txt
writing requirements to ../build/turtlebot3_autonomous_exploration/turtlebot3_autonomous_exploration.egg-info/requires.txt
writing top-level names to ../build/turtlebot3_autonomous_exploration/turtlebot3_autonomous_exploration.egg-info/top_level.txt
reading manifest file '../build/turtlebot3_autonomous_exploration/turtlebot3_autonomous_exploration.egg-info/SOURCES.txt'
writing manifest file '../build/turtlebot3_autonomous_exploration/turtlebot3_autonomous_exploration.egg-info/SOURCES.txt'
running build
running build_py
running install
running install_lib
running install_data
running install_egg_info
removing '/home/anish/ps1_ws/src/install/turtlebot3_autonomous_exploration/lib/python3.10/site-packages/turtlebot3_autonomous_exploration-1.0.0-py3.10.egg-info' (and everything under it)
Copying ../build/turtlebot3_autonomous_exploration/turtlebot3_autonomous_exploration.egg-info to /home/anish/ps1_ws/src/install/turtlebot3_autonomous_exploration/lib/python3.10/site-packages/turtlebot3_autonomous_exploration-1.0.0-py3.10.egg-info
running install_scripts
Installing autonomous_explorer script to /home/anish/ps1_ws/src/install/turtlebot3_autonomous_exploration/lib/turtlebot3_autonomous_exploration
Installing exploration_controller script to /home/anish/ps1_ws/src/install/turtlebot3_autonomous_exploration/lib/turtlebot3_autonomous_exploration
Installing exploration_recovery script to /home/anish/ps1_ws/src/install/turtlebot3_autonomous_exploration/lib/turtlebot3_autonomous_exploration
Installing exploration_supervisor script to /home/anish/ps1_ws/src/install/turtlebot3_autonomous_exploration/lib/turtlebot3_autonomous_exploration
Installing frontier_detector script to /home/anish/ps1_ws/src/install/turtlebot3_autonomous_exploration/lib/turtlebot3_autonomous_exploration
writing list of installed files to '/home/anish/ps1_ws/src/build/turtlebot3_autonomous_exploration/install.log'
