[0.695s] Invoking command in '/home/anish/ps1_ws/src/turtlebot3_autonomous_exploration': AMENT_PREFIX_PATH=/home/anish/ps1_ws/src/install/turtlebot3_navigation2:/home/anish/ps1_ws/src/install/turtlebot3_gazebo:/home/anish/ps1_ws/src/install/turtlebot3_cartographer:${AMENT_PREFIX_PATH} CMAKE_PREFIX_PATH=/home/anish/ps1_ws/src/install/turtlebot3_navigation2:/home/anish/ps1_ws/src/install/turtlebot3_gazebo:/home/anish/ps1_ws/src/install/turtlebot3_cartographer:${CMAKE_PREFIX_PATH} PYTHONPATH=/home/anish/ps1_ws/src/build/turtlebot3_autonomous_exploration/prefix_override:/usr/lib/python3/dist-packages/colcon_core/task/python/colcon_distutils_commands:/home/anish/ps1_ws/src/install/turtlebot3_autonomous_exploration/lib/python3.10/site-packages:${PYTHONPATH} /usr/bin/python3 -W ignore:setup.py install is deprecated -W ignore:easy_install command is deprecated setup.py egg_info --egg-base ../build/turtlebot3_autonomous_exploration build --build-base /home/anish/ps1_ws/src/build/turtlebot3_autonomous_exploration/build install --record /home/anish/ps1_ws/src/build/turtlebot3_autonomous_exploration/install.log --single-version-externally-managed install_data
[0.910s] running egg_info
[0.911s] writing ../build/turtlebot3_autonomous_exploration/turtlebot3_autonomous_exploration.egg-info/PKG-INFO
[0.911s] writing dependency_links to ../build/turtlebot3_autonomous_exploration/turtlebot3_autonomous_exploration.egg-info/dependency_links.txt
[0.912s] writing entry points to ../build/turtlebot3_autonomous_exploration/turtlebot3_autonomous_exploration.egg-info/entry_points.txt
[0.912s] writing requirements to ../build/turtlebot3_autonomous_exploration/turtlebot3_autonomous_exploration.egg-info/requires.txt
[0.912s] writing top-level names to ../build/turtlebot3_autonomous_exploration/turtlebot3_autonomous_exploration.egg-info/top_level.txt
[0.913s] reading manifest file '../build/turtlebot3_autonomous_exploration/turtlebot3_autonomous_exploration.egg-info/SOURCES.txt'
[0.914s] writing manifest file '../build/turtlebot3_autonomous_exploration/turtlebot3_autonomous_exploration.egg-info/SOURCES.txt'
[0.914s] running build
[0.915s] running build_py
[0.915s] running install
[0.915s] running install_lib
[0.916s] running install_data
[0.916s] running install_egg_info
[0.918s] removing '/home/anish/ps1_ws/src/install/turtlebot3_autonomous_exploration/lib/python3.10/site-packages/turtlebot3_autonomous_exploration-1.0.0-py3.10.egg-info' (and everything under it)
[0.918s] Copying ../build/turtlebot3_autonomous_exploration/turtlebot3_autonomous_exploration.egg-info to /home/anish/ps1_ws/src/install/turtlebot3_autonomous_exploration/lib/python3.10/site-packages/turtlebot3_autonomous_exploration-1.0.0-py3.10.egg-info
[0.919s] running install_scripts
[0.939s] Installing autonomous_explorer script to /home/anish/ps1_ws/src/install/turtlebot3_autonomous_exploration/lib/turtlebot3_autonomous_exploration
[0.939s] Installing exploration_controller script to /home/anish/ps1_ws/src/install/turtlebot3_autonomous_exploration/lib/turtlebot3_autonomous_exploration
[0.939s] Installing exploration_recovery script to /home/anish/ps1_ws/src/install/turtlebot3_autonomous_exploration/lib/turtlebot3_autonomous_exploration
[0.939s] Installing exploration_supervisor script to /home/anish/ps1_ws/src/install/turtlebot3_autonomous_exploration/lib/turtlebot3_autonomous_exploration
[0.939s] Installing frontier_detector script to /home/anish/ps1_ws/src/install/turtlebot3_autonomous_exploration/lib/turtlebot3_autonomous_exploration
[0.940s] writing list of installed files to '/home/anish/ps1_ws/src/build/turtlebot3_autonomous_exploration/install.log'
[0.983s] Invoked command in '/home/anish/ps1_ws/src/turtlebot3_autonomous_exploration' returned '0': AMENT_PREFIX_PATH=/home/anish/ps1_ws/src/install/turtlebot3_navigation2:/home/anish/ps1_ws/src/install/turtlebot3_gazebo:/home/anish/ps1_ws/src/install/turtlebot3_cartographer:${AMENT_PREFIX_PATH} CMAKE_PREFIX_PATH=/home/anish/ps1_ws/src/install/turtlebot3_navigation2:/home/anish/ps1_ws/src/install/turtlebot3_gazebo:/home/anish/ps1_ws/src/install/turtlebot3_cartographer:${CMAKE_PREFIX_PATH} PYTHONPATH=/home/anish/ps1_ws/src/build/turtlebot3_autonomous_exploration/prefix_override:/usr/lib/python3/dist-packages/colcon_core/task/python/colcon_distutils_commands:/home/anish/ps1_ws/src/install/turtlebot3_autonomous_exploration/lib/python3.10/site-packages:${PYTHONPATH} /usr/bin/python3 -W ignore:setup.py install is deprecated -W ignore:easy_install command is deprecated setup.py egg_info --egg-base ../build/turtlebot3_autonomous_exploration build --build-base /home/anish/ps1_ws/src/build/turtlebot3_autonomous_exploration/build install --record /home/anish/ps1_ws/src/build/turtlebot3_autonomous_exploration/install.log --single-version-externally-managed install_data
