[0.064s] Invoking command in '/home/anish/ps1_ws/src/build/turtlebot3_bringup': AMENT_PREFIX_PATH=/home/anish/ps1_ws/src/install/turtlebot3_node:/home/anish/ps1_ws/src/install/turtlebot3_description:${AMENT_PREFIX_PATH} CMAKE_PREFIX_PATH=/home/anish/ps1_ws/src/install/turtlebot3_node:/home/anish/ps1_ws/src/install/turtlebot3_description:/home/anish/panda_ws/install/moveit_resources:/home/anish/panda_ws/install/panda_moveit_config:/home/anish/panda_ws/install/panda_description:/home/anish/panda_ws/install/moveit_resources_pr2_description:/home/anish/panda_ws/install/moveit_resources_gazebo:/home/anish/panda_ws/install/moveit_resources_fanuc_moveit_config:/home/anish/panda_ws/install/moveit_resources_fanuc_description:/home/anish/Downloads/mycobot_ros2/install/rviz_marker_tools:/home/anish/Downloads/mycobot_ros2/install/mycobot_ros2:/home/anish/Downloads/mycobot_ros2/install/mycobot_system_tests:/home/anish/Downloads/mycobot_ros2/install/mycobot_moveit_demos:/home/anish/Downloads/mycobot_ros2/install/mycobot_moveit_config:/home/anish/Downloads/mycobot_ros2/install/mycobot_interfaces:/home/anish/Downloads/mycobot_ros2/install/mycobot_gazebo:/home/anish/Downloads/mycobot_ros2/install/mycobot_description:/home/anish/Downloads/mycobot_ros2/install/mycobot_bringup:/home/anish/Downloads/mycobot_ros2/install/moveit_task_constructor_msgs:/opt/ros/humble /usr/bin/cmake --build /home/anish/ps1_ws/src/build/turtlebot3_bringup -- -j16 -l16
[0.354s] Invoked command in '/home/anish/ps1_ws/src/build/turtlebot3_bringup' returned '0': AMENT_PREFIX_PATH=/home/anish/ps1_ws/src/install/turtlebot3_node:/home/anish/ps1_ws/src/install/turtlebot3_description:${AMENT_PREFIX_PATH} CMAKE_PREFIX_PATH=/home/anish/ps1_ws/src/install/turtlebot3_node:/home/anish/ps1_ws/src/install/turtlebot3_description:/home/anish/panda_ws/install/moveit_resources:/home/anish/panda_ws/install/panda_moveit_config:/home/anish/panda_ws/install/panda_description:/home/anish/panda_ws/install/moveit_resources_pr2_description:/home/anish/panda_ws/install/moveit_resources_gazebo:/home/anish/panda_ws/install/moveit_resources_fanuc_moveit_config:/home/anish/panda_ws/install/moveit_resources_fanuc_description:/home/anish/Downloads/mycobot_ros2/install/rviz_marker_tools:/home/anish/Downloads/mycobot_ros2/install/mycobot_ros2:/home/anish/Downloads/mycobot_ros2/install/mycobot_system_tests:/home/anish/Downloads/mycobot_ros2/install/mycobot_moveit_demos:/home/anish/Downloads/mycobot_ros2/install/mycobot_moveit_config:/home/anish/Downloads/mycobot_ros2/install/mycobot_interfaces:/home/anish/Downloads/mycobot_ros2/install/mycobot_gazebo:/home/anish/Downloads/mycobot_ros2/install/mycobot_description:/home/anish/Downloads/mycobot_ros2/install/mycobot_bringup:/home/anish/Downloads/mycobot_ros2/install/moveit_task_constructor_msgs:/opt/ros/humble /usr/bin/cmake --build /home/anish/ps1_ws/src/build/turtlebot3_bringup -- -j16 -l16
[0.356s] Invoking command in '/home/anish/ps1_ws/src/build/turtlebot3_bringup': AMENT_PREFIX_PATH=/home/anish/ps1_ws/src/install/turtlebot3_node:/home/anish/ps1_ws/src/install/turtlebot3_description:${AMENT_PREFIX_PATH} CMAKE_PREFIX_PATH=/home/anish/ps1_ws/src/install/turtlebot3_node:/home/anish/ps1_ws/src/install/turtlebot3_description:/home/anish/panda_ws/install/moveit_resources:/home/anish/panda_ws/install/panda_moveit_config:/home/anish/panda_ws/install/panda_description:/home/anish/panda_ws/install/moveit_resources_pr2_description:/home/anish/panda_ws/install/moveit_resources_gazebo:/home/anish/panda_ws/install/moveit_resources_fanuc_moveit_config:/home/anish/panda_ws/install/moveit_resources_fanuc_description:/home/anish/Downloads/mycobot_ros2/install/rviz_marker_tools:/home/anish/Downloads/mycobot_ros2/install/mycobot_ros2:/home/anish/Downloads/mycobot_ros2/install/mycobot_system_tests:/home/anish/Downloads/mycobot_ros2/install/mycobot_moveit_demos:/home/anish/Downloads/mycobot_ros2/install/mycobot_moveit_config:/home/anish/Downloads/mycobot_ros2/install/mycobot_interfaces:/home/anish/Downloads/mycobot_ros2/install/mycobot_gazebo:/home/anish/Downloads/mycobot_ros2/install/mycobot_description:/home/anish/Downloads/mycobot_ros2/install/mycobot_bringup:/home/anish/Downloads/mycobot_ros2/install/moveit_task_constructor_msgs:/opt/ros/humble /usr/bin/cmake --install /home/anish/ps1_ws/src/build/turtlebot3_bringup
[0.366s] -- Install configuration: ""
[0.366s] -- Up-to-date: /home/anish/ps1_ws/src/install/turtlebot3_bringup/share/turtlebot3_bringup/launch
[0.366s] -- Up-to-date: /home/anish/ps1_ws/src/install/turtlebot3_bringup/share/turtlebot3_bringup/launch/camera.launch.py
[0.367s] -- Up-to-date: /home/anish/ps1_ws/src/install/turtlebot3_bringup/share/turtlebot3_bringup/launch/robot.launch.py
[0.367s] -- Up-to-date: /home/anish/ps1_ws/src/install/turtlebot3_bringup/share/turtlebot3_bringup/launch/turtlebot3_state_publisher.launch.py
[0.367s] -- Up-to-date: /home/anish/ps1_ws/src/install/turtlebot3_bringup/share/turtlebot3_bringup/launch/rviz2.launch.py
[0.367s] -- Up-to-date: /home/anish/ps1_ws/src/install/turtlebot3_bringup/share/turtlebot3_bringup/param
[0.367s] -- Up-to-date: /home/anish/ps1_ws/src/install/turtlebot3_bringup/share/turtlebot3_bringup/param/waffle_pi.yaml
[0.367s] -- Up-to-date: /home/anish/ps1_ws/src/install/turtlebot3_bringup/share/turtlebot3_bringup/param/humble
[0.367s] -- Up-to-date: /home/anish/ps1_ws/src/install/turtlebot3_bringup/share/turtlebot3_bringup/param/humble/waffle_pi.yaml
[0.367s] -- Up-to-date: /home/anish/ps1_ws/src/install/turtlebot3_bringup/share/turtlebot3_bringup/param/humble/burger.yaml
[0.367s] -- Up-to-date: /home/anish/ps1_ws/src/install/turtlebot3_bringup/share/turtlebot3_bringup/param/humble/waffle.yaml
[0.367s] -- Up-to-date: /home/anish/ps1_ws/src/install/turtlebot3_bringup/share/turtlebot3_bringup/param/burger.yaml
[0.367s] -- Up-to-date: /home/anish/ps1_ws/src/install/turtlebot3_bringup/share/turtlebot3_bringup/param/waffle.yaml
[0.367s] -- Up-to-date: /home/anish/ps1_ws/src/install/turtlebot3_bringup/share/turtlebot3_bringup/script
[0.367s] -- Up-to-date: /home/anish/ps1_ws/src/install/turtlebot3_bringup/share/turtlebot3_bringup/script/create_udev_rules
[0.368s] -- Up-to-date: /home/anish/ps1_ws/src/install/turtlebot3_bringup/share/turtlebot3_bringup/script/99-turtlebot3-cdc.rules
[0.368s] -- Up-to-date: /home/anish/ps1_ws/src/install/turtlebot3_bringup/share/ament_index/resource_index/package_run_dependencies/turtlebot3_bringup
[0.368s] -- Up-to-date: /home/anish/ps1_ws/src/install/turtlebot3_bringup/share/ament_index/resource_index/parent_prefix_path/turtlebot3_bringup
[0.368s] -- Up-to-date: /home/anish/ps1_ws/src/install/turtlebot3_bringup/share/turtlebot3_bringup/environment/ament_prefix_path.sh
[0.368s] -- Up-to-date: /home/anish/ps1_ws/src/install/turtlebot3_bringup/share/turtlebot3_bringup/environment/ament_prefix_path.dsv
[0.368s] -- Up-to-date: /home/anish/ps1_ws/src/install/turtlebot3_bringup/share/turtlebot3_bringup/environment/path.sh
[0.368s] -- Up-to-date: /home/anish/ps1_ws/src/install/turtlebot3_bringup/share/turtlebot3_bringup/environment/path.dsv
[0.368s] -- Up-to-date: /home/anish/ps1_ws/src/install/turtlebot3_bringup/share/turtlebot3_bringup/local_setup.bash
[0.368s] -- Up-to-date: /home/anish/ps1_ws/src/install/turtlebot3_bringup/share/turtlebot3_bringup/local_setup.sh
[0.368s] -- Up-to-date: /home/anish/ps1_ws/src/install/turtlebot3_bringup/share/turtlebot3_bringup/local_setup.zsh
[0.368s] -- Up-to-date: /home/anish/ps1_ws/src/install/turtlebot3_bringup/share/turtlebot3_bringup/local_setup.dsv
[0.368s] -- Up-to-date: /home/anish/ps1_ws/src/install/turtlebot3_bringup/share/turtlebot3_bringup/package.dsv
[0.368s] -- Up-to-date: /home/anish/ps1_ws/src/install/turtlebot3_bringup/share/ament_index/resource_index/packages/turtlebot3_bringup
[0.368s] -- Up-to-date: /home/anish/ps1_ws/src/install/turtlebot3_bringup/share/turtlebot3_bringup/cmake/turtlebot3_bringupConfig.cmake
[0.368s] -- Up-to-date: /home/anish/ps1_ws/src/install/turtlebot3_bringup/share/turtlebot3_bringup/cmake/turtlebot3_bringupConfig-version.cmake
[0.368s] -- Up-to-date: /home/anish/ps1_ws/src/install/turtlebot3_bringup/share/turtlebot3_bringup/package.xml
[0.371s] Invoked command in '/home/anish/ps1_ws/src/build/turtlebot3_bringup' returned '0': AMENT_PREFIX_PATH=/home/anish/ps1_ws/src/install/turtlebot3_node:/home/anish/ps1_ws/src/install/turtlebot3_description:${AMENT_PREFIX_PATH} CMAKE_PREFIX_PATH=/home/anish/ps1_ws/src/install/turtlebot3_node:/home/anish/ps1_ws/src/install/turtlebot3_description:/home/anish/panda_ws/install/moveit_resources:/home/anish/panda_ws/install/panda_moveit_config:/home/anish/panda_ws/install/panda_description:/home/anish/panda_ws/install/moveit_resources_pr2_description:/home/anish/panda_ws/install/moveit_resources_gazebo:/home/anish/panda_ws/install/moveit_resources_fanuc_moveit_config:/home/anish/panda_ws/install/moveit_resources_fanuc_description:/home/anish/Downloads/mycobot_ros2/install/rviz_marker_tools:/home/anish/Downloads/mycobot_ros2/install/mycobot_ros2:/home/anish/Downloads/mycobot_ros2/install/mycobot_system_tests:/home/anish/Downloads/mycobot_ros2/install/mycobot_moveit_demos:/home/anish/Downloads/mycobot_ros2/install/mycobot_moveit_config:/home/anish/Downloads/mycobot_ros2/install/mycobot_interfaces:/home/anish/Downloads/mycobot_ros2/install/mycobot_gazebo:/home/anish/Downloads/mycobot_ros2/install/mycobot_description:/home/anish/Downloads/mycobot_ros2/install/mycobot_bringup:/home/anish/Downloads/mycobot_ros2/install/moveit_task_constructor_msgs:/opt/ros/humble /usr/bin/cmake --install /home/anish/ps1_ws/src/build/turtlebot3_bringup
