[1.351s] Invoking command in '/home/anish/ps1_ws/src/turtlebot3/turtlebot3_teleop': PYTHONPATH=/home/anish/ps1_ws/src/build/turtlebot3_teleop/prefix_override:/usr/lib/python3/dist-packages/colcon_core/task/python/colcon_distutils_commands:/home/anish/ps1_ws/src/install/turtlebot3_teleop/lib/python3.10/site-packages:${PYTHONPATH} /usr/bin/python3 -W ignore:setup.py install is deprecated -W ignore:easy_install command is deprecated setup.py egg_info --egg-base ../../build/turtlebot3_teleop build --build-base /home/anish/ps1_ws/src/build/turtlebot3_teleop/build install --record /home/anish/ps1_ws/src/build/turtlebot3_teleop/install.log --single-version-externally-managed install_data
[1.637s] running egg_info
[1.638s] creating ../../build/turtlebot3_teleop/turtlebot3_teleop.egg-info
[1.638s] writing ../../build/turtlebot3_teleop/turtlebot3_teleop.egg-info/PKG-INFO
[1.638s] writing dependency_links to ../../build/turtlebot3_teleop/turtlebot3_teleop.egg-info/dependency_links.txt
[1.639s] writing entry points to ../../build/turtlebot3_teleop/turtlebot3_teleop.egg-info/entry_points.txt
[1.639s] writing requirements to ../../build/turtlebot3_teleop/turtlebot3_teleop.egg-info/requires.txt
[1.639s] writing top-level names to ../../build/turtlebot3_teleop/turtlebot3_teleop.egg-info/top_level.txt
[1.639s] writing manifest file '../../build/turtlebot3_teleop/turtlebot3_teleop.egg-info/SOURCES.txt'
[1.642s] reading manifest file '../../build/turtlebot3_teleop/turtlebot3_teleop.egg-info/SOURCES.txt'
[1.643s] writing manifest file '../../build/turtlebot3_teleop/turtlebot3_teleop.egg-info/SOURCES.txt'
[1.643s] running build
[1.643s] running build_py
[1.643s] creating /home/anish/ps1_ws/src/build/turtlebot3_teleop/build
[1.643s] creating /home/anish/ps1_ws/src/build/turtlebot3_teleop/build/lib
[1.643s] creating /home/anish/ps1_ws/src/build/turtlebot3_teleop/build/lib/turtlebot3_teleop
[1.643s] copying turtlebot3_teleop/__init__.py -> /home/anish/ps1_ws/src/build/turtlebot3_teleop/build/lib/turtlebot3_teleop
[1.643s] creating /home/anish/ps1_ws/src/build/turtlebot3_teleop/build/lib/turtlebot3_teleop/script
[1.643s] copying turtlebot3_teleop/script/__init__.py -> /home/anish/ps1_ws/src/build/turtlebot3_teleop/build/lib/turtlebot3_teleop/script
[1.643s] copying turtlebot3_teleop/script/teleop_keyboard.py -> /home/anish/ps1_ws/src/build/turtlebot3_teleop/build/lib/turtlebot3_teleop/script
[1.643s] running install
[1.644s] running install_lib
[1.644s] creating /home/anish/ps1_ws/src/install/turtlebot3_teleop/lib/python3.10/site-packages/turtlebot3_teleop
[1.645s] copying /home/anish/ps1_ws/src/build/turtlebot3_teleop/build/lib/turtlebot3_teleop/__init__.py -> /home/anish/ps1_ws/src/install/turtlebot3_teleop/lib/python3.10/site-packages/turtlebot3_teleop
[1.645s] creating /home/anish/ps1_ws/src/install/turtlebot3_teleop/lib/python3.10/site-packages/turtlebot3_teleop/script
[1.645s] copying /home/anish/ps1_ws/src/build/turtlebot3_teleop/build/lib/turtlebot3_teleop/script/__init__.py -> /home/anish/ps1_ws/src/install/turtlebot3_teleop/lib/python3.10/site-packages/turtlebot3_teleop/script
[1.645s] copying /home/anish/ps1_ws/src/build/turtlebot3_teleop/build/lib/turtlebot3_teleop/script/teleop_keyboard.py -> /home/anish/ps1_ws/src/install/turtlebot3_teleop/lib/python3.10/site-packages/turtlebot3_teleop/script
[1.646s] byte-compiling /home/anish/ps1_ws/src/install/turtlebot3_teleop/lib/python3.10/site-packages/turtlebot3_teleop/__init__.py to __init__.cpython-310.pyc
[1.646s] byte-compiling /home/anish/ps1_ws/src/install/turtlebot3_teleop/lib/python3.10/site-packages/turtlebot3_teleop/script/__init__.py to __init__.cpython-310.pyc
[1.647s] byte-compiling /home/anish/ps1_ws/src/install/turtlebot3_teleop/lib/python3.10/site-packages/turtlebot3_teleop/script/teleop_keyboard.py to teleop_keyboard.cpython-310.pyc
[1.648s] running install_data
[1.648s] creating /home/anish/ps1_ws/src/install/turtlebot3_teleop/share/ament_index
[1.648s] creating /home/anish/ps1_ws/src/install/turtlebot3_teleop/share/ament_index/resource_index
[1.648s] creating /home/anish/ps1_ws/src/install/turtlebot3_teleop/share/ament_index/resource_index/packages
[1.648s] copying resource/turtlebot3_teleop -> /home/anish/ps1_ws/src/install/turtlebot3_teleop/share/ament_index/resource_index/packages
[1.648s] copying package.xml -> /home/anish/ps1_ws/src/install/turtlebot3_teleop/share/turtlebot3_teleop
[1.649s] running install_egg_info
[1.651s] Copying ../../build/turtlebot3_teleop/turtlebot3_teleop.egg-info to /home/anish/ps1_ws/src/install/turtlebot3_teleop/lib/python3.10/site-packages/turtlebot3_teleop-2.3.1-py3.10.egg-info
[1.652s] running install_scripts
[1.678s] Installing teleop_keyboard script to /home/anish/ps1_ws/src/install/turtlebot3_teleop/lib/turtlebot3_teleop
[1.678s] writing list of installed files to '/home/anish/ps1_ws/src/build/turtlebot3_teleop/install.log'
[1.713s] Invoked command in '/home/anish/ps1_ws/src/turtlebot3/turtlebot3_teleop' returned '0': PYTHONPATH=/home/anish/ps1_ws/src/build/turtlebot3_teleop/prefix_override:/usr/lib/python3/dist-packages/colcon_core/task/python/colcon_distutils_commands:/home/anish/ps1_ws/src/install/turtlebot3_teleop/lib/python3.10/site-packages:${PYTHONPATH} /usr/bin/python3 -W ignore:setup.py install is deprecated -W ignore:easy_install command is deprecated setup.py egg_info --egg-base ../../build/turtlebot3_teleop build --build-base /home/anish/ps1_ws/src/build/turtlebot3_teleop/build install --record /home/anish/ps1_ws/src/build/turtlebot3_teleop/install.log --single-version-externally-managed install_data
