[1.144s] Invoking command in '/home/anish/ps1_ws/src/turtlebot3/turtlebot3_example': PYTHONPATH=/home/anish/ps1_ws/src/build/turtlebot3_example/prefix_override:/usr/lib/python3/dist-packages/colcon_core/task/python/colcon_distutils_commands:/home/anish/ps1_ws/src/install/turtlebot3_example/lib/python3.10/site-packages:${PYTHONPATH} /usr/bin/python3 -W ignore:setup.py install is deprecated -W ignore:easy_install command is deprecated setup.py egg_info --egg-base ../../build/turtlebot3_example build --build-base /home/anish/ps1_ws/src/build/turtlebot3_example/build install --record /home/anish/ps1_ws/src/build/turtlebot3_example/install.log --single-version-externally-managed install_data
[1.357s] running egg_info
[1.357s] writing ../../build/turtlebot3_example/turtlebot3_example.egg-info/PKG-INFO
[1.357s] writing dependency_links to ../../build/turtlebot3_example/turtlebot3_example.egg-info/dependency_links.txt
[1.357s] writing entry points to ../../build/turtlebot3_example/turtlebot3_example.egg-info/entry_points.txt
[1.358s] writing requirements to ../../build/turtlebot3_example/turtlebot3_example.egg-info/requires.txt
[1.358s] writing top-level names to ../../build/turtlebot3_example/turtlebot3_example.egg-info/top_level.txt
[1.360s] reading manifest file '../../build/turtlebot3_example/turtlebot3_example.egg-info/SOURCES.txt'
[1.361s] writing manifest file '../../build/turtlebot3_example/turtlebot3_example.egg-info/SOURCES.txt'
[1.361s] running build
[1.361s] running build_py
[1.362s] running install
[1.362s] running install_lib
[1.364s] running install_data
[1.364s] running install_egg_info
[1.366s] removing '/home/anish/ps1_ws/src/install/turtlebot3_example/lib/python3.10/site-packages/turtlebot3_example-2.3.1-py3.10.egg-info' (and everything under it)
[1.366s] Copying ../../build/turtlebot3_example/turtlebot3_example.egg-info to /home/anish/ps1_ws/src/install/turtlebot3_example/lib/python3.10/site-packages/turtlebot3_example-2.3.1-py3.10.egg-info
[1.367s] running install_scripts
[1.390s] Installing turtlebot3_absolute_move script to /home/anish/ps1_ws/src/install/turtlebot3_example/lib/turtlebot3_example
[1.391s] Installing turtlebot3_interactive_marker script to /home/anish/ps1_ws/src/install/turtlebot3_example/lib/turtlebot3_example
[1.391s] Installing turtlebot3_obstacle_detection script to /home/anish/ps1_ws/src/install/turtlebot3_example/lib/turtlebot3_example
[1.392s] Installing turtlebot3_patrol_client script to /home/anish/ps1_ws/src/install/turtlebot3_example/lib/turtlebot3_example
[1.392s] Installing turtlebot3_patrol_server script to /home/anish/ps1_ws/src/install/turtlebot3_example/lib/turtlebot3_example
[1.392s] Installing turtlebot3_relative_move script to /home/anish/ps1_ws/src/install/turtlebot3_example/lib/turtlebot3_example
[1.392s] writing list of installed files to '/home/anish/ps1_ws/src/build/turtlebot3_example/install.log'
[1.448s] Invoked command in '/home/anish/ps1_ws/src/turtlebot3/turtlebot3_example' returned '0': PYTHONPATH=/home/anish/ps1_ws/src/build/turtlebot3_example/prefix_override:/usr/lib/python3/dist-packages/colcon_core/task/python/colcon_distutils_commands:/home/anish/ps1_ws/src/install/turtlebot3_example/lib/python3.10/site-packages:${PYTHONPATH} /usr/bin/python3 -W ignore:setup.py install is deprecated -W ignore:easy_install command is deprecated setup.py egg_info --egg-base ../../build/turtlebot3_example build --build-base /home/anish/ps1_ws/src/build/turtlebot3_example/build install --record /home/anish/ps1_ws/src/build/turtlebot3_example/install.log --single-version-externally-managed install_data
