[0.562s] Invoking command in '/home/anish/ps1_ws/src/build/dijkstra_planner': CMAKE_PREFIX_PATH=${CMAKE_PREFIX_PATH}:/opt/ros/humble /usr/bin/cmake --build /home/anish/ps1_ws/src/build/dijkstra_planner -- -j16 -l16
[0.674s] [35m[1mConsolidate compiler generated dependencies of target dijkstra_planner[0m
[0.705s] [ 50%] [32mBuilding CXX object CMakeFiles/dijkstra_planner.dir/src/dijkstra_planner.cpp.o[0m
[5.434s] [100%] [32m[1mLinking CXX shared library libdijkstra_planner.so[0m
[5.765s] [100%] Built target dijkstra_planner
[5.780s] Invoked command in '/home/anish/ps1_ws/src/build/dijkstra_planner' returned '0': CMAKE_PREFIX_PATH=${CMAKE_PREFIX_PATH}:/opt/ros/humble /usr/bin/cmake --build /home/anish/ps1_ws/src/build/dijkstra_planner -- -j16 -l16
[5.781s] Invoking command in '/home/anish/ps1_ws/src/build/dijkstra_planner': CMAKE_PREFIX_PATH=${CMAKE_PREFIX_PATH}:/opt/ros/humble /usr/bin/cmake --install /home/anish/ps1_ws/src/build/dijkstra_planner
[5.791s] -- Install configuration: ""
[5.791s] -- Installing: /home/anish/ps1_ws/src/install/dijkstra_planner/lib/libdijkstra_planner.so
[5.792s] -- Set runtime path of "/home/anish/ps1_ws/src/install/dijkstra_planner/lib/libdijkstra_planner.so" to ""
[5.792s] -- Up-to-date: /home/anish/ps1_ws/src/install/dijkstra_planner/include/
[5.792s] -- Up-to-date: /home/anish/ps1_ws/src/install/dijkstra_planner/include//dijkstra_planner
[5.792s] -- Up-to-date: /home/anish/ps1_ws/src/install/dijkstra_planner/include//dijkstra_planner/dijkstra_planner.hpp
[5.792s] -- Up-to-date: /home/anish/ps1_ws/src/install/dijkstra_planner/share/dijkstra_planner/dijkstra_planner_plugin.xml
[5.792s] -- Up-to-date: /home/anish/ps1_ws/src/install/dijkstra_planner/share/dijkstra_planner/dijkstra_planner_plugin.xml
[5.792s] -- Up-to-date: /home/anish/ps1_ws/src/install/dijkstra_planner/share/dijkstra_planner/environment/library_path.sh
[5.792s] -- Up-to-date: /home/anish/ps1_ws/src/install/dijkstra_planner/share/dijkstra_planner/environment/library_path.dsv
[5.792s] -- Up-to-date: /home/anish/ps1_ws/src/install/dijkstra_planner/share/ament_index/resource_index/package_run_dependencies/dijkstra_planner
[5.793s] -- Up-to-date: /home/anish/ps1_ws/src/install/dijkstra_planner/share/ament_index/resource_index/parent_prefix_path/dijkstra_planner
[5.793s] -- Up-to-date: /home/anish/ps1_ws/src/install/dijkstra_planner/share/dijkstra_planner/environment/ament_prefix_path.sh
[5.793s] -- Up-to-date: /home/anish/ps1_ws/src/install/dijkstra_planner/share/dijkstra_planner/environment/ament_prefix_path.dsv
[5.793s] -- Up-to-date: /home/anish/ps1_ws/src/install/dijkstra_planner/share/dijkstra_planner/environment/path.sh
[5.793s] -- Up-to-date: /home/anish/ps1_ws/src/install/dijkstra_planner/share/dijkstra_planner/environment/path.dsv
[5.793s] -- Up-to-date: /home/anish/ps1_ws/src/install/dijkstra_planner/share/dijkstra_planner/local_setup.bash
[5.793s] -- Up-to-date: /home/anish/ps1_ws/src/install/dijkstra_planner/share/dijkstra_planner/local_setup.sh
[5.793s] -- Up-to-date: /home/anish/ps1_ws/src/install/dijkstra_planner/share/dijkstra_planner/local_setup.zsh
[5.793s] -- Up-to-date: /home/anish/ps1_ws/src/install/dijkstra_planner/share/dijkstra_planner/local_setup.dsv
[5.793s] -- Installing: /home/anish/ps1_ws/src/install/dijkstra_planner/share/dijkstra_planner/package.dsv
[5.793s] -- Up-to-date: /home/anish/ps1_ws/src/install/dijkstra_planner/share/ament_index/resource_index/packages/dijkstra_planner
[5.793s] -- Up-to-date: /home/anish/ps1_ws/src/install/dijkstra_planner/share/ament_index/resource_index/nav2_core__pluginlib__plugin/dijkstra_planner
[5.793s] -- Up-to-date: /home/anish/ps1_ws/src/install/dijkstra_planner/share/dijkstra_planner/cmake/ament_cmake_export_include_directories-extras.cmake
[5.793s] -- Up-to-date: /home/anish/ps1_ws/src/install/dijkstra_planner/share/dijkstra_planner/cmake/ament_cmake_export_libraries-extras.cmake
[5.793s] -- Up-to-date: /home/anish/ps1_ws/src/install/dijkstra_planner/share/dijkstra_planner/cmake/ament_cmake_export_dependencies-extras.cmake
[5.794s] -- Up-to-date: /home/anish/ps1_ws/src/install/dijkstra_planner/share/dijkstra_planner/cmake/dijkstra_plannerConfig.cmake
[5.794s] -- Up-to-date: /home/anish/ps1_ws/src/install/dijkstra_planner/share/dijkstra_planner/cmake/dijkstra_plannerConfig-version.cmake
[5.794s] -- Up-to-date: /home/anish/ps1_ws/src/install/dijkstra_planner/share/dijkstra_planner/package.xml
[5.796s] Invoked command in '/home/anish/ps1_ws/src/build/dijkstra_planner' returned '0': CMAKE_PREFIX_PATH=${CMAKE_PREFIX_PATH}:/opt/ros/humble /usr/bin/cmake --install /home/anish/ps1_ws/src/build/dijkstra_planner
