[0.076s] Invoking command in '/home/anish/ps1_ws/src/build/turtlebot3_gazebo': CMAKE_PREFIX_PATH=${CMAKE_PREFIX_PATH}:/opt/ros/humble /usr/bin/cmake /home/anish/ps1_ws/src/turtlebot3_simulations/turtlebot3_gazebo -DCMAKE_INSTALL_PREFIX=/home/anish/ps1_ws/src/install/turtlebot3_gazebo
[0.728s] -- The C compiler identification is GNU 11.4.0
[0.728s] -- The CXX compiler identification is GNU 11.4.0
[0.728s] -- Detecting C compiler ABI info
[0.728s] -- Detecting C compiler ABI info - done
[0.728s] -- Check for working C compiler: /usr/bin/cc - skipped
[0.728s] -- Detecting C compile features
[0.728s] -- Detecting C compile features - done
[0.728s] -- Detecting CXX compiler ABI info
[0.729s] -- Detecting CXX compiler ABI info - done
[0.729s] -- Check for working CXX compiler: /usr/bin/c++ - skipped
[0.729s] -- Detecting CXX compile features
[0.729s] -- Detecting CXX compile features - done
[0.729s] -- Found ament_cmake: 1.3.11 (/opt/ros/humble/share/ament_cmake/cmake)
[0.729s] -- Found Python3: /usr/bin/python3 (found version "3.10.12") found components: Interpreter 
[0.924s] [33mCMake Warning (dev) at /usr/share/cmake-3.22/Modules/FindPackageHandleStandardArgs.cmake:438 (message):
[0.924s]   The package name passed to `find_package_handle_standard_args` (PkgConfig)
[0.924s]   does not match the name of the calling package (gazebo).  This can lead to
[0.924s]   problems in calling code that expects `find_package` result variables
[0.924s]   (e.g., `_FOUND`) to follow a certain pattern.
[0.924s] Call Stack (most recent call first):
[0.924s]   /usr/share/cmake-3.22/Modules/FindPkgConfig.cmake:99 (find_package_handle_standard_args)
[0.924s]   /usr/lib/x86_64-linux-gnu/cmake/gazebo/gazebo-config.cmake:72 (include)
[0.924s]   CMakeLists.txt:23 (find_package)
[0.924s] This warning is for project developers.  Use -Wno-dev to suppress it.
[0.925s] [0m
[0.925s] -- Found PkgConfig: /usr/bin/pkg-config (found version "0.29.2") 
[0.932s] -- Checking for module 'bullet>=2.82'
[0.960s] --   Found bullet, version 3.05
[1.195s] -- Found fcl: /usr/include (found suitable version "0.7.0", minimum required is "0.5.0") 
[1.286s] -- Found assimp: /usr/include (found version "5.2.0") 
[1.331s] -- Found DART: /usr/include (Required is at least version "6.6") found components: dart 
[1.644s] -- Found Boost: /usr/lib/x86_64-linux-gnu/cmake/Boost-1.74.0/BoostConfig.cmake (found suitable version "1.74.0", minimum required is "1.40.0") found components: thread system filesystem program_options regex iostreams date_time 
[1.685s] -- Found Protobuf: /usr/lib/x86_64-linux-gnu/libprotobuf.so (found version "3.12.4") 
[1.698s] -- Looking for ignition-math6 -- found version 6.15.1
[1.712s] -- Searching for dependencies of ignition-math6
[1.714s] -- Looking for OGRE...
[1.714s] -- OGRE_PREFIX_WATCH changed.
[1.720s] -- Checking for module 'OGRE'
[1.740s] --   Found OGRE, version 1.9.0
[1.781s] -- Found Ogre Ghadamon (1.9.0)
[1.793s] -- Found OGRE: optimized;/usr/lib/x86_64-linux-gnu/libOgreMain.so;debug;/usr/lib/x86_64-linux-gnu/libOgreMain.so
[1.802s] -- Looking for OGRE_Paging...
[1.812s] -- Found OGRE_Paging: optimized;/usr/lib/x86_64-linux-gnu/libOgrePaging.so;debug;/usr/lib/x86_64-linux-gnu/libOgrePaging.so
[1.812s] -- Looking for OGRE_Terrain...
[1.819s] -- Found OGRE_Terrain: optimized;/usr/lib/x86_64-linux-gnu/libOgreTerrain.so;debug;/usr/lib/x86_64-linux-gnu/libOgreTerrain.so
[1.819s] -- Looking for OGRE_Property...
[1.825s] -- Found OGRE_Property: optimized;/usr/lib/x86_64-linux-gnu/libOgreProperty.so;debug;/usr/lib/x86_64-linux-gnu/libOgreProperty.so
[1.825s] -- Looking for OGRE_RTShaderSystem...
[1.832s] -- Found OGRE_RTShaderSystem: optimized;/usr/lib/x86_64-linux-gnu/libOgreRTShaderSystem.so;debug;/usr/lib/x86_64-linux-gnu/libOgreRTShaderSystem.so
[1.832s] -- Looking for OGRE_Volume...
[1.838s] -- Found OGRE_Volume: optimized;/usr/lib/x86_64-linux-gnu/libOgreVolume.so;debug;/usr/lib/x86_64-linux-gnu/libOgreVolume.so
[1.838s] -- Looking for OGRE_Overlay...
[1.844s] -- Found OGRE_Overlay: optimized;/usr/lib/x86_64-linux-gnu/libOgreOverlay.so;debug;/usr/lib/x86_64-linux-gnu/libOgreOverlay.so
[2.029s] -- Looking for ignition-math6 -- found version 6.15.1
[2.034s] -- Looking for ignition-transport8 -- found version 8.2.1
[2.034s] -- Searching for dependencies of ignition-transport8
[2.061s] -- Found Protobuf: /usr/lib/x86_64-linux-gnu/libprotobuf.so (found suitable version "3.12.4", minimum required is "3") 
[2.075s] -- Config-file not installed for ZeroMQ -- checking for pkg-config
[2.082s] -- Checking for module 'libzmq >= 4'
[2.103s] --   Found libzmq , version 4.3.4
[2.157s] -- Found ZeroMQ: TRUE (Required is at least version "4") 
[2.163s] -- Checking for module 'uuid'
[2.182s] --   Found uuid, version 2.37.2
[2.235s] -- Found UUID: TRUE  
[2.241s] -- Looking for ignition-msgs5 -- found version 5.8.1
[2.242s] -- Searching for dependencies of ignition-msgs5
[2.270s] -- Looking for ignition-math6 -- found version 6.15.1
[2.283s] -- Checking for module 'tinyxml2'
[2.315s] --   Found tinyxml2, version 9.0.0
[2.369s] -- Looking for ignition-msgs5 -- found version 5.8.1
[2.376s] -- Looking for ignition-common3 -- found version 3.14.0
[2.378s] -- Searching for dependencies of ignition-common3
[2.378s] -- Looking for dlfcn.h - found
[2.379s] -- Looking for libdl - found
[2.383s] -- Found DL: TRUE  
[2.401s] -- Found tinyobjloader: /usr/lib/x86_64-linux-gnu/cmake/tinyobjloader/tinyobjloader-config.cmake (found version "2.0.0") 
[2.403s] -- Searching for <ignition-common3> component [graphics]
[2.410s] -- Looking for ignition-common3-graphics -- found version 3.14.0
[2.412s] -- Searching for dependencies of ignition-common3-graphics
[2.414s] -- Looking for ignition-math6 -- found version 6.15.1
[2.426s] -- Looking for ignition-fuel_tools4 -- found version 4.4.0
[2.426s] -- Searching for dependencies of ignition-fuel_tools4
[2.560s] -- Found CURL: /usr/lib/x86_64-linux-gnu/libcurl.so (found version "7.81.0")  
[2.579s] -- Checking for module 'jsoncpp'
[2.607s] --   Found jsoncpp, version 1.9.5
[2.681s] -- Found JSONCPP: TRUE  
[2.696s] -- Checking for module 'libzip'
[2.727s] --   Found libzip, version 1.7.3
[2.796s] -- Found ZIP: TRUE  
[2.797s] -- Looking for ignition-common3 -- found version 3.14.0
[2.797s] -- Looking for ignition-math6 -- found version 6.15.1
[2.798s] -- Looking for ignition-msgs5 -- found version 5.8.1
[2.818s] -- Found gazebo_ros_pkgs: 3.9.0 (/opt/ros/humble/share/gazebo_ros_pkgs/cmake)
[2.824s] -- Found geometry_msgs: 4.9.0 (/opt/ros/humble/share/geometry_msgs/cmake)
[2.897s] -- Found rosidl_generator_c: 3.1.6 (/opt/ros/humble/share/rosidl_generator_c/cmake)
[2.910s] -- Found rosidl_adapter: 3.1.6 (/opt/ros/humble/share/rosidl_adapter/cmake)
[2.932s] -- Found rosidl_generator_cpp: 3.1.6 (/opt/ros/humble/share/rosidl_generator_cpp/cmake)
[2.953s] -- Using all available rosidl_typesupport_c: rosidl_typesupport_fastrtps_c;rosidl_typesupport_introspection_c
[2.986s] -- Using all available rosidl_typesupport_cpp: rosidl_typesupport_fastrtps_cpp;rosidl_typesupport_introspection_cpp
[3.055s] -- Found nav_msgs: 4.9.0 (/opt/ros/humble/share/nav_msgs/cmake)
[3.082s] -- Found rclcpp: 16.0.12 (/opt/ros/humble/share/rclcpp/cmake)
[3.162s] -- Found rmw_implementation_cmake: 6.1.2 (/opt/ros/humble/share/rmw_implementation_cmake/cmake)
[3.170s] -- Found rmw_cyclonedds_cpp: 1.3.4 (/opt/ros/humble/share/rmw_cyclonedds_cpp/cmake)
[3.218s] -- Using RMW implementation 'rmw_cyclonedds_cpp' as default
[3.241s] -- Found Threads: TRUE  
[3.310s] -- Found sensor_msgs: 4.9.0 (/opt/ros/humble/share/sensor_msgs/cmake)
[3.338s] -- Found tf2: 0.25.13 (/opt/ros/humble/share/tf2/cmake)
[3.477s] -- Configuring done
[3.592s] -- Generating done
[3.621s] -- Build files have been written to: /home/anish/ps1_ws/src/build/turtlebot3_gazebo
[3.661s] Invoked command in '/home/anish/ps1_ws/src/build/turtlebot3_gazebo' returned '0': CMAKE_PREFIX_PATH=${CMAKE_PREFIX_PATH}:/opt/ros/humble /usr/bin/cmake /home/anish/ps1_ws/src/turtlebot3_simulations/turtlebot3_gazebo -DCMAKE_INSTALL_PREFIX=/home/anish/ps1_ws/src/install/turtlebot3_gazebo
[3.662s] Invoking command in '/home/anish/ps1_ws/src/build/turtlebot3_gazebo': CMAKE_PREFIX_PATH=${CMAKE_PREFIX_PATH}:/opt/ros/humble /usr/bin/cmake --build /home/anish/ps1_ws/src/build/turtlebot3_gazebo -- -j16 -l16
[3.841s] [ 12%] [32mBuilding CXX object CMakeFiles/turtlebot3_drive.dir/src/turtlebot3_drive.cpp.o[0m
[3.857s] [ 25%] [32mBuilding CXX object CMakeFiles/obstacle2.dir/models/turtlebot3_dqn_world/obstacle_plugin/obstacle2.cc.o[0m
[3.857s] [ 37%] [32mBuilding CXX object CMakeFiles/obstacles.dir/models/turtlebot3_dqn_world/obstacle_plugin/obstacles.cc.o[0m
[3.873s] [ 50%] [32mBuilding CXX object CMakeFiles/obstacle1.dir/models/turtlebot3_dqn_world/obstacle_plugin/obstacle1.cc.o[0m
[17.383s] [ 62%] [32m[1mLinking CXX executable turtlebot3_drive[0m
[17.899s] [ 62%] Built target turtlebot3_drive
[18.362s] [ 75%] [32m[1mLinking CXX shared library libobstacles.so[0m
[18.366s] [ 87%] [32m[1mLinking CXX shared library libobstacle2.so[0m
[18.584s] [100%] [32m[1mLinking CXX shared library libobstacle1.so[0m
[18.672s] [100%] Built target obstacles
[18.674s] [100%] Built target obstacle2
[18.804s] [100%] Built target obstacle1
