running egg_info
creating ../build/turtlebot3_autonomous_exploration/turtlebot3_autonomous_exploration.egg-info
writing ../build/turtlebot3_autonomous_exploration/turtlebot3_autonomous_exploration.egg-info/PKG-INFO
writing dependency_links to ../build/turtlebot3_autonomous_exploration/turtlebot3_autonomous_exploration.egg-info/dependency_links.txt
writing entry points to ../build/turtlebot3_autonomous_exploration/turtlebot3_autonomous_exploration.egg-info/entry_points.txt
writing requirements to ../build/turtlebot3_autonomous_exploration/turtlebot3_autonomous_exploration.egg-info/requires.txt
writing top-level names to ../build/turtlebot3_autonomous_exploration/turtlebot3_autonomous_exploration.egg-info/top_level.txt
writing manifest file '../build/turtlebot3_autonomous_exploration/turtlebot3_autonomous_exploration.egg-info/SOURCES.txt'
reading manifest file '../build/turtlebot3_autonomous_exploration/turtlebot3_autonomous_exploration.egg-info/SOURCES.txt'
writing manifest file '../build/turtlebot3_autonomous_exploration/turtlebot3_autonomous_exploration.egg-info/SOURCES.txt'
running build
running build_py
creating /home/anish/ps1_ws/src/build/turtlebot3_autonomous_exploration/build
creating /home/anish/ps1_ws/src/build/turtlebot3_autonomous_exploration/build/lib
creating /home/anish/ps1_ws/src/build/turtlebot3_autonomous_exploration/build/lib/turtlebot3_autonomous_exploration
copying turtlebot3_autonomous_exploration/autonomous_explorer.py -> /home/anish/ps1_ws/src/build/turtlebot3_autonomous_exploration/build/lib/turtlebot3_autonomous_exploration
copying turtlebot3_autonomous_exploration/__init__.py -> /home/anish/ps1_ws/src/build/turtlebot3_autonomous_exploration/build/lib/turtlebot3_autonomous_exploration
copying turtlebot3_autonomous_exploration/exploration_recovery.py -> /home/anish/ps1_ws/src/build/turtlebot3_autonomous_exploration/build/lib/turtlebot3_autonomous_exploration
copying turtlebot3_autonomous_exploration/exploration_supervisor.py -> /home/anish/ps1_ws/src/build/turtlebot3_autonomous_exploration/build/lib/turtlebot3_autonomous_exploration
copying turtlebot3_autonomous_exploration/exploration_controller.py -> /home/anish/ps1_ws/src/build/turtlebot3_autonomous_exploration/build/lib/turtlebot3_autonomous_exploration
copying turtlebot3_autonomous_exploration/frontier_detector.py -> /home/anish/ps1_ws/src/build/turtlebot3_autonomous_exploration/build/lib/turtlebot3_autonomous_exploration
running install
running install_lib
creating /home/anish/ps1_ws/src/install/turtlebot3_autonomous_exploration/lib/python3.10/site-packages/turtlebot3_autonomous_exploration
copying /home/anish/ps1_ws/src/build/turtlebot3_autonomous_exploration/build/lib/turtlebot3_autonomous_exploration/autonomous_explorer.py -> /home/anish/ps1_ws/src/install/turtlebot3_autonomous_exploration/lib/python3.10/site-packages/turtlebot3_autonomous_exploration
copying /home/anish/ps1_ws/src/build/turtlebot3_autonomous_exploration/build/lib/turtlebot3_autonomous_exploration/__init__.py -> /home/anish/ps1_ws/src/install/turtlebot3_autonomous_exploration/lib/python3.10/site-packages/turtlebot3_autonomous_exploration
copying /home/anish/ps1_ws/src/build/turtlebot3_autonomous_exploration/build/lib/turtlebot3_autonomous_exploration/exploration_recovery.py -> /home/anish/ps1_ws/src/install/turtlebot3_autonomous_exploration/lib/python3.10/site-packages/turtlebot3_autonomous_exploration
copying /home/anish/ps1_ws/src/build/turtlebot3_autonomous_exploration/build/lib/turtlebot3_autonomous_exploration/exploration_supervisor.py -> /home/anish/ps1_ws/src/install/turtlebot3_autonomous_exploration/lib/python3.10/site-packages/turtlebot3_autonomous_exploration
copying /home/anish/ps1_ws/src/build/turtlebot3_autonomous_exploration/build/lib/turtlebot3_autonomous_exploration/exploration_controller.py -> /home/anish/ps1_ws/src/install/turtlebot3_autonomous_exploration/lib/python3.10/site-packages/turtlebot3_autonomous_exploration
copying /home/anish/ps1_ws/src/build/turtlebot3_autonomous_exploration/build/lib/turtlebot3_autonomous_exploration/frontier_detector.py -> /home/anish/ps1_ws/src/install/turtlebot3_autonomous_exploration/lib/python3.10/site-packages/turtlebot3_autonomous_exploration
byte-compiling /home/anish/ps1_ws/src/install/turtlebot3_autonomous_exploration/lib/python3.10/site-packages/turtlebot3_autonomous_exploration/autonomous_explorer.py to autonomous_explorer.cpython-310.pyc
byte-compiling /home/anish/ps1_ws/src/install/turtlebot3_autonomous_exploration/lib/python3.10/site-packages/turtlebot3_autonomous_exploration/__init__.py to __init__.cpython-310.pyc
byte-compiling /home/anish/ps1_ws/src/install/turtlebot3_autonomous_exploration/lib/python3.10/site-packages/turtlebot3_autonomous_exploration/exploration_recovery.py to exploration_recovery.cpython-310.pyc
byte-compiling /home/anish/ps1_ws/src/install/turtlebot3_autonomous_exploration/lib/python3.10/site-packages/turtlebot3_autonomous_exploration/exploration_supervisor.py to exploration_supervisor.cpython-310.pyc
byte-compiling /home/anish/ps1_ws/src/install/turtlebot3_autonomous_exploration/lib/python3.10/site-packages/turtlebot3_autonomous_exploration/exploration_controller.py to exploration_controller.cpython-310.pyc
byte-compiling /home/anish/ps1_ws/src/install/turtlebot3_autonomous_exploration/lib/python3.10/site-packages/turtlebot3_autonomous_exploration/frontier_detector.py to frontier_detector.cpython-310.pyc
running install_data
creating /home/anish/ps1_ws/src/install/turtlebot3_autonomous_exploration/share/ament_index
creating /home/anish/ps1_ws/src/install/turtlebot3_autonomous_exploration/share/ament_index/resource_index
creating /home/anish/ps1_ws/src/install/turtlebot3_autonomous_exploration/share/ament_index/resource_index/packages
copying resource/turtlebot3_autonomous_exploration -> /home/anish/ps1_ws/src/install/turtlebot3_autonomous_exploration/share/ament_index/resource_index/packages
copying package.xml -> /home/anish/ps1_ws/src/install/turtlebot3_autonomous_exploration/share/turtlebot3_autonomous_exploration
creating /home/anish/ps1_ws/src/install/turtlebot3_autonomous_exploration/share/turtlebot3_autonomous_exploration/launch
copying launch/autonomous_exploration.launch.py -> /home/anish/ps1_ws/src/install/turtlebot3_autonomous_exploration/share/turtlebot3_autonomous_exploration/launch
creating /home/anish/ps1_ws/src/install/turtlebot3_autonomous_exploration/share/turtlebot3_autonomous_exploration/config
copying config/exploration_params.yaml -> /home/anish/ps1_ws/src/install/turtlebot3_autonomous_exploration/share/turtlebot3_autonomous_exploration/config
creating /home/anish/ps1_ws/src/install/turtlebot3_autonomous_exploration/share/turtlebot3_autonomous_exploration/rviz
copying rviz/autonomous_exploration.rviz -> /home/anish/ps1_ws/src/install/turtlebot3_autonomous_exploration/share/turtlebot3_autonomous_exploration/rviz
running install_egg_info
Copying ../build/turtlebot3_autonomous_exploration/turtlebot3_autonomous_exploration.egg-info to /home/anish/ps1_ws/src/install/turtlebot3_autonomous_exploration/lib/python3.10/site-packages/turtlebot3_autonomous_exploration-1.0.0-py3.10.egg-info
running install_scripts
Installing autonomous_explorer script to /home/anish/ps1_ws/src/install/turtlebot3_autonomous_exploration/lib/turtlebot3_autonomous_exploration
Installing exploration_controller script to /home/anish/ps1_ws/src/install/turtlebot3_autonomous_exploration/lib/turtlebot3_autonomous_exploration
Installing exploration_recovery script to /home/anish/ps1_ws/src/install/turtlebot3_autonomous_exploration/lib/turtlebot3_autonomous_exploration
Installing exploration_supervisor script to /home/anish/ps1_ws/src/install/turtlebot3_autonomous_exploration/lib/turtlebot3_autonomous_exploration
Installing frontier_detector script to /home/anish/ps1_ws/src/install/turtlebot3_autonomous_exploration/lib/turtlebot3_autonomous_exploration
writing list of installed files to '/home/anish/ps1_ws/src/build/turtlebot3_autonomous_exploration/install.log'
