[0.806s] Invoking command in '/home/anish/ps1_ws/src/turtlebot3_autonomous_exploration': AMENT_PREFIX_PATH=/home/anish/ps1_ws/src/install/turtlebot3_navigation2:/home/anish/ps1_ws/src/install/turtlebot3_gazebo:/home/anish/ps1_ws/src/install/turtlebot3_cartographer:${AMENT_PREFIX_PATH} CMAKE_PREFIX_PATH=/home/anish/ps1_ws/src/install/turtlebot3_navigation2:/home/anish/ps1_ws/src/install/turtlebot3_gazebo:/home/anish/ps1_ws/src/install/turtlebot3_cartographer:${CMAKE_PREFIX_PATH} PYTHONPATH=/home/anish/ps1_ws/src/build/turtlebot3_autonomous_exploration/prefix_override:/usr/lib/python3/dist-packages/colcon_core/task/python/colcon_distutils_commands:/home/anish/ps1_ws/src/install/turtlebot3_autonomous_exploration/lib/python3.10/site-packages:${PYTHONPATH} /usr/bin/python3 -W ignore:setup.py install is deprecated -W ignore:easy_install command is deprecated setup.py egg_info --egg-base ../build/turtlebot3_autonomous_exploration build --build-base /home/anish/ps1_ws/src/build/turtlebot3_autonomous_exploration/build install --record /home/anish/ps1_ws/src/build/turtlebot3_autonomous_exploration/install.log --single-version-externally-managed install_data
[1.035s] running egg_info
[1.036s] creating ../build/turtlebot3_autonomous_exploration/turtlebot3_autonomous_exploration.egg-info
[1.036s] writing ../build/turtlebot3_autonomous_exploration/turtlebot3_autonomous_exploration.egg-info/PKG-INFO
[1.036s] writing dependency_links to ../build/turtlebot3_autonomous_exploration/turtlebot3_autonomous_exploration.egg-info/dependency_links.txt
[1.036s] writing entry points to ../build/turtlebot3_autonomous_exploration/turtlebot3_autonomous_exploration.egg-info/entry_points.txt
[1.036s] writing requirements to ../build/turtlebot3_autonomous_exploration/turtlebot3_autonomous_exploration.egg-info/requires.txt
[1.037s] writing top-level names to ../build/turtlebot3_autonomous_exploration/turtlebot3_autonomous_exploration.egg-info/top_level.txt
[1.037s] writing manifest file '../build/turtlebot3_autonomous_exploration/turtlebot3_autonomous_exploration.egg-info/SOURCES.txt'
[1.038s] reading manifest file '../build/turtlebot3_autonomous_exploration/turtlebot3_autonomous_exploration.egg-info/SOURCES.txt'
[1.039s] writing manifest file '../build/turtlebot3_autonomous_exploration/turtlebot3_autonomous_exploration.egg-info/SOURCES.txt'
[1.039s] running build
[1.039s] running build_py
[1.039s] creating /home/anish/ps1_ws/src/build/turtlebot3_autonomous_exploration/build
[1.039s] creating /home/anish/ps1_ws/src/build/turtlebot3_autonomous_exploration/build/lib
[1.039s] creating /home/anish/ps1_ws/src/build/turtlebot3_autonomous_exploration/build/lib/turtlebot3_autonomous_exploration
[1.040s] copying turtlebot3_autonomous_exploration/autonomous_explorer.py -> /home/anish/ps1_ws/src/build/turtlebot3_autonomous_exploration/build/lib/turtlebot3_autonomous_exploration
[1.040s] copying turtlebot3_autonomous_exploration/__init__.py -> /home/anish/ps1_ws/src/build/turtlebot3_autonomous_exploration/build/lib/turtlebot3_autonomous_exploration
[1.040s] copying turtlebot3_autonomous_exploration/exploration_recovery.py -> /home/anish/ps1_ws/src/build/turtlebot3_autonomous_exploration/build/lib/turtlebot3_autonomous_exploration
[1.040s] copying turtlebot3_autonomous_exploration/exploration_supervisor.py -> /home/anish/ps1_ws/src/build/turtlebot3_autonomous_exploration/build/lib/turtlebot3_autonomous_exploration
[1.040s] copying turtlebot3_autonomous_exploration/exploration_controller.py -> /home/anish/ps1_ws/src/build/turtlebot3_autonomous_exploration/build/lib/turtlebot3_autonomous_exploration
[1.040s] copying turtlebot3_autonomous_exploration/frontier_detector.py -> /home/anish/ps1_ws/src/build/turtlebot3_autonomous_exploration/build/lib/turtlebot3_autonomous_exploration
[1.040s] running install
[1.040s] running install_lib
[1.041s] creating /home/anish/ps1_ws/src/install/turtlebot3_autonomous_exploration/lib/python3.10/site-packages/turtlebot3_autonomous_exploration
[1.041s] copying /home/anish/ps1_ws/src/build/turtlebot3_autonomous_exploration/build/lib/turtlebot3_autonomous_exploration/autonomous_explorer.py -> /home/anish/ps1_ws/src/install/turtlebot3_autonomous_exploration/lib/python3.10/site-packages/turtlebot3_autonomous_exploration
[1.041s] copying /home/anish/ps1_ws/src/build/turtlebot3_autonomous_exploration/build/lib/turtlebot3_autonomous_exploration/__init__.py -> /home/anish/ps1_ws/src/install/turtlebot3_autonomous_exploration/lib/python3.10/site-packages/turtlebot3_autonomous_exploration
[1.041s] copying /home/anish/ps1_ws/src/build/turtlebot3_autonomous_exploration/build/lib/turtlebot3_autonomous_exploration/exploration_recovery.py -> /home/anish/ps1_ws/src/install/turtlebot3_autonomous_exploration/lib/python3.10/site-packages/turtlebot3_autonomous_exploration
[1.041s] copying /home/anish/ps1_ws/src/build/turtlebot3_autonomous_exploration/build/lib/turtlebot3_autonomous_exploration/exploration_supervisor.py -> /home/anish/ps1_ws/src/install/turtlebot3_autonomous_exploration/lib/python3.10/site-packages/turtlebot3_autonomous_exploration
[1.041s] copying /home/anish/ps1_ws/src/build/turtlebot3_autonomous_exploration/build/lib/turtlebot3_autonomous_exploration/exploration_controller.py -> /home/anish/ps1_ws/src/install/turtlebot3_autonomous_exploration/lib/python3.10/site-packages/turtlebot3_autonomous_exploration
[1.041s] copying /home/anish/ps1_ws/src/build/turtlebot3_autonomous_exploration/build/lib/turtlebot3_autonomous_exploration/frontier_detector.py -> /home/anish/ps1_ws/src/install/turtlebot3_autonomous_exploration/lib/python3.10/site-packages/turtlebot3_autonomous_exploration
[1.042s] byte-compiling /home/anish/ps1_ws/src/install/turtlebot3_autonomous_exploration/lib/python3.10/site-packages/turtlebot3_autonomous_exploration/autonomous_explorer.py to autonomous_explorer.cpython-310.pyc
[1.045s] byte-compiling /home/anish/ps1_ws/src/install/turtlebot3_autonomous_exploration/lib/python3.10/site-packages/turtlebot3_autonomous_exploration/__init__.py to __init__.cpython-310.pyc
[1.045s] byte-compiling /home/anish/ps1_ws/src/install/turtlebot3_autonomous_exploration/lib/python3.10/site-packages/turtlebot3_autonomous_exploration/exploration_recovery.py to exploration_recovery.cpython-310.pyc
[1.048s] byte-compiling /home/anish/ps1_ws/src/install/turtlebot3_autonomous_exploration/lib/python3.10/site-packages/turtlebot3_autonomous_exploration/exploration_supervisor.py to exploration_supervisor.cpython-310.pyc
[1.049s] byte-compiling /home/anish/ps1_ws/src/install/turtlebot3_autonomous_exploration/lib/python3.10/site-packages/turtlebot3_autonomous_exploration/exploration_controller.py to exploration_controller.cpython-310.pyc
[1.050s] byte-compiling /home/anish/ps1_ws/src/install/turtlebot3_autonomous_exploration/lib/python3.10/site-packages/turtlebot3_autonomous_exploration/frontier_detector.py to frontier_detector.cpython-310.pyc
[1.050s] running install_data
[1.051s] creating /home/anish/ps1_ws/src/install/turtlebot3_autonomous_exploration/share/ament_index
[1.051s] creating /home/anish/ps1_ws/src/install/turtlebot3_autonomous_exploration/share/ament_index/resource_index
[1.051s] creating /home/anish/ps1_ws/src/install/turtlebot3_autonomous_exploration/share/ament_index/resource_index/packages
[1.051s] copying resource/turtlebot3_autonomous_exploration -> /home/anish/ps1_ws/src/install/turtlebot3_autonomous_exploration/share/ament_index/resource_index/packages
[1.051s] copying package.xml -> /home/anish/ps1_ws/src/install/turtlebot3_autonomous_exploration/share/turtlebot3_autonomous_exploration
[1.051s] creating /home/anish/ps1_ws/src/install/turtlebot3_autonomous_exploration/share/turtlebot3_autonomous_exploration/launch
[1.051s] copying launch/autonomous_exploration.launch.py -> /home/anish/ps1_ws/src/install/turtlebot3_autonomous_exploration/share/turtlebot3_autonomous_exploration/launch
[1.051s] creating /home/anish/ps1_ws/src/install/turtlebot3_autonomous_exploration/share/turtlebot3_autonomous_exploration/config
[1.051s] copying config/exploration_params.yaml -> /home/anish/ps1_ws/src/install/turtlebot3_autonomous_exploration/share/turtlebot3_autonomous_exploration/config
[1.051s] creating /home/anish/ps1_ws/src/install/turtlebot3_autonomous_exploration/share/turtlebot3_autonomous_exploration/rviz
[1.051s] copying rviz/autonomous_exploration.rviz -> /home/anish/ps1_ws/src/install/turtlebot3_autonomous_exploration/share/turtlebot3_autonomous_exploration/rviz
[1.052s] running install_egg_info
[1.053s] Copying ../build/turtlebot3_autonomous_exploration/turtlebot3_autonomous_exploration.egg-info to /home/anish/ps1_ws/src/install/turtlebot3_autonomous_exploration/lib/python3.10/site-packages/turtlebot3_autonomous_exploration-1.0.0-py3.10.egg-info
[1.054s] running install_scripts
[1.071s] Installing autonomous_explorer script to /home/anish/ps1_ws/src/install/turtlebot3_autonomous_exploration/lib/turtlebot3_autonomous_exploration
[1.071s] Installing exploration_controller script to /home/anish/ps1_ws/src/install/turtlebot3_autonomous_exploration/lib/turtlebot3_autonomous_exploration
[1.072s] Installing exploration_recovery script to /home/anish/ps1_ws/src/install/turtlebot3_autonomous_exploration/lib/turtlebot3_autonomous_exploration
[1.072s] Installing exploration_supervisor script to /home/anish/ps1_ws/src/install/turtlebot3_autonomous_exploration/lib/turtlebot3_autonomous_exploration
[1.072s] Installing frontier_detector script to /home/anish/ps1_ws/src/install/turtlebot3_autonomous_exploration/lib/turtlebot3_autonomous_exploration
[1.072s] writing list of installed files to '/home/anish/ps1_ws/src/build/turtlebot3_autonomous_exploration/install.log'
[1.115s] Invoked command in '/home/anish/ps1_ws/src/turtlebot3_autonomous_exploration' returned '0': AMENT_PREFIX_PATH=/home/anish/ps1_ws/src/install/turtlebot3_navigation2:/home/anish/ps1_ws/src/install/turtlebot3_gazebo:/home/anish/ps1_ws/src/install/turtlebot3_cartographer:${AMENT_PREFIX_PATH} CMAKE_PREFIX_PATH=/home/anish/ps1_ws/src/install/turtlebot3_navigation2:/home/anish/ps1_ws/src/install/turtlebot3_gazebo:/home/anish/ps1_ws/src/install/turtlebot3_cartographer:${CMAKE_PREFIX_PATH} PYTHONPATH=/home/anish/ps1_ws/src/build/turtlebot3_autonomous_exploration/prefix_override:/usr/lib/python3/dist-packages/colcon_core/task/python/colcon_distutils_commands:/home/anish/ps1_ws/src/install/turtlebot3_autonomous_exploration/lib/python3.10/site-packages:${PYTHONPATH} /usr/bin/python3 -W ignore:setup.py install is deprecated -W ignore:easy_install command is deprecated setup.py egg_info --egg-base ../build/turtlebot3_autonomous_exploration build --build-base /home/anish/ps1_ws/src/build/turtlebot3_autonomous_exploration/build install --record /home/anish/ps1_ws/src/build/turtlebot3_autonomous_exploration/install.log --single-version-externally-managed install_data
