--2025-06-28 21:20:15--  https://raw.githubusercontent.com/hrnr/m-explore-extra/master/map_merge/hector_maps/map00.pgm
Resolving raw.githubusercontent.com (raw.githubusercontent.com)... 2606:50c0:8003::154, 2606:50c0:8000::154, 2606:50c0:8001::154, ...
Connecting to raw.githubusercontent.com (raw.githubusercontent.com)|2606:50c0:8003::154|:443... connected.
HTTP request sent, awaiting response... 200 OK
Length: 4194362 (4.0M) [application/octet-stream]
Saving to: ‘/home/anish/ps1_ws/src/build/multirobot_map_merge/map00.pgm’

     0K .......... .......... .......... .......... ..........  1%  446K 9s
    50K .......... .......... .......... .......... ..........  2%  456K 9s
   100K .......... .......... .......... .......... ..........  3%  506K 8s
   150K .......... .......... .......... .......... ..........  4%  433K 8s
   200K .......... .......... .......... .......... ..........  6%  718K 8s
   250K .......... .......... .......... .......... ..........  7%  663K 7s
   300K .......... .......... .......... .......... ..........  8%  816K 7s
   350K .......... .......... .......... .......... ..........  9%  704K 7s
   400K .......... .......... .......... .......... .......... 10%  705K 6s
   450K .......... .......... .......... .......... .......... 12% 1.03M 6s
   500K .......... .......... .......... .......... .......... 13%  822K 6s
   550K .......... .......... .......... .......... .......... 14%  907K 6s
   600K .......... .......... .......... .......... .......... 15%  910K 5s
   650K .......... .......... .......... .......... .......... 17%  962K 5s
   700K .......... .......... .......... .......... .......... 18% 2.11M 5s
   750K .......... .......... .......... .......... .......... 19% 1.21M 5s
   800K .......... .......... .......... .......... .......... 20% 2.52M 4s
   850K .......... .......... .......... .......... .......... 21% 1.48M 4s
   900K .......... .......... .......... .......... .......... 23% 1.32M 4s
   950K .......... .......... .......... .......... .......... 24% 2.95M 4s
  1000K .......... .......... .......... .......... .......... 25% 1.13M 4s
  1050K .......... .......... .......... .......... .......... 26% 3.60M 3s
  1100K .......... .......... .......... .......... .......... 28% 4.81M 3s
  1150K .......... .......... .......... .......... .......... 29% 1.20M 3s
  1200K .......... .......... .......... .......... .......... 30% 2.25M 3s
  1250K .......... .......... .......... .......... .......... 31% 1.64M 3s
  1300K .......... .......... .......... .......... .......... 32% 1.41M 3s
  1350K .......... .......... .......... .......... .......... 34% 4.15M 3s
  1400K .......... .......... .......... .......... .......... 35% 1.41M 3s
  1450K .......... .......... .......... .......... .......... 36% 3.24M 3s
  1500K .......... .......... .......... .......... .......... 37% 1.60M 2s
  1550K .......... .......... .......... .......... .......... 39% 1.16M 2s
  1600K .......... .......... .......... .......... .......... 40% 1.53M 2s
  1650K .......... .......... .......... .......... .......... 41%  662K 2s
  1700K .......... .......... .......... .......... .......... 42% 2.10M 2s
  1750K .......... .......... .......... .......... .......... 43% 1.07M 2s
  1800K .......... .......... .......... .......... .......... 45%  853K 2s
  1850K .......... .......... .......... .......... .......... 46% 2.68M 2s
  1900K .......... .......... .......... .......... .......... 47% 4.64M 2s
  1950K .......... .......... .......... .......... .......... 48% 4.18M 2s
  2000K .......... .......... .......... .......... .......... 50% 1.33M 2s
  2050K .......... .......... .......... .......... .......... 51% 1.47M 2s
  2100K .......... .......... .......... .......... .......... 52% 5.95M 2s
  2150K .......... .......... .......... .......... .......... 53% 2.66M 2s
  2200K .......... .......... .......... .......... .......... 54%  853K 2s
  2250K .......... .......... .......... .......... .......... 56% 2.40M 2s
  2300K .......... .......... .......... .......... .......... 57% 2.07M 2s
  2350K .......... .......... .......... .......... .......... 58% 1.26M 1s
  2400K .......... .......... .......... .......... .......... 59% 1.22M 1s
  2450K .......... .......... .......... .......... .......... 61% 4.04M 1s
  2500K .......... .......... .......... .......... .......... 62% 6.23M 1s
  2550K .......... .......... .......... .......... .......... 63% 5.76M 1s
  2600K .......... .......... .......... .......... .......... 64% 1.67M 1s
  2650K .......... .......... .......... .......... .......... 65% 3.35M 1s
  2700K .......... .......... .......... .......... .......... 67% 2.84M 1s
  2750K .......... .......... .......... .......... .......... 68% 2.88M 1s
  2800K .......... .......... .......... .......... .......... 69% 1.81M 1s
  2850K .......... .......... .......... .......... .......... 70% 3.77M 1s
  2900K .......... .......... .......... .......... .......... 72% 2.73M 1s
  2950K .......... .......... .......... .......... .......... 73% 1.85M 1s
  3000K .......... .......... .......... .......... .......... 74% 2.25M 1s
  3050K .......... .......... .......... .......... .......... 75% 1.30M 1s
  3100K .......... .......... .......... .......... .......... 76%  934K 1s
  3150K .......... .......... .......... .......... .......... 78% 1.56M 1s
  3200K .......... .......... .......... .......... .......... 79% 3.89M 1s
  3250K .......... .......... .......... .......... .......... 80% 1.44M 1s
  3300K .......... .......... .......... .......... .......... 81% 2.69M 1s
  3350K .......... .......... .......... .......... .......... 83% 2.66M 1s
  3400K .......... .......... .......... .......... .......... 84% 1.13M 0s
  3450K .......... .......... .......... .......... .......... 85% 2.42M 0s
  3500K .......... .......... .......... .......... .......... 86% 4.31M 0s
  3550K .......... .......... .......... .......... .......... 87% 9.29M 0s
  3600K .......... .......... .......... .......... .......... 89% 3.58M 0s
  3650K .......... .......... .......... .......... .......... 90% 1.37M 0s
  3700K .......... .......... .......... .......... .......... 91% 6.13M 0s
  3750K .......... .......... .......... .......... .......... 92% 7.04M 0s
  3800K .......... .......... .......... .......... .......... 93% 4.21M 0s
  3850K .......... .......... .......... .......... .......... 95% 4.49M 0s
  3900K .......... .......... .......... .......... .......... 96%  901K 0s
  3950K .......... .......... .......... .......... .......... 97% 2.72M 0s
  4000K .......... .......... .......... .......... .......... 98% 1.98M 0s
  4050K .......... .......... .......... .......... ......    100% 1.27M=2.8s

2025-06-28 21:20:19 (1.42 MB/s) - ‘/home/anish/ps1_ws/src/build/multirobot_map_merge/map00.pgm’ saved [4194362/4194362]

--2025-06-28 21:20:19--  https://raw.githubusercontent.com/hrnr/m-explore-extra/master/map_merge/hector_maps/map05.pgm
Resolving raw.githubusercontent.com (raw.githubusercontent.com)... 2606:50c0:8000::154, 2606:50c0:8001::154, 2606:50c0:8003::154, ...
Connecting to raw.githubusercontent.com (raw.githubusercontent.com)|2606:50c0:8000::154|:443... connected.
HTTP request sent, awaiting response... 200 OK
Length: 4194362 (4.0M) [application/octet-stream]
Saving to: ‘/home/anish/ps1_ws/src/build/multirobot_map_merge/map05.pgm’

     0K .......... .......... .......... .......... ..........  1%  279K 14s
    50K .......... .......... .......... .......... ..........  2%  530K 11s
   100K .......... .......... .......... .......... ..........  3% 1.03M 8s
   150K .......... .......... .......... .......... ..........  4%  648K 8s
   200K .......... .......... .......... .......... ..........  6% 1.04M 7s
   250K .......... .......... .......... .......... ..........  7%  693K 7s
   300K .......... .......... .......... .......... ..........  8%  430K 7s
   350K .......... .......... .......... .......... ..........  9%  321K 7s
   400K .......... .......... .......... .......... .......... 10%  248K 8s
   450K .......... .......... .......... .......... .......... 12%  603K 8s
   500K .......... .......... .......... .......... .......... 13%  513K 8s
   550K .......... .......... .......... .......... .......... 14%  895K 7s
   600K .......... .......... .......... .......... .......... 15%  840K 7s
   650K .......... .......... .......... .......... .......... 17%  674K 7s
   700K .......... .......... .......... .......... .......... 18%  997K 6s
   750K .......... .......... .......... .......... .......... 19%  654K 6s
   800K .......... .......... .......... .......... .......... 20% 1.04M 6s
   850K .......... .......... .......... .......... .......... 21% 1.54M 6s
   900K .......... .......... .......... .......... .......... 23%  790K 5s
   950K .......... .......... .......... .......... .......... 24%  953K 5s
  1000K .......... .......... .......... .......... .......... 25% 1.10M 5s
  1050K .......... .......... .......... .......... .......... 26% 1.01M 5s
  1100K .......... .......... .......... .......... .......... 28%  184K 5s
  1150K .......... .......... .......... .......... .......... 29%  464K 5s
  1200K .......... .......... .......... .......... .......... 30%  446K 5s
  1250K .......... .......... .......... .......... .......... 31%  629K 5s
  1300K .......... .......... .......... .......... .......... 32% 1.40M 5s
  1350K .......... .......... .......... .......... .......... 34%  682K 5s
  1400K .......... .......... .......... .......... .......... 35% 1.12M 5s
  1450K .......... .......... .......... .......... .......... 36%  448K 5s
  1500K .......... .......... .......... .......... .......... 37% 1016K 4s
  1550K .......... .......... .......... .......... .......... 39%  843K 4s
  1600K .......... .......... .......... .......... .......... 40% 1013K 4s
  1650K .......... .......... .......... .......... .......... 41%  769K 4s
  1700K .......... .......... .......... .......... .......... 42%  768K 4s
  1750K .......... .......... .......... .......... .......... 43%  571K 4s
  1800K .......... .......... .......... .......... .......... 45%  611K 4s
  1850K .......... .......... .......... .......... .......... 46%  570K 4s
  1900K .......... .......... .......... .......... .......... 47%  530K 4s
  1950K .......... .......... .......... .......... .......... 48%  736K 3s
  2000K .......... .......... .......... .......... .......... 50% 1.67M 3s
  2050K .......... .......... .......... .......... .......... 51%  262K 3s
  2100K .......... .......... .......... .......... .......... 52%  591K 3s
  2150K .......... .......... .......... .......... .......... 53%  811K 3s
  2200K .......... .......... .......... .......... .......... 54%  288K 3s
  2250K .......... .......... .......... .......... .......... 56%  332K 3s
  2300K .......... .......... .......... .......... .......... 57%  908K 3s
  2350K .......... .......... .......... .......... .......... 58%  291K 3s
  2400K .......... .......... .......... .......... .......... 59%  583K 3s
  2450K .......... .......... .......... .......... .......... 61%  720K 3s
  2500K .......... .......... .......... .......... .......... 62%  266K 3s
  2550K .......... .......... .......... .......... .......... 63%  451K 3s
  2600K .......... .......... .......... .......... .......... 64%  525K 3s
  2650K .......... .......... .......... .......... .......... 65%  295K 3s
  2700K .......... .......... .......... .......... .......... 67% 1005K 2s
  2750K .......... .......... .......... .......... .......... 68%  220K 2s
  2800K .......... .......... .......... .......... .......... 69%  332K 2s
  2850K .......... .......... .......... .......... .......... 70%  647K 2s
  2900K .......... .......... .......... .......... .......... 72%  619K 2s
  2950K .......... .......... .......... .......... .......... 73%  898K 2s
  3000K .......... .......... .......... .......... .......... 74% 2.00M 2s
  3050K .......... .......... .......... .......... .......... 75% 1.08M 2s
  3100K .......... .......... .......... .......... .......... 76%  440K 2s
  3150K .......... .......... .......... .......... .......... 78%  259K 2s
  3200K .......... .......... .......... .......... .......... 79%  569K 2s
  3250K .......... .......... .......... .......... .......... 80%  641K 1s
  3300K .......... .......... .......... .......... .......... 81%  846K 1s
  3350K .......... .......... .......... .......... .......... 83%  619K 1s
  3400K .......... .......... .......... .......... .......... 84% 1.88M 1s
  3450K .......... .......... .......... .......... .......... 85%  832K 1s
  3500K .......... .......... .......... .......... .......... 86%  800K 1s
  3550K .......... .......... .......... .......... .......... 87% 1.65M 1s
  3600K .......... .......... .......... .......... .......... 89% 1.03M 1s
  3650K .......... .......... .......... .......... .......... 90%  869K 1s
  3700K .......... .......... .......... .......... .......... 91% 1.25M 1s
  3750K .......... .......... .......... .......... .......... 92%  899K 1s
  3800K .......... .......... .......... .......... .......... 93% 2.06M 0s
  3850K .......... .......... .......... .......... .......... 95% 1.17M 0s
  3900K .......... .......... .......... .......... .......... 96% 1.67M 0s
  3950K .......... .......... .......... .......... .......... 97% 1.05M 0s
  4000K .......... .......... .......... .......... .......... 98% 1.37M 0s
  4050K .......... .......... .......... .......... ......    100% 3.49M=6.8s

2025-06-28 21:20:27 (599 KB/s) - ‘/home/anish/ps1_ws/src/build/multirobot_map_merge/map05.pgm’ saved [4194362/4194362]

--2025-06-28 21:20:27--  https://raw.githubusercontent.com/hrnr/m-explore-extra/master/map_merge/gmapping_maps/2011-08-09-12-22-52.pgm
Resolving raw.githubusercontent.com (raw.githubusercontent.com)... 2606:50c0:8000::154, 2606:50c0:8002::154, 2606:50c0:8003::154, ...
Connecting to raw.githubusercontent.com (raw.githubusercontent.com)|2606:50c0:8000::154|:443... connected.
HTTP request sent, awaiting response... 200 OK
Length: 16000058 (15M) [application/octet-stream]
Saving to: ‘/home/anish/ps1_ws/src/build/multirobot_map_merge/2011-08-09-12-22-52.pgm’

     0K .......... .......... .......... .......... ..........  0%  743K 21s
    50K .......... .......... .......... .......... ..........  0% 1.01M 18s
   100K .......... .......... .......... .......... ..........  0% 1.68M 15s
   150K .......... .......... .......... .......... ..........  1% 1019K 15s
   200K .......... .......... .......... .......... ..........  1% 1.98M 13s
   250K .......... .......... .......... .......... ..........  1%  845K 14s
   300K .......... .......... .......... .......... ..........  2% 1.94M 13s
   350K .......... .......... .......... .......... ..........  2%  731K 14s
   400K .......... .......... .......... .......... ..........  2% 1.82M 13s
   450K .......... .......... .......... .......... ..........  3%  944K 14s
   500K .......... .......... .......... .......... ..........  3% 4.12M 13s
   550K .......... .......... .......... .......... ..........  3% 3.28M 12s
   600K .......... .......... .......... .......... ..........  4%  879K 12s
   650K .......... .......... .......... .......... ..........  4% 6.65M 12s
   700K .......... .......... .......... .......... ..........  4% 1.51M 11s
   750K .......... .......... .......... .......... ..........  5% 1.08M 11s
   800K .......... .......... .......... .......... ..........  5% 4.14M 11s
   850K .......... .......... .......... .......... ..........  5% 1.83M 11s
   900K .......... .......... .......... .......... ..........  6% 4.86M 10s
   950K .......... .......... .......... .......... ..........  6% 5.14M 10s
  1000K .......... .......... .......... .......... ..........  6% 1.01M 10s
  1050K .......... .......... .......... .......... ..........  7% 1.74M 10s
  1100K .......... .......... .......... .......... ..........  7% 11.4M 10s
  1150K .......... .......... .......... .......... ..........  7% 1.61M 9s
  1200K .......... .......... .......... .......... ..........  7% 1.24M 10s
  1250K .......... .......... .......... .......... ..........  8% 1.51M 9s
  1300K .......... .......... .......... .......... ..........  8% 2.66M 9s
  1350K .......... .......... .......... .......... ..........  8% 1.46M 9s
  1400K .......... .......... .......... .......... ..........  9% 4.00M 9s
  1450K .......... .......... .......... .......... ..........  9% 1.38M 9s
  1500K .......... .......... .......... .......... ..........  9% 1.16M 9s
  1550K .......... .......... .......... .......... .......... 10% 4.01M 9s
  1600K .......... .......... .......... .......... .......... 10% 1.23M 9s
  1650K .......... .......... .......... .......... .......... 10% 1.34M 9s
  1700K .......... .......... .......... .......... .......... 11% 3.93M 9s
  1750K .......... .......... .......... .......... .......... 11% 7.53M 9s
  1800K .......... .......... .......... .......... .......... 11% 1.75M 8s
  1850K .......... .......... .......... .......... .......... 12% 1.56M 8s
  1900K .......... .......... .......... .......... .......... 12% 4.84M 8s
  1950K .......... .......... .......... .......... .......... 12% 2.69M 8s
  2000K .......... .......... .......... .......... .......... 13%  944K 8s
  2050K .......... .......... .......... .......... .......... 13% 3.01M 8s
  2100K .......... .......... .......... .......... .......... 13% 7.48M 8s
  2150K .......... .......... .......... .......... .......... 14% 3.53M 8s
  2200K .......... .......... .......... .......... .......... 14% 1.17M 8s
  2250K .......... .......... .......... .......... .......... 14% 5.32M 8s
  2300K .......... .......... .......... .......... .......... 15% 2.81M 8s
  2350K .......... .......... .......... .......... .......... 15% 35.3M 7s
  2400K .......... .......... .......... .......... .......... 15% 1.94M 7s
  2450K .......... .......... .......... .......... .......... 15% 1.84M 7s
  2500K .......... .......... .......... .......... .......... 16% 3.09M 7s
  2550K .......... .......... .......... .......... .......... 16% 10.7M 7s
  2600K .......... .......... .......... .......... .......... 16% 3.84M 7s
  2650K .......... .......... .......... .......... .......... 17% 1.88M 7s
  2700K .......... .......... .......... .......... .......... 17%  909K 7s
  2750K .......... .......... .......... .......... .......... 17% 1.62M 7s
  2800K .......... .......... .......... .......... .......... 18% 6.29M 7s
  2850K .......... .......... .......... .......... .......... 18% 8.37M 7s
  2900K .......... .......... .......... .......... .......... 18% 9.50M 7s
  2950K .......... .......... .......... .......... .......... 19% 1.91M 7s
  3000K .......... .......... .......... .......... .......... 19% 3.96M 7s
  3050K .......... .......... .......... .......... .......... 19% 3.98M 7s
  3100K .......... .......... .......... .......... .......... 20% 3.99M 6s
  3150K .......... .......... .......... .......... .......... 20% 5.82M 6s
  3200K .......... .......... .......... .......... .......... 20% 13.2M 6s
  3250K .......... .......... .......... .......... .......... 21% 2.15M 6s
  3300K .......... .......... .......... .......... .......... 21% 2.56M 6s
  3350K .......... .......... .......... .......... .......... 21% 3.24M 6s
  3400K .......... .......... .......... .......... .......... 22% 13.6M 6s
  3450K .......... .......... .......... .......... .......... 22% 3.08M 6s
  3500K .......... .......... .......... .......... .......... 22% 2.04M 6s
  3550K .......... .......... .......... .......... .......... 23% 12.2M 6s
  3600K .......... .......... .......... .......... .......... 23% 1.05M 6s
  3650K .......... .......... .......... .......... .......... 23% 8.41M 6s
  3700K .......... .......... .......... .......... .......... 23% 1.26M 6s
  3750K .......... .......... .......... .......... .......... 24% 9.37M 6s
  3800K .......... .......... .......... .......... .......... 24% 3.00M 6s
  3850K .......... .......... .......... .......... .......... 24% 16.0M 6s
  3900K .......... .......... .......... .......... .......... 25% 10.5M 6s
  3950K .......... .......... .......... .......... .......... 25% 9.89M 5s
  4000K .......... .......... .......... .......... .......... 25% 1.17M 5s
  4050K .......... .......... .......... .......... .......... 26% 2.52M 5s
  4100K .......... .......... .......... .......... .......... 26% 3.73M 5s
  4150K .......... .......... .......... .......... .......... 26% 3.16M 5s
  4200K .......... .......... .......... .......... .......... 27% 11.2M 5s
  4250K .......... .......... .......... .......... .......... 27% 3.28M 5s
  4300K .......... .......... .......... .......... .......... 27% 7.55M 5s
  4350K .......... .......... .......... .......... .......... 28% 7.08M 5s
  4400K .......... .......... .......... .......... .......... 28% 6.07M 5s
  4450K .......... .......... .......... .......... .......... 28% 21.1M 5s
  4500K .......... .......... .......... .......... .......... 29% 2.34M 5s
  4550K .......... .......... .......... .......... .......... 29% 5.00M 5s
  4600K .......... .......... .......... .......... .......... 29% 2.41M 5s
  4650K .......... .......... .......... .......... .......... 30% 3.38M 5s
  4700K .......... .......... .......... .......... .......... 30% 4.97M 5s
  4750K .......... .......... .......... .......... .......... 30% 2.50M 5s
  4800K .......... .......... .......... .......... .......... 31% 5.39M 5s
  4850K .......... .......... .......... .......... .......... 31% 10.3M 5s
  4900K .......... .......... .......... .......... .......... 31% 9.56M 5s
  4950K .......... .......... .......... .......... .......... 31% 2.89M 5s
  5000K .......... .......... .......... .......... .......... 32% 59.5M 4s
  5050K .......... .......... .......... .......... .......... 32% 13.5M 4s
  5100K .......... .......... .......... .......... .......... 32% 3.31M 4s
  5150K .......... .......... .......... .......... .......... 33% 2.79M 4s
  5200K .......... .......... .......... .......... .......... 33% 5.96M 4s
  5250K .......... .......... .......... .......... .......... 33% 9.90M 4s
  5300K .......... .......... .......... .......... .......... 34% 7.39M 4s
  5350K .......... .......... .......... .......... .......... 34% 6.99M 4s
  5400K .......... .......... .......... .......... .......... 34% 8.37M 4s
  5450K .......... .......... .......... .......... .......... 35% 37.5M 4s
  5500K .......... .......... .......... .......... .......... 35% 13.4M 4s
  5550K .......... .......... .......... .......... .......... 35% 3.23M 4s
  5600K .......... .......... .......... .......... .......... 36% 3.30M 4s
  5650K .......... .......... .......... .......... .......... 36% 12.0M 4s
  5700K .......... .......... .......... .......... .......... 36% 10.2M 4s
  5750K .......... .......... .......... .......... .......... 37% 11.9M 4s
  5800K .......... .......... .......... .......... .......... 37% 3.96M 4s
  5850K .......... .......... .......... .......... .......... 37% 4.02M 4s
  5900K .......... .......... .......... .......... .......... 38% 9.98M 4s
  5950K .......... .......... .......... .......... .......... 38% 3.36M 4s
  6000K .......... .......... .......... .......... .......... 38% 4.51M 4s
  6050K .......... .......... .......... .......... .......... 39% 3.83M 4s
  6100K .......... .......... .......... .......... .......... 39% 2.53M 4s
  6150K .......... .......... .......... .......... .......... 39% 3.17M 4s
  6200K .......... .......... .......... .......... .......... 39% 2.94M 4s
  6250K .......... .......... .......... .......... .......... 40% 6.06M 4s
  6300K .......... .......... .......... .......... .......... 40% 2.82M 4s
  6350K .......... .......... .......... .......... .......... 40% 9.52M 3s
  6400K .......... .......... .......... .......... .......... 41% 1.64M 3s
  6450K .......... .......... .......... .......... .......... 41% 1.76M 3s
  6500K .......... .......... .......... .......... .......... 41% 8.27M 3s
  6550K .......... .......... .......... .......... .......... 42% 8.41M 3s
  6600K .......... .......... .......... .......... .......... 42% 2.12M 3s
  6650K .......... .......... .......... .......... .......... 42%  220M 3s
  6700K .......... .......... .......... .......... .......... 43%  289M 3s
  6750K .......... .......... .......... .......... .......... 43% 12.6M 3s
  6800K .......... .......... .......... .......... .......... 43% 8.94M 3s
  6850K .......... .......... .......... .......... .......... 44% 11.4M 3s
  6900K .......... .......... .......... .......... .......... 44% 6.42M 3s
  6950K .......... .......... .......... .......... .......... 44% 6.42M 3s
  7000K .......... .......... .......... .......... .......... 45% 1.38M 3s
  7050K .......... .......... .......... .......... .......... 45% 5.89M 3s
  7100K .......... .......... .......... .......... .......... 45% 2.87M 3s
  7150K .......... .......... .......... .......... .......... 46% 9.81M 3s
  7200K .......... .......... .......... .......... .......... 46% 8.24M 3s
  7250K .......... .......... .......... .......... .......... 46% 10.3M 3s
  7300K .......... .......... .......... .......... .......... 47% 12.5M 3s
  7350K .......... .......... .......... .......... .......... 47% 12.2M 3s
  7400K .......... .......... .......... .......... .......... 47% 11.1M 3s
  7450K .......... .......... .......... .......... .......... 47% 6.05M 3s
  7500K .......... .......... .......... .......... .......... 48% 7.89M 3s
  7550K .......... .......... .......... .......... .......... 48% 2.29M 3s
  7600K .......... .......... .......... .......... .......... 48% 4.86M 3s
  7650K .......... .......... .......... .......... .......... 49% 8.23M 3s
  7700K .......... .......... .......... .......... .......... 49% 8.82M 3s
  7750K .......... .......... .......... .......... .......... 49% 9.70M 3s
  7800K .......... .......... .......... .......... .......... 50% 10.4M 3s
  7850K .......... .......... .......... .......... .......... 50% 12.6M 3s
  7900K .......... .......... .......... .......... .......... 50% 9.02M 3s
  7950K .......... .......... .......... .......... .......... 51% 14.5M 3s
  8000K .......... .......... .......... .......... .......... 51% 5.78M 3s
  8050K .......... .......... .......... .......... .......... 51% 11.1M 3s
  8100K .......... .......... .......... .......... .......... 52% 12.6M 2s
  8150K .......... .......... .......... .......... .......... 52% 3.41M 2s
  8200K .......... .......... .......... .......... .......... 52% 9.55M 2s
  8250K .......... .......... .......... .......... .......... 53% 5.60M 2s
  8300K .......... .......... .......... .......... .......... 53% 10.2M 2s
  8350K .......... .......... .......... .......... .......... 53% 6.46M 2s
  8400K .......... .......... .......... .......... .......... 54% 1.68M 2s
  8450K .......... .......... .......... .......... .......... 54% 11.8M 2s
  8500K .......... .......... .......... .......... .......... 54% 10.1M 2s
  8550K .......... .......... .......... .......... .......... 55% 6.55M 2s
  8600K .......... .......... .......... .......... .......... 55% 2.17M 2s
  8650K .......... .......... .......... .......... .......... 55% 4.83M 2s
  8700K .......... .......... .......... .......... .......... 55% 2.06M 2s
  8750K .......... .......... .......... .......... .......... 56% 6.24M 2s
  8800K .......... .......... .......... .......... .......... 56% 4.60M 2s
  8850K .......... .......... .......... .......... .......... 56% 7.75M 2s
  8900K .......... .......... .......... .......... .......... 57% 1.80M 2s
  8950K .......... .......... .......... .......... .......... 57% 3.81M 2s
  9000K .......... .......... .......... .......... .......... 57% 6.94M 2s
  9050K .......... .......... .......... .......... .......... 58% 1.60M 2s
  9100K .......... .......... .......... .......... .......... 58% 6.30M 2s
  9150K .......... .......... .......... .......... .......... 58% 9.98M 2s
  9200K .......... .......... .......... .......... .......... 59% 7.29M 2s
  9250K .......... .......... .......... .......... .......... 59% 9.24M 2s
  9300K .......... .......... .......... .......... .......... 59% 12.3M 2s
  9350K .......... .......... .......... .......... .......... 60% 9.64M 2s
  9400K .......... .......... .......... .......... .......... 60% 10.5M 2s
  9450K .......... .......... .......... .......... .......... 60% 12.3M 2s
  9500K .......... .......... .......... .......... .......... 61% 4.81M 2s
  9550K .......... .......... .......... .......... .......... 61% 4.29M 2s
  9600K .......... .......... .......... .......... .......... 61% 2.53M 2s
  9650K .......... .......... .......... .......... .......... 62% 2.07M 2s
  9700K .......... .......... .......... .......... .......... 62% 4.54M 2s
  9750K .......... .......... .......... .......... .......... 62% 3.97M 2s
  9800K .......... .......... .......... .......... .......... 63% 2.36M 2s
  9850K .......... .......... .......... .......... .......... 63% 5.76M 2s
  9900K .......... .......... .......... .......... .......... 63% 7.52M 2s
  9950K .......... .......... .......... .......... .......... 63% 6.64M 2s
 10000K .......... .......... .......... .......... .......... 64% 1.42M 2s
 10050K .......... .......... .......... .......... .......... 64% 7.89M 2s
 10100K .......... .......... .......... .......... .......... 64% 3.19M 2s
 10150K .......... .......... .......... .......... .......... 65% 7.09M 2s
 10200K .......... .......... .......... .......... .......... 65% 4.83M 2s
 10250K .......... .......... .......... .......... .......... 65% 2.80M 2s
 10300K .......... .......... .......... .......... .......... 66% 4.59M 2s
 10350K .......... .......... .......... .......... .......... 66% 1.50M 2s
 10400K .......... .......... .......... .......... .......... 66% 5.72M 2s
 10450K .......... .......... .......... .......... .......... 67% 4.74M 2s
 10500K .......... .......... .......... .......... .......... 67% 6.34M 2s
 10550K .......... .......... .......... .......... .......... 67% 1.63M 2s
 10600K .......... .......... .......... .......... .......... 68% 6.56M 2s
 10650K .......... .......... .......... .......... .......... 68% 6.74M 2s
 10700K .......... .......... .......... .......... .......... 68% 12.8M 2s
 10750K .......... .......... .......... .......... .......... 69% 9.40M 1s
 10800K .......... .......... .......... .......... .......... 69% 10.2M 1s
 10850K .......... .......... .......... .......... .......... 69% 10.7M 1s
 10900K .......... .......... .......... .......... .......... 70% 11.6M 1s
 10950K .......... .......... .......... .......... .......... 70% 5.65M 1s
 11000K .......... .......... .......... .......... .......... 70%  104M 1s
 11050K .......... .......... .......... .......... .......... 71% 13.6M 1s
 11100K .......... .......... .......... .......... .......... 71% 3.73M 1s
 11150K .......... .......... .......... .......... .......... 71% 2.54M 1s
 11200K .......... .......... .......... .......... .......... 71% 4.38M 1s
 11250K .......... .......... .......... .......... .......... 72% 7.11M 1s
 11300K .......... .......... .......... .......... .......... 72% 15.2M 1s
 11350K .......... .......... .......... .......... .......... 72% 8.81M 1s
 11400K .......... .......... .......... .......... .......... 73% 12.8M 1s
 11450K .......... .......... .......... .......... .......... 73% 1.98M 1s
 11500K .......... .......... .......... .......... .......... 73% 9.74M 1s
 11550K .......... .......... .......... .......... .......... 74% 8.43M 1s
 11600K .......... .......... .......... .......... .......... 74% 6.34M 1s
 11650K .......... .......... .......... .......... .......... 74% 6.98M 1s
 11700K .......... .......... .......... .......... .......... 75% 2.51M 1s
 11750K .......... .......... .......... .......... .......... 75% 4.06M 1s
 11800K .......... .......... .......... .......... .......... 75% 5.53M 1s
 11850K .......... .......... .......... .......... .......... 76% 1.65M 1s
 11900K .......... .......... .......... .......... .......... 76% 11.6M 1s
 11950K .......... .......... .......... .......... .......... 76% 13.3M 1s
 12000K .......... .......... .......... .......... .......... 77% 5.95M 1s
 12050K .......... .......... .......... .......... .......... 77% 1.22M 1s
 12100K .......... .......... .......... .......... .......... 77% 10.2M 1s
 12150K .......... .......... .......... .......... .......... 78% 12.4M 1s
 12200K .......... .......... .......... .......... .......... 78% 3.66M 1s
 12250K .......... .......... .......... .......... .......... 78% 3.54M 1s
 12300K .......... .......... .......... .......... .......... 79% 11.8M 1s
 12350K .......... .......... .......... .......... .......... 79% 5.22M 1s
 12400K .......... .......... .......... .......... .......... 79% 7.63M 1s
 12450K .......... .......... .......... .......... .......... 79% 7.89M 1s
 12500K .......... .......... .......... .......... .......... 80% 17.5M 1s
 12550K .......... .......... .......... .......... .......... 80% 11.3M 1s
 12600K .......... .......... .......... .......... .......... 80% 4.59M 1s
 12650K .......... .......... .......... .......... .......... 81% 5.20M 1s
 12700K .......... .......... .......... .......... .......... 81% 5.17M 1s
 12750K .......... .......... .......... .......... .......... 81% 12.8M 1s
 12800K .......... .......... .......... .......... .......... 82% 8.44M 1s
 12850K .......... .......... .......... .......... .......... 82% 3.87M 1s
 12900K .......... .......... .......... .......... .......... 82% 3.34M 1s
 12950K .......... .......... .......... .......... .......... 83% 1.48M 1s
 13000K .......... .......... .......... .......... .......... 83% 2.02M 1s
 13050K .......... .......... .......... .......... .......... 83% 1.18M 1s
 13100K .......... .......... .......... .......... .......... 84% 3.44M 1s
 13150K .......... .......... .......... .......... .......... 84% 3.40M 1s
 13200K .......... .......... .......... .......... .......... 84% 6.13M 1s
 13250K .......... .......... .......... .......... .......... 85% 11.3M 1s
 13300K .......... .......... .......... .......... .......... 85% 12.0M 1s
 13350K .......... .......... .......... .......... .......... 85% 10.4M 1s
 13400K .......... .......... .......... .......... .......... 86% 10.5M 1s
 13450K .......... .......... .......... .......... .......... 86% 6.77M 1s
 13500K .......... .......... .......... .......... .......... 86% 2.60M 1s
 13550K .......... .......... .......... .......... .......... 87% 3.68M 1s
 13600K .......... .......... .......... .......... .......... 87% 4.65M 1s
 13650K .......... .......... .......... .......... .......... 87% 6.69M 1s
 13700K .......... .......... .......... .......... .......... 87% 2.66M 1s
 13750K .......... .......... .......... .......... .......... 88% 8.58M 1s
 13800K .......... .......... .......... .......... .......... 88% 15.2M 1s
 13850K .......... .......... .......... .......... .......... 88% 10.3M 0s
 13900K .......... .......... .......... .......... .......... 89% 10.1M 0s
 13950K .......... .......... .......... .......... .......... 89% 12.0M 0s
 14000K .......... .......... .......... .......... .......... 89% 9.99M 0s
 14050K .......... .......... .......... .......... .......... 90% 11.8M 0s
 14100K .......... .......... .......... .......... .......... 90% 12.4M 0s
 14150K .......... .......... .......... .......... .......... 90% 11.1M 0s
 14200K .......... .......... .......... .......... .......... 91% 10.2M 0s
 14250K .......... .......... .......... .......... .......... 91% 13.1M 0s
 14300K .......... .......... .......... .......... .......... 91% 10.9M 0s
 14350K .......... .......... .......... .......... .......... 92% 10.4M 0s
 14400K .......... .......... .......... .......... .......... 92% 3.75M 0s
 14450K .......... .......... .......... .......... .......... 92% 2.88M 0s
 14500K .......... .......... .......... .......... .......... 93% 8.25M 0s
 14550K .......... .......... .......... .......... .......... 93% 11.6M 0s
 14600K .......... .......... .......... .......... .......... 93% 5.40M 0s
 14650K .......... .......... .......... .......... .......... 94% 10.1M 0s
 14700K .......... .......... .......... .......... .......... 94% 77.7M 0s
 14750K .......... .......... .......... .......... .......... 94% 7.43M 0s
 14800K .......... .......... .......... .......... .......... 95% 6.58M 0s
 14850K .......... .......... .......... .......... .......... 95% 11.3M 0s
 14900K .......... .......... .......... .......... .......... 95% 9.11M 0s
 14950K .......... .......... .......... .......... .......... 95% 14.5M 0s
 15000K .......... .......... .......... .......... .......... 96% 11.1M 0s
 15050K .......... .......... .......... .......... .......... 96% 10.3M 0s
 15100K .......... .......... .......... .......... .......... 96% 13.4M 0s
 15150K .......... .......... .......... .......... .......... 97% 11.5M 0s
 15200K .......... .......... .......... .......... .......... 97% 9.11M 0s
 15250K .......... .......... .......... .......... .......... 97% 10.2M 0s
 15300K .......... .......... .......... .......... .......... 98% 12.1M 0s
 15350K .......... .......... .......... .......... .......... 98% 2.82M 0s
 15400K .......... .......... .......... .......... .......... 98% 2.30M 0s
 15450K .......... .......... .......... .......... .......... 99% 7.12M 0s
 15500K .......... .......... .......... .......... .......... 99% 10.2M 0s
 15550K .......... .......... .......... .......... .......... 99% 4.18M 0s
 15600K .......... .......... .....                           100% 10.6M=4.2s

2025-06-28 21:20:32 (3.63 MB/s) - ‘/home/anish/ps1_ws/src/build/multirobot_map_merge/2011-08-09-12-22-52.pgm’ saved [16000058/16000058]

--2025-06-28 21:20:32--  https://raw.githubusercontent.com/hrnr/m-explore-extra/master/map_merge/gmapping_maps/2012-01-28-11-12-01.pgm
Resolving raw.githubusercontent.com (raw.githubusercontent.com)... 2606:50c0:8000::154, 2606:50c0:8002::154, 2606:50c0:8003::154, ...
Connecting to raw.githubusercontent.com (raw.githubusercontent.com)|2606:50c0:8000::154|:443... connected.
HTTP request sent, awaiting response... 200 OK
Length: 16000058 (15M) [application/octet-stream]
Saving to: ‘/home/anish/ps1_ws/src/build/multirobot_map_merge/2012-01-28-11-12-01.pgm’

     0K .......... .......... .......... .......... ..........  0%  953K 16s
    50K .......... .......... .......... .......... ..........  0% 2.64M 11s
   100K .......... .......... .......... .......... ..........  0% 1.38M 11s
   150K .......... .......... .......... .......... ..........  1% 3.50M 9s
   200K .......... .......... .......... .......... ..........  1% 1.66M 9s
   250K .......... .......... .......... .......... ..........  1% 3.46M 8s
   300K .......... .......... .......... .......... ..........  2% 3.08M 8s
   350K .......... .......... .......... .......... ..........  2% 1.62M 8s
   400K .......... .......... .......... .......... ..........  2% 6.14M 7s
   450K .......... .......... .......... .......... ..........  3% 1.19M 8s
   500K .......... .......... .......... .......... ..........  3%  622K 9s
   550K .......... .......... .......... .......... ..........  3% 2.42M 9s
   600K .......... .......... .......... .......... ..........  4% 2.06M 9s
   650K .......... .......... .......... .......... ..........  4% 3.46M 8s
   700K .......... .......... .......... .......... ..........  4% 2.27M 8s
   750K .......... .......... .......... .......... ..........  5% 1.66M 8s
   800K .......... .......... .......... .......... ..........  5% 3.45M 8s
   850K .......... .......... .......... .......... ..........  5% 1.11M 8s
   900K .......... .......... .......... .......... ..........  6% 2.93M 8s
   950K .......... .......... .......... .......... ..........  6%  990K 8s
  1000K .......... .......... .......... .......... ..........  6% 3.94M 8s
  1050K .......... .......... .......... .......... ..........  7% 1.47M 8s
  1100K .......... .......... .......... .......... ..........  7% 2.20M 8s
  1150K .......... .......... .......... .......... ..........  7% 1.32M 8s
  1200K .......... .......... .......... .......... ..........  7% 4.55M 8s
  1250K .......... .......... .......... .......... ..........  8% 5.66M 8s
  1300K .......... .......... .......... .......... ..........  8% 1.02M 8s
  1350K .......... .......... .......... .......... ..........  8% 1.95M 8s
  1400K .......... .......... .......... .......... ..........  9% 1.70M 8s
  1450K .......... .......... .......... .......... ..........  9%  900K 8s
  1500K .......... .......... .......... .......... ..........  9% 2.71M 8s
  1550K .......... .......... .......... .......... .......... 10% 1.12M 8s
  1600K .......... .......... .......... .......... .......... 10% 2.04M 8s
  1650K .......... .......... .......... .......... .......... 10% 1.28M 8s
  1700K .......... .......... .......... .......... .......... 11% 1.75M 8s
  1750K .......... .......... .......... .......... .......... 11% 4.11M 8s
  1800K .......... .......... .......... .......... .......... 11% 1.56M 8s
  1850K .......... .......... .......... .......... .......... 12% 1.38M 8s
  1900K .......... .......... .......... .......... .......... 12%  905K 8s
  1950K .......... .......... .......... .......... .......... 12%  683K 8s
  2000K .......... .......... .......... .......... .......... 13% 1.26M 8s
  2050K .......... .......... .......... .......... .......... 13% 1.32M 8s
  2100K .......... .......... .......... .......... .......... 13% 1.10M 8s
  2150K .......... .......... .......... .......... .......... 14% 1.14M 8s
  2200K .......... .......... .......... .......... .......... 14% 1.98M 8s
  2250K .......... .......... .......... .......... .......... 14%  740K 9s
  2300K .......... .......... .......... .......... .......... 15%  916K 9s
  2350K .......... .......... .......... .......... .......... 15% 8.64M 8s
  2400K .......... .......... .......... .......... .......... 15% 1.49M 8s
  2450K .......... .......... .......... .......... .......... 15%  864K 9s
  2500K .......... .......... .......... .......... .......... 16% 1.61M 8s
  2550K .......... .......... .......... .......... .......... 16% 1.07M 8s
  2600K .......... .......... .......... .......... .......... 16% 1.09M 9s
  2650K .......... .......... .......... .......... .......... 17% 1.12M 9s
  2700K .......... .......... .......... .......... .......... 17% 2.06M 8s
  2750K .......... .......... .......... .......... .......... 17%  360K 9s
  2800K .......... .......... .......... .......... .......... 18%  655K 9s
  2850K .......... .......... .......... .......... .......... 18% 2.04M 9s
  2900K .......... .......... .......... .......... .......... 18%  864K 9s
  2950K .......... .......... .......... .......... .......... 19%  575K 9s
  3000K .......... .......... .......... .......... .......... 19% 1.37M 9s
  3050K .......... .......... .......... .......... .......... 19% 1.02M 9s
  3100K .......... .......... .......... .......... .......... 20% 1.07M 9s
  3150K .......... .......... .......... .......... .......... 20% 1.11M 9s
  3200K .......... .......... .......... .......... .......... 20% 2.82M 9s
  3250K .......... .......... .......... .......... .......... 21% 3.73M 9s
  3300K .......... .......... .......... .......... .......... 21% 1.13M 9s
  3350K .......... .......... .......... .......... .......... 21% 3.09M 9s
  3400K .......... .......... .......... .......... .......... 22% 2.91M 9s
  3450K .......... .......... .......... .......... .......... 22% 1.06M 9s
  3500K .......... .......... .......... .......... .......... 22% 2.57M 9s
  3550K .......... .......... .......... .......... .......... 23% 2.95M 9s
  3600K .......... .......... .......... .......... .......... 23% 1.42M 8s
  3650K .......... .......... .......... .......... .......... 23% 3.95M 8s
  3700K .......... .......... .......... .......... .......... 23% 6.23M 8s
  3750K .......... .......... .......... .......... .......... 24% 1.09M 8s
  3800K .......... .......... .......... .......... .......... 24% 4.52M 8s
  3850K .......... .......... .......... .......... .......... 24% 4.17M 8s
  3900K .......... .......... .......... .......... .......... 25% 2.25M 8s
  3950K .......... .......... .......... .......... .......... 25% 5.05M 8s
  4000K .......... .......... .......... .......... .......... 25%  891K 8s
  4050K .......... .......... .......... .......... .......... 26% 1.53M 8s
  4100K .......... .......... .......... .......... .......... 26% 1.21M 8s
  4150K .......... .......... .......... .......... .......... 26% 3.57M 8s
  4200K .......... .......... .......... .......... .......... 27%  951K 8s
  4250K .......... .......... .......... .......... .......... 27% 3.42M 8s
  4300K .......... .......... .......... .......... .......... 27% 3.00M 8s
  4350K .......... .......... .......... .......... .......... 28% 1.28M 8s
  4400K .......... .......... .......... .......... .......... 28% 4.40M 7s
  4450K .......... .......... .......... .......... .......... 28% 5.51M 7s
  4500K .......... .......... .......... .......... .......... 29%  794K 7s
  4550K .......... .......... .......... .......... .......... 29% 2.58M 7s
  4600K .......... .......... .......... .......... .......... 29% 2.68M 7s
  4650K .......... .......... .......... .......... .......... 30% 3.07M 7s
  4700K .......... .......... .......... .......... .......... 30%  956K 7s
  4750K .......... .......... .......... .......... .......... 30% 2.01M 7s
  4800K .......... .......... .......... .......... .......... 31% 4.30M 7s
  4850K .......... .......... .......... .......... .......... 31%  751K 7s
  4900K .......... .......... .......... .......... .......... 31% 3.57M 7s
  4950K .......... .......... .......... .......... .......... 31% 3.01M 7s
  5000K .......... .......... .......... .......... .......... 32% 1.03M 7s
  5050K .......... .......... .......... .......... .......... 32% 3.83M 7s
  5100K .......... .......... .......... .......... .......... 32% 2.56M 7s
  5150K .......... .......... .......... .......... .......... 33%  990K 7s
  5200K .......... .......... .......... .......... .......... 33% 2.08M 7s
  5250K .......... .......... .......... .......... .......... 33% 3.41M 7s
  5300K .......... .......... .......... .......... .......... 34% 1.01M 7s
  5350K .......... .......... .......... .......... .......... 34% 2.42M 7s
  5400K .......... .......... .......... .......... .......... 34% 6.43M 7s
  5450K .......... .......... .......... .......... .......... 35% 1020K 7s
  5500K .......... .......... .......... .......... .......... 35% 3.96M 7s
  5550K .......... .......... .......... .......... .......... 35% 2.76M 6s
  5600K .......... .......... .......... .......... .......... 36%  997K 6s
  5650K .......... .......... .......... .......... .......... 36% 4.46M 6s
  5700K .......... .......... .......... .......... .......... 36% 4.95M 6s
  5750K .......... .......... .......... .......... .......... 37%  978K 6s
  5800K .......... .......... .......... .......... .......... 37% 3.86M 6s
  5850K .......... .......... .......... .......... .......... 37% 2.34M 6s
  5900K .......... .......... .......... .......... .......... 38% 1.78M 6s
  5950K .......... .......... .......... .......... .......... 38% 3.26M 6s
  6000K .......... .......... .......... .......... .......... 38% 3.71M 6s
  6050K .......... .......... .......... .......... .......... 39%  941K 6s
  6100K .......... .......... .......... .......... .......... 39% 3.15M 6s
  6150K .......... .......... .......... .......... .......... 39% 1.46M 6s
  6200K .......... .......... .......... .......... .......... 39% 1.09M 6s
  6250K .......... .......... .......... .......... .......... 40% 5.48M 6s
  6300K .......... .......... .......... .......... .......... 40% 2.09M 6s
  6350K .......... .......... .......... .......... .......... 40% 3.82M 6s
  6400K .......... .......... .......... .......... .......... 41% 1.69M 6s
  6450K .......... .......... .......... .......... .......... 41% 6.04M 6s
  6500K .......... .......... .......... .......... .......... 41% 7.32M 6s
  6550K .......... .......... .......... .......... .......... 42% 1.88M 6s
  6600K .......... .......... .......... .......... .......... 42% 4.80M 6s
  6650K .......... .......... .......... .......... .......... 42% 14.4M 5s
  6700K .......... .......... .......... .......... .......... 43% 1.19M 5s
  6750K .......... .......... .......... .......... .......... 43% 1.99M 5s
  6800K .......... .......... .......... .......... .......... 43% 2.71M 5s
  6850K .......... .......... .......... .......... .......... 44%  933K 5s
  6900K .......... .......... .......... .......... .......... 44% 2.96M 5s
  6950K .......... .......... .......... .......... .......... 44% 3.74M 5s
  7000K .......... .......... .......... .......... .......... 45% 1.50M 5s
  7050K .......... .......... .......... .......... .......... 45%  836K 5s
  7100K .......... .......... .......... .......... .......... 45% 1.14M 5s
  7150K .......... .......... .......... .......... .......... 46%  816K 5s
  7200K .......... .......... .......... .......... .......... 46% 2.77M 5s
  7250K .......... .......... .......... .......... .......... 46% 1.23M 5s
  7300K .......... .......... .......... .......... .......... 47% 1.72M 5s
  7350K .......... .......... .......... .......... .......... 47% 1.70M 5s
  7400K .......... .......... .......... .......... .......... 47% 1.71M 5s
  7450K .......... .......... .......... .......... .......... 47% 2.02M 5s
  7500K .......... .......... .......... .......... .......... 48% 1.35M 5s
  7550K .......... .......... .......... .......... .......... 48% 1.17M 5s
  7600K .......... .......... .......... .......... .......... 48% 3.58M 5s
  7650K .......... .......... .......... .......... .......... 49% 1.47M 5s
  7700K .......... .......... .......... .......... .......... 49% 1.32M 5s
  7750K .......... .......... .......... .......... .......... 49% 3.89M 5s
  7800K .......... .......... .......... .......... .......... 50% 1.42M 5s
  7850K .......... .......... .......... .......... .......... 50% 2.76M 5s
  7900K .......... .......... .......... .......... .......... 50% 1.29M 5s
  7950K .......... .......... .......... .......... .......... 51% 1.08M 5s
  8000K .......... .......... .......... .......... .......... 51% 1.09M 5s
  8050K .......... .......... .......... .......... .......... 51% 1.21M 5s
  8100K .......... .......... .......... .......... .......... 52% 1.90M 5s
  8150K .......... .......... .......... .......... .......... 52% 3.07M 5s
  8200K .......... .......... .......... .......... .......... 52% 1.43M 5s
  8250K .......... .......... .......... .......... .......... 53% 1.21M 5s
  8300K .......... .......... .......... .......... .......... 53% 2.21M 4s
  8350K .......... .......... .......... .......... .......... 53% 1011K 4s
  8400K .......... .......... .......... .......... .......... 54% 3.31M 4s
  8450K .......... .......... .......... .......... .......... 54% 4.29M 4s
  8500K .......... .......... .......... .......... .......... 54% 1.46M 4s
  8550K .......... .......... .......... .......... .......... 55% 1.67M 4s
  8600K .......... .......... .......... .......... .......... 55% 3.94M 4s
  8650K .......... .......... .......... .......... .......... 55% 2.51M 4s
  8700K .......... .......... .......... .......... .......... 55% 1.68M 4s
  8750K .......... .......... .......... .......... .......... 56% 3.88M 4s
  8800K .......... .......... .......... .......... .......... 56% 7.02M 4s
  8850K .......... .......... .......... .......... .......... 56% 1.49M 4s
  8900K .......... .......... .......... .......... .......... 57% 1.53M 4s
  8950K .......... .......... .......... .......... .......... 57% 1.73M 4s
  9000K .......... .......... .......... .......... .......... 57% 3.57M 4s
  9050K .......... .......... .......... .......... .......... 58% 5.25M 4s
  9100K .......... .......... .......... .......... .......... 58% 4.55M 4s
  9150K .......... .......... .......... .......... .......... 58%  835K 4s
  9200K .......... .......... .......... .......... .......... 59% 6.15M 4s
  9250K .......... .......... .......... .......... .......... 59% 1.27M 4s
  9300K .......... .......... .......... .......... .......... 59% 1.02M 4s
  9350K .......... .......... .......... .......... .......... 60% 2.99M 4s
  9400K .......... .......... .......... .......... .......... 60% 2.74M 4s
  9450K .......... .......... .......... .......... .......... 60% 2.25M 4s
  9500K .......... .......... .......... .......... .......... 61% 1.35M 4s
  9550K .......... .......... .......... .......... .......... 61% 1.67M 4s
  9600K .......... .......... .......... .......... .......... 61% 8.45M 4s
  9650K .......... .......... .......... .......... .......... 62% 3.61M 4s
  9700K .......... .......... .......... .......... .......... 62% 4.03M 4s
  9750K .......... .......... .......... .......... .......... 62% 1.10M 3s
  9800K .......... .......... .......... .......... .......... 63% 1.35M 3s
  9850K .......... .......... .......... .......... .......... 63% 1.43M 3s
  9900K .......... .......... .......... .......... .......... 63% 2.06M 3s
  9950K .......... .......... .......... .......... .......... 63% 1.19M 3s
 10000K .......... .......... .......... .......... .......... 64% 3.01M 3s
 10050K .......... .......... .......... .......... .......... 64% 4.12M 3s
 10100K .......... .......... .......... .......... .......... 64% 2.16M 3s
 10150K .......... .......... .......... .......... .......... 65% 2.98M 3s
 10200K .......... .......... .......... .......... .......... 65% 4.10M 3s
 10250K .......... .......... .......... .......... .......... 65% 3.98M 3s
 10300K .......... .......... .......... .......... .......... 66% 4.05M 3s
 10350K .......... .......... .......... .......... .......... 66% 5.32M 3s
 10400K .......... .......... .......... .......... .......... 66% 3.59M 3s
 10450K .......... .......... .......... .......... .......... 67% 15.8M 3s
 10500K .......... .......... .......... .......... .......... 67% 9.79M 3s
 10550K .......... .......... .......... .......... .......... 67% 7.11M 3s
 10600K .......... .......... .......... .......... .......... 68% 2.38M 3s
 10650K .......... .......... .......... .......... .......... 68% 2.62M 3s
 10700K .......... .......... .......... .......... .......... 68% 37.0M 3s
 10750K .......... .......... .......... .......... .......... 69% 14.4M 3s
 10800K .......... .......... .......... .......... .......... 69% 2.37M 3s
 10850K .......... .......... .......... .......... .......... 69% 3.23M 3s
 10900K .......... .......... .......... .......... .......... 70% 9.56M 3s
 10950K .......... .......... .......... .......... .......... 70% 2.79M 3s
 11000K .......... .......... .......... .......... .......... 70% 17.4M 3s
 11050K .......... .......... .......... .......... .......... 71% 7.51M 3s
 11100K .......... .......... .......... .......... .......... 71% 6.41M 3s
 11150K .......... .......... .......... .......... .......... 71% 4.96M 2s
 11200K .......... .......... .......... .......... .......... 71% 2.92M 2s
 11250K .......... .......... .......... .......... .......... 72% 6.03M 2s
 11300K .......... .......... .......... .......... .......... 72% 10.5M 2s
 11350K .......... .......... .......... .......... .......... 72% 1.26M 2s
 11400K .......... .......... .......... .......... .......... 73% 4.79M 2s
 11450K .......... .......... .......... .......... .......... 73% 4.24M 2s
 11500K .......... .......... .......... .......... .......... 73% 6.32M 2s
 11550K .......... .......... .......... .......... .......... 74% 8.49M 2s
 11600K .......... .......... .......... .......... .......... 74% 1.40M 2s
 11650K .......... .......... .......... .......... .......... 74% 1.54M 2s
 11700K .......... .......... .......... .......... .......... 75% 2.69M 2s
 11750K .......... .......... .......... .......... .......... 75% 11.8M 2s
 11800K .......... .......... .......... .......... .......... 75% 3.30M 2s
 11850K .......... .......... .......... .......... .......... 76% 4.76M 2s
 11900K .......... .......... .......... .......... .......... 76% 2.18M 2s
 11950K .......... .......... .......... .......... .......... 76%  706K 2s
 12000K .......... .......... .......... .......... .......... 77% 1.20M 2s
 12050K .......... .......... .......... .......... .......... 77% 2.12M 2s
 12100K .......... .......... .......... .......... .......... 77% 3.83M 2s
 12150K .......... .......... .......... .......... .......... 78% 4.52M 2s
 12200K .......... .......... .......... .......... .......... 78% 5.63M 2s
 12250K .......... .......... .......... .......... .......... 78% 8.37M 2s
 12300K .......... .......... .......... .......... .......... 79% 5.09M 2s
 12350K .......... .......... .......... .......... .......... 79% 3.10M 2s
 12400K .......... .......... .......... .......... .......... 79% 3.20M 2s
 12450K .......... .......... .......... .......... .......... 79% 4.48M 2s
 12500K .......... .......... .......... .......... .......... 80% 5.98M 2s
 12550K .......... .......... .......... .......... .......... 80% 9.25M 2s
 12600K .......... .......... .......... .......... .......... 80% 7.35M 2s
 12650K .......... .......... .......... .......... .......... 81% 2.04M 2s
 12700K .......... .......... .......... .......... .......... 81% 3.08M 2s
 12750K .......... .......... .......... .......... .......... 81% 4.50M 2s
 12800K .......... .......... .......... .......... .......... 82% 2.64M 1s
 12850K .......... .......... .......... .......... .......... 82% 3.98M 1s
 12900K .......... .......... .......... .......... .......... 82% 2.42M 1s
 12950K .......... .......... .......... .......... .......... 83% 10.1M 1s
 13000K .......... .......... .......... .......... .......... 83% 2.19M 1s
 13050K .......... .......... .......... .......... .......... 83% 1.41M 1s
 13100K .......... .......... .......... .......... .......... 84%  610K 1s
 13150K .......... .......... .......... .......... .......... 84% 1.38M 1s
 13200K .......... .......... .......... .......... .......... 84% 2.70M 1s
 13250K .......... .......... .......... .......... .......... 85% 4.29M 1s
 13300K .......... .......... .......... .......... .......... 85% 12.3M 1s
 13350K .......... .......... .......... .......... .......... 85% 6.90M 1s
 13400K .......... .......... .......... .......... .......... 86% 2.52M 1s
 13450K .......... .......... .......... .......... .......... 86% 8.45M 1s
 13500K .......... .......... .......... .......... .......... 86% 6.94M 1s
 13550K .......... .......... .......... .......... .......... 87% 2.87M 1s
 13600K .......... .......... .......... .......... .......... 87% 1.63M 1s
 13650K .......... .......... .......... .......... .......... 87% 4.28M 1s
 13700K .......... .......... .......... .......... .......... 87% 4.88M 1s
 13750K .......... .......... .......... .......... .......... 88% 5.71M 1s
 13800K .......... .......... .......... .......... .......... 88% 6.99M 1s
 13850K .......... .......... .......... .......... .......... 88% 4.32M 1s
 13900K .......... .......... .......... .......... .......... 89% 16.0M 1s
 13950K .......... .......... .......... .......... .......... 89% 1.60M 1s
 14000K .......... .......... .......... .......... .......... 89% 9.69M 1s
 14050K .......... .......... .......... .......... .......... 90% 14.3M 1s
 14100K .......... .......... .......... .......... .......... 90% 10.6M 1s
 14150K .......... .......... .......... .......... .......... 90% 10.6M 1s
 14200K .......... .......... .......... .......... .......... 91% 11.6M 1s
 14250K .......... .......... .......... .......... .......... 91% 1.94M 1s
 14300K .......... .......... .......... .......... .......... 91% 3.41M 1s
 14350K .......... .......... .......... .......... .......... 92% 6.10M 1s
 14400K .......... .......... .......... .......... .......... 92% 15.1M 1s
 14450K .......... .......... .......... .......... .......... 92% 12.7M 1s
 14500K .......... .......... .......... .......... .......... 93% 11.4M 1s
 14550K .......... .......... .......... .......... .......... 93% 1.48M 1s
 14600K .......... .......... .......... .......... .......... 93% 1.99M 0s
 14650K .......... .......... .......... .......... .......... 94% 1.38M 0s
 14700K .......... .......... .......... .......... .......... 94% 4.17M 0s
 14750K .......... .......... .......... .......... .......... 94% 3.18M 0s
 14800K .......... .......... .......... .......... .......... 95% 5.51M 0s
 14850K .......... .......... .......... .......... .......... 95% 6.70M 0s
 14900K .......... .......... .......... .......... .......... 95% 7.84M 0s
 14950K .......... .......... .......... .......... .......... 95% 2.14M 0s
 15000K .......... .......... .......... .......... .......... 96% 3.26M 0s
 15050K .......... .......... .......... .......... .......... 96% 1.84M 0s
 15100K .......... .......... .......... .......... .......... 96% 3.83M 0s
 15150K .......... .......... .......... .......... .......... 97% 7.92M 0s
 15200K .......... .......... .......... .......... .......... 97% 6.03M 0s
 15250K .......... .......... .......... .......... .......... 97% 5.33M 0s
 15300K .......... .......... .......... .......... .......... 98% 16.5M 0s
 15350K .......... .......... .......... .......... .......... 98% 4.04M 0s
 15400K .......... .......... .......... .......... .......... 98% 2.48M 0s
 15450K .......... .......... .......... .......... .......... 99% 7.89M 0s
 15500K .......... .......... .......... .......... .......... 99% 4.64M 0s
 15550K .......... .......... .......... .......... .......... 99% 9.38M 0s
 15600K .......... .......... .....                           100% 7.28M=7.6s

2025-06-28 21:20:41 (2.00 MB/s) - ‘/home/anish/ps1_ws/src/build/multirobot_map_merge/2012-01-28-11-12-01.pgm’ saved [16000058/16000058]

