[0.680s] Invoking command in '/home/anish/ps1_ws/src/build/multirobot_map_merge': CMAKE_PREFIX_PATH=${CMAKE_PREFIX_PATH}:/opt/ros/humble /usr/bin/cmake /home/anish/ps1_ws/src/m-explore-ros2/map_merge -DCMAKE_INSTALL_PREFIX=/home/anish/ps1_ws/src/install/multirobot_map_merge
[0.779s] -- The C compiler identification is GNU 11.4.0
[0.864s] -- The CXX compiler identification is GNU 11.4.0
[0.874s] -- Detecting C compiler ABI info
[1.001s] -- Detecting C compiler ABI info - done
[1.008s] -- Check for working C compiler: /usr/bin/cc - skipped
[1.008s] -- Detecting C compile features
[1.009s] -- Detecting C compile features - done
[1.015s] -- Detecting CXX compiler ABI info
[1.155s] -- Detecting CXX compiler ABI info - done
[1.161s] -- Check for working CXX compiler: /usr/bin/c++ - skipped
[1.161s] -- Detecting CXX compile features
[1.163s] -- Detecting CXX compile features - done
[1.168s] -- Found ament_cmake: 1.3.11 (/opt/ros/humble/share/ament_cmake/cmake)
[1.412s] -- Found Python3: /usr/bin/python3 (found version "3.10.12") found components: Interpreter 
[1.603s] -- Found rclcpp: 16.0.12 (/opt/ros/humble/share/rclcpp/cmake)
[1.674s] -- Found rosidl_generator_c: 3.1.6 (/opt/ros/humble/share/rosidl_generator_c/cmake)
[1.683s] -- Found rosidl_adapter: 3.1.6 (/opt/ros/humble/share/rosidl_adapter/cmake)
[1.695s] -- Found rosidl_generator_cpp: 3.1.6 (/opt/ros/humble/share/rosidl_generator_cpp/cmake)
[1.711s] -- Using all available rosidl_typesupport_c: rosidl_typesupport_fastrtps_c;rosidl_typesupport_introspection_c
[1.733s] -- Using all available rosidl_typesupport_cpp: rosidl_typesupport_fastrtps_cpp;rosidl_typesupport_introspection_cpp
[1.793s] -- Found rmw_implementation_cmake: 6.1.2 (/opt/ros/humble/share/rmw_implementation_cmake/cmake)
[1.797s] -- Found rmw_cyclonedds_cpp: 1.3.4 (/opt/ros/humble/share/rmw_cyclonedds_cpp/cmake)
[1.827s] -- Using RMW implementation 'rmw_cyclonedds_cpp' as default
[1.844s] -- Looking for pthread.h
[1.920s] -- Looking for pthread.h - found
[1.920s] -- Performing Test CMAKE_HAVE_LIBC_PTHREAD
[2.003s] -- Performing Test CMAKE_HAVE_LIBC_PTHREAD - Success
[2.009s] -- Found Threads: TRUE  
[2.085s] -- Found geometry_msgs: 4.9.0 (/opt/ros/humble/share/geometry_msgs/cmake)
[2.106s] -- Found image_geometry: 3.2.1 (/opt/ros/humble/share/image_geometry/cmake)
[2.163s] -- Found map_msgs: 2.1.0 (/opt/ros/humble/share/map_msgs/cmake)
[2.230s] -- Found tf2_geometry_msgs: 0.25.13 (/opt/ros/humble/share/tf2_geometry_msgs/cmake)
[2.273s] -- Found eigen3_cmake_module: 0.1.1 (/opt/ros/humble/share/eigen3_cmake_module/cmake)
[2.276s] -- Found Eigen3: TRUE (found version "3.4.0") 
[2.276s] -- Ensuring Eigen3 include directory is part of orocos-kdl CMake target
[2.469s] -- Found Boost: /usr/lib/x86_64-linux-gnu/cmake/Boost-1.74.0/BoostConfig.cmake (found version "1.74.0") found components: thread 
[2.477s] -- Found OpenCV: /usr (found version "4.5.4") 
[2.506s] -- Found ament_lint_auto: 0.12.12 (/opt/ros/humble/share/ament_lint_auto/cmake)
[2.677s] -- Found ament_cmake_gtest: 1.3.11 (/opt/ros/humble/share/ament_cmake_gtest/cmake)
[2.689s] --2025-06-28 21:20:15--  https://raw.githubusercontent.com/hrnr/m-explore-extra/master/map_merge/hector_maps/map00.pgm
[2.834s] Resolving raw.githubusercontent.com (raw.githubusercontent.com)... 2606:50c0:8003::154, 2606:50c0:8000::154, 2606:50c0:8001::154, ...
[2.975s] Connecting to raw.githubusercontent.com (raw.githubusercontent.com)|2606:50c0:8003::154|:443... connected.
[3.720s] HTTP request sent, awaiting response... 200 OK
[3.720s] Length: 4194362 (4.0M) [application/octet-stream]
[3.720s] Saving to: ‘/home/anish/ps1_ws/src/build/multirobot_map_merge/map00.pgm’
[3.720s] 
[3.830s]      0K .......... .......... .......... .......... ..........  1%  446K 9s
[3.940s]     50K .......... .......... .......... .......... ..........  2%  456K 9s
[4.040s]    100K .......... .......... .......... .......... ..........  3%  506K 8s
[4.155s]    150K .......... .......... .......... .......... ..........  4%  433K 8s
[4.224s]    200K .......... .......... .......... .......... ..........  6%  718K 8s
[4.300s]    250K .......... .......... .......... .......... ..........  7%  663K 7s
[4.363s]    300K .......... .......... .......... .......... ..........  8%  816K 7s
[4.432s]    350K .......... .......... .......... .......... ..........  9%  704K 7s
[4.503s]    400K .......... .......... .......... .......... .......... 10%  705K 6s
[4.550s]    450K .......... .......... .......... .......... .......... 12% 1.03M 6s
[4.611s]    500K .......... .......... .......... .......... .......... 13%  822K 6s
[4.668s]    550K .......... .......... .......... .......... .......... 14%  907K 6s
[4.721s]    600K .......... .......... .......... .......... .......... 15%  910K 5s
[4.773s]    650K .......... .......... .......... .......... .......... 17%  962K 5s
[4.824s]    700K .......... .......... .......... .......... .......... 18% 2.11M 5s
[4.837s]    750K .......... .......... .......... .......... .......... 19% 1.21M 5s
[4.857s]    800K .......... .......... .......... .......... .......... 20% 2.52M 4s
[4.890s]    850K .......... .......... .......... .......... .......... 21% 1.48M 4s
[4.926s]    900K .......... .......... .......... .......... .......... 23% 1.32M 4s
[4.943s]    950K .......... .......... .......... .......... .......... 24% 2.95M 4s
[4.986s]   1000K .......... .......... .......... .......... .......... 25% 1.13M 4s
[4.999s]   1050K .......... .......... .......... .......... .......... 26% 3.60M 3s
[5.011s]   1100K .......... .......... .......... .......... .......... 28% 4.81M 3s
[5.050s]   1150K .......... .......... .......... .......... .......... 29% 1.20M 3s
[5.072s]   1200K .......... .......... .......... .......... .......... 30% 2.25M 3s
[5.101s]   1250K .......... .......... .......... .......... .......... 31% 1.64M 3s
[5.136s]   1300K .......... .......... .......... .......... .......... 32% 1.41M 3s
[5.154s]   1350K .......... .......... .......... .......... .......... 34% 4.15M 3s
[5.185s]   1400K .......... .......... .......... .......... .......... 35% 1.41M 3s
[5.198s]   1450K .......... .......... .......... .......... .......... 36% 3.24M 3s
[5.228s]   1500K .......... .......... .......... .......... .......... 37% 1.60M 2s
[5.271s]   1550K .......... .......... .......... .......... .......... 39% 1.16M 2s
[5.305s]   1600K .......... .......... .......... .......... .......... 40% 1.53M 2s
[5.378s]   1650K .......... .......... .......... .......... .......... 41%  662K 2s
[5.401s]   1700K .......... .......... .......... .......... .......... 42% 2.10M 2s
[5.458s]   1750K .......... .......... .......... .......... .......... 43% 1.07M 2s
[5.506s]   1800K .......... .......... .......... .......... .......... 45%  853K 2s
[5.523s]   1850K .......... .......... .......... .......... .......... 46% 2.68M 2s
[5.534s]   1900K .......... .......... .......... .......... .......... 47% 4.64M 2s
[5.546s]   1950K .......... .......... .......... .......... .......... 48% 4.18M 2s
[5.582s]   2000K .......... .......... .......... .......... .......... 50% 1.33M 2s
[5.615s]   2050K .......... .......... .......... .......... .......... 51% 1.47M 2s
[5.626s]   2100K .......... .......... .......... .......... .......... 52% 5.95M 2s
[5.661s]   2150K .......... .......... .......... .......... .......... 53% 2.66M 2s
[5.701s]   2200K .......... .......... .......... .......... .......... 54%  853K 2s
[5.721s]   2250K .......... .......... .......... .......... .......... 56% 2.40M 2s
[5.745s]   2300K .......... .......... .......... .......... .......... 57% 2.07M 2s
[5.784s]   2350K .......... .......... .......... .......... .......... 58% 1.26M 1s
[5.825s]   2400K .......... .......... .......... .......... .......... 59% 1.22M 1s
[5.835s]   2450K .......... .......... .......... .......... .......... 61% 4.04M 1s
[5.843s]   2500K .......... .......... .......... .......... .......... 62% 6.23M 1s
[5.853s]   2550K .......... .......... .......... .......... .......... 63% 5.76M 1s
[5.881s]   2600K .......... .......... .......... .......... .......... 64% 1.67M 1s
[5.896s]   2650K .......... .......... .......... .......... .......... 65% 3.35M 1s
[5.914s]   2700K .......... .......... .......... .......... .......... 67% 2.84M 1s
[5.932s]   2750K .......... .......... .......... .......... .......... 68% 2.88M 1s
[5.957s]   2800K .......... .......... .......... .......... .......... 69% 1.81M 1s
[5.970s]   2850K .......... .......... .......... .......... .......... 70% 3.77M 1s
[5.990s]   2900K .......... .......... .......... .......... .......... 72% 2.73M 1s
[6.024s]   2950K .......... .......... .......... .......... .......... 73% 1.85M 1s
[6.037s]   3000K .......... .......... .......... .......... .......... 74% 2.25M 1s
[6.073s]   3050K .......... .......... .......... .......... .......... 75% 1.30M 1s
[6.127s]   3100K .......... .......... .......... .......... .......... 76%  934K 1s
[6.158s]   3150K .......... .......... .......... .......... .......... 78% 1.56M 1s
[6.171s]   3200K .......... .......... .......... .......... .......... 79% 3.89M 1s
[6.205s]   3250K .......... .......... .......... .......... .......... 80% 1.44M 1s
[6.223s]   3300K .......... .......... .......... .......... .......... 81% 2.69M 1s
[6.247s]   3350K .......... .......... .......... .......... .......... 83% 2.66M 1s
[6.285s]   3400K .......... .......... .......... .......... .......... 84% 1.13M 0s
[6.305s]   3450K .......... .......... .......... .......... .......... 85% 2.42M 0s
[6.317s]   3500K .......... .......... .......... .......... .......... 86% 4.31M 0s
[6.321s]   3550K .......... .......... .......... .......... .......... 87% 9.29M 0s
[6.335s]   3600K .......... .......... .......... .......... .......... 89% 3.58M 0s
[6.370s]   3650K .......... .......... .......... .......... .......... 90% 1.37M 0s
[6.378s]   3700K .......... .......... .......... .......... .......... 91% 6.13M 0s
[6.391s]   3750K .......... .......... .......... .......... .......... 92% 7.04M 0s
[6.397s]   3800K .......... .......... .......... .......... .......... 93% 4.21M 0s
[6.408s]   3850K .......... .......... .......... .......... .......... 95% 4.49M 0s
[6.466s]   3900K .......... .......... .......... .......... .......... 96%  901K 0s
[6.483s]   3950K .......... .......... .......... .......... .......... 97% 2.72M 0s
[6.506s]   4000K .......... .......... .......... .......... .......... 98% 1.98M 0s
[6.542s]   4050K .......... .......... .......... .......... ......    100% 1.27M=2.8s
[6.542s] 
[6.543s] 2025-06-28 21:20:19 (1.42 MB/s) - ‘/home/anish/ps1_ws/src/build/multirobot_map_merge/map00.pgm’ saved [4194362/4194362]
[6.543s] 
[6.548s] Checking MD5 sum of /home/anish/ps1_ws/src/build/multirobot_map_merge/map00.pgm
[6.569s] /home/anish/ps1_ws/src/build/multirobot_map_merge/map00.pgm: OK
[6.593s] --2025-06-28 21:20:19--  https://raw.githubusercontent.com/hrnr/m-explore-extra/master/map_merge/hector_maps/map05.pgm
[6.601s] Resolving raw.githubusercontent.com (raw.githubusercontent.com)... 2606:50c0:8000::154, 2606:50c0:8001::154, 2606:50c0:8003::154, ...
[6.639s] Connecting to raw.githubusercontent.com (raw.githubusercontent.com)|2606:50c0:8000::154|:443... connected.
[7.507s] HTTP request sent, awaiting response... 200 OK
[7.507s] Length: 4194362 (4.0M) [application/octet-stream]
[7.507s] Saving to: ‘/home/anish/ps1_ws/src/build/multirobot_map_merge/map05.pgm’
[7.507s] 
[7.684s]      0K .......... .......... .......... .......... ..........  1%  279K 14s
[7.779s]     50K .......... .......... .......... .......... ..........  2%  530K 11s
[7.826s]    100K .......... .......... .......... .......... ..........  3% 1.03M 8s
[7.903s]    150K .......... .......... .......... .......... ..........  4%  648K 8s
[7.950s]    200K .......... .......... .......... .......... ..........  6% 1.04M 7s
[8.022s]    250K .......... .......... .......... .......... ..........  7%  693K 7s
[8.149s]    300K .......... .......... .......... .......... ..........  8%  430K 7s
[8.296s]    350K .......... .......... .......... .......... ..........  9%  321K 7s
[8.498s]    400K .......... .......... .......... .......... .......... 10%  248K 8s
[8.582s]    450K .......... .......... .......... .......... .......... 12%  603K 8s
[8.676s]    500K .......... .......... .......... .......... .......... 13%  513K 8s
[8.732s]    550K .......... .......... .......... .......... .......... 14%  895K 7s
[8.792s]    600K .......... .......... .......... .......... .......... 15%  840K 7s
[8.866s]    650K .......... .......... .......... .......... .......... 17%  674K 7s
[8.947s]    700K .......... .......... .......... .......... .......... 18%  997K 6s
[8.993s]    750K .......... .......... .......... .......... .......... 19%  654K 6s
[9.039s]    800K .......... .......... .......... .......... .......... 20% 1.04M 6s
[9.071s]    850K .......... .......... .......... .......... .......... 21% 1.54M 6s
[9.134s]    900K .......... .......... .......... .......... .......... 23%  790K 5s
[9.187s]    950K .......... .......... .......... .......... .......... 24%  953K 5s
[9.231s]   1000K .......... .......... .......... .......... .......... 25% 1.10M 5s
[9.279s]   1050K .......... .......... .......... .......... .......... 26% 1.01M 5s
[9.582s]   1100K .......... .......... .......... .......... .......... 28%  184K 5s
[9.659s]   1150K .......... .......... .......... .......... .......... 29%  464K 5s
[9.771s]   1200K .......... .......... .......... .......... .......... 30%  446K 5s
[9.850s]   1250K .......... .......... .......... .......... .......... 31%  629K 5s
[9.885s]   1300K .......... .......... .......... .......... .......... 32% 1.40M 5s
[9.959s]   1350K .......... .......... .......... .......... .......... 34%  682K 5s
[10.002s]   1400K .......... .......... .......... .......... .......... 35% 1.12M 5s
[10.114s]   1450K .......... .......... .......... .......... .......... 36%  448K 5s
[10.175s]   1500K .......... .......... .......... .......... .......... 37% 1016K 4s
[10.223s]   1550K .......... .......... .......... .......... .......... 39%  843K 4s
[10.272s]   1600K .......... .......... .......... .......... .......... 40% 1013K 4s
[10.337s]   1650K .......... .......... .......... .......... .......... 41%  769K 4s
[10.402s]   1700K .......... .......... .......... .......... .......... 42%  768K 4s
[10.490s]   1750K .......... .......... .......... .......... .......... 43%  571K 4s
[10.571s]   1800K .......... .......... .......... .......... .......... 45%  611K 4s
[10.659s]   1850K .......... .......... .......... .......... .......... 46%  570K 4s
[10.766s]   1900K .......... .......... .......... .......... .......... 47%  530K 4s
[10.821s]   1950K .......... .......... .......... .......... .......... 48%  736K 3s
[10.851s]   2000K .......... .......... .......... .......... .......... 50% 1.67M 3s
[11.042s]   2050K .......... .......... .......... .......... .......... 51%  262K 3s
[11.126s]   2100K .......... .......... .......... .......... .......... 52%  591K 3s
[11.188s]   2150K .......... .......... .......... .......... .......... 53%  811K 3s
[11.361s]   2200K .......... .......... .......... .......... .......... 54%  288K 3s
[11.512s]   2250K .......... .......... .......... .......... .......... 56%  332K 3s
[11.579s]   2300K .......... .......... .......... .......... .......... 57%  908K 3s
[11.739s]   2350K .......... .......... .......... .......... .......... 58%  291K 3s
[11.825s]   2400K .......... .......... .......... .......... .......... 59%  583K 3s
[11.894s]   2450K .......... .......... .......... .......... .......... 61%  720K 3s
[12.082s]   2500K .......... .......... .......... .......... .......... 62%  266K 3s
[12.193s]   2550K .......... .......... .......... .......... .......... 63%  451K 3s
[12.288s]   2600K .......... .......... .......... .......... .......... 64%  525K 3s
[12.458s]   2650K .......... .......... .......... .......... .......... 65%  295K 3s
[12.526s]   2700K .......... .......... .......... .......... .......... 67% 1005K 2s
[12.734s]   2750K .......... .......... .......... .......... .......... 68%  220K 2s
[12.885s]   2800K .......... .......... .......... .......... .......... 69%  332K 2s
[12.962s]   2850K .......... .......... .......... .......... .......... 70%  647K 2s
[13.043s]   2900K .......... .......... .......... .......... .......... 72%  619K 2s
[13.099s]   2950K .......... .......... .......... .......... .......... 73%  898K 2s
[13.123s]   3000K .......... .......... .......... .......... .......... 74% 2.00M 2s
[13.168s]   3050K .......... .......... .......... .......... .......... 75% 1.08M 2s
[13.371s]   3100K .......... .......... .......... .......... .......... 76%  440K 2s
[13.475s]   3150K .......... .......... .......... .......... .......... 78%  259K 2s
[13.563s]   3200K .......... .......... .......... .......... .......... 79%  569K 2s
[13.641s]   3250K .......... .......... .......... .......... .......... 80%  641K 1s
[13.700s]   3300K .......... .......... .......... .......... .......... 81%  846K 1s
[13.781s]   3350K .......... .......... .......... .......... .......... 83%  619K 1s
[13.807s]   3400K .......... .......... .......... .......... .......... 84% 1.88M 1s
[13.867s]   3450K .......... .......... .......... .......... .......... 85%  832K 1s
[13.940s]   3500K .......... .......... .......... .......... .......... 86%  800K 1s
[13.959s]   3550K .......... .......... .......... .......... .......... 87% 1.65M 1s
[14.006s]   3600K .......... .......... .......... .......... .......... 89% 1.03M 1s
[14.064s]   3650K .......... .......... .......... .......... .......... 90%  869K 1s
[14.103s]   3700K .......... .......... .......... .......... .......... 91% 1.25M 1s
[14.159s]   3750K .......... .......... .......... .......... .......... 92%  899K 1s
[14.182s]   3800K .......... .......... .......... .......... .......... 93% 2.06M 0s
[14.224s]   3850K .......... .......... .......... .......... .......... 95% 1.17M 0s
[14.261s]   3900K .......... .......... .......... .......... .......... 96% 1.67M 0s
[14.300s]   3950K .......... .......... .......... .......... .......... 97% 1.05M 0s
[14.335s]   4000K .......... .......... .......... .......... .......... 98% 1.37M 0s
[14.349s]   4050K .......... .......... .......... .......... ......    100% 3.49M=6.8s
[14.349s] 
[14.350s] 2025-06-28 21:20:27 (599 KB/s) - ‘/home/anish/ps1_ws/src/build/multirobot_map_merge/map05.pgm’ saved [4194362/4194362]
[14.350s] 
[14.350s] Checking MD5 sum of /home/anish/ps1_ws/src/build/multirobot_map_merge/map05.pgm
[14.358s] /home/anish/ps1_ws/src/build/multirobot_map_merge/map05.pgm: OK
[14.367s] --2025-06-28 21:20:27--  https://raw.githubusercontent.com/hrnr/m-explore-extra/master/map_merge/gmapping_maps/2011-08-09-12-22-52.pgm
[14.370s] Resolving raw.githubusercontent.com (raw.githubusercontent.com)... 2606:50c0:8000::154, 2606:50c0:8002::154, 2606:50c0:8003::154, ...
[14.400s] Connecting to raw.githubusercontent.com (raw.githubusercontent.com)|2606:50c0:8000::154|:443... connected.
[15.875s] HTTP request sent, awaiting response... 200 OK
[15.875s] Length: 16000058 (15M) [application/octet-stream]
[15.875s] Saving to: ‘/home/anish/ps1_ws/src/build/multirobot_map_merge/2011-08-09-12-22-52.pgm’
[15.875s] 
[15.942s]      0K .......... .......... .......... .......... ..........  0%  743K 21s
[15.990s]     50K .......... .......... .......... .......... ..........  0% 1.01M 18s
[16.019s]    100K .......... .......... .......... .......... ..........  0% 1.68M 15s
[16.069s]    150K .......... .......... .......... .......... ..........  1% 1019K 15s
[16.093s]    200K .......... .......... .......... .......... ..........  1% 1.98M 13s
[16.152s]    250K .......... .......... .......... .......... ..........  1%  845K 14s
[16.177s]    300K .......... .......... .......... .......... ..........  2% 1.94M 13s
[16.252s]    350K .......... .......... .......... .......... ..........  2%  731K 14s
[16.273s]    400K .......... .......... .......... .......... ..........  2% 1.82M 13s
[16.326s]    450K .......... .......... .......... .......... ..........  3%  944K 14s
[16.338s]    500K .......... .......... .......... .......... ..........  3% 4.12M 13s
[16.352s]    550K .......... .......... .......... .......... ..........  3% 3.28M 12s
[16.409s]    600K .......... .......... .......... .......... ..........  4%  879K 12s
[16.417s]    650K .......... .......... .......... .......... ..........  4% 6.65M 12s
[16.449s]    700K .......... .......... .......... .......... ..........  4% 1.51M 11s
[16.497s]    750K .......... .......... .......... .......... ..........  5% 1.08M 11s
[16.506s]    800K .......... .......... .......... .......... ..........  5% 4.14M 11s
[16.533s]    850K .......... .......... .......... .......... ..........  5% 1.83M 11s
[16.543s]    900K .......... .......... .......... .......... ..........  6% 4.86M 10s
[16.552s]    950K .......... .......... .......... .......... ..........  6% 5.14M 10s
[16.600s]   1000K .......... .......... .......... .......... ..........  6% 1.01M 10s
[16.629s]   1050K .......... .......... .......... .......... ..........  7% 1.74M 10s
[16.633s]   1100K .......... .......... .......... .......... ..........  7% 11.4M 10s
[16.683s]   1150K .......... .......... .......... .......... ..........  7% 1.61M 9s
[16.703s]   1200K .......... .......... .......... .......... ..........  7% 1.24M 10s
[16.735s]   1250K .......... .......... .......... .......... ..........  8% 1.51M 9s
[16.753s]   1300K .......... .......... .......... .......... ..........  8% 2.66M 9s
[16.787s]   1350K .......... .......... .......... .......... ..........  8% 1.46M 9s
[16.799s]   1400K .......... .......... .......... .......... ..........  9% 4.00M 9s
[16.834s]   1450K .......... .......... .......... .......... ..........  9% 1.38M 9s
[16.876s]   1500K .......... .......... .......... .......... ..........  9% 1.16M 9s
[16.896s]   1550K .......... .......... .......... .......... .......... 10% 4.01M 9s
[16.928s]   1600K .......... .......... .......... .......... .......... 10% 1.23M 9s
[16.965s]   1650K .......... .......... .......... .......... .......... 10% 1.34M 9s
[16.977s]   1700K .......... .......... .......... .......... .......... 11% 3.93M 9s
[16.984s]   1750K .......... .......... .......... .......... .......... 11% 7.53M 9s
[17.012s]   1800K .......... .......... .......... .......... .......... 11% 1.75M 8s
[17.043s]   1850K .......... .......... .......... .......... .......... 12% 1.56M 8s
[17.053s]   1900K .......... .......... .......... .......... .......... 12% 4.84M 8s
[17.094s]   1950K .......... .......... .......... .......... .......... 12% 2.69M 8s
[17.124s]   2000K .......... .......... .......... .......... .......... 13%  944K 8s
[17.140s]   2050K .......... .......... .......... .......... .......... 13% 3.01M 8s
[17.147s]   2100K .......... .......... .......... .......... .......... 13% 7.48M 8s
[17.161s]   2150K .......... .......... .......... .......... .......... 14% 3.53M 8s
[17.202s]   2200K .......... .......... .......... .......... .......... 14% 1.17M 8s
[17.212s]   2250K .......... .......... .......... .......... .......... 14% 5.32M 8s
[17.229s]   2300K .......... .......... .......... .......... .......... 15% 2.81M 8s
[17.233s]   2350K .......... .......... .......... .......... .......... 15% 35.3M 7s
[17.256s]   2400K .......... .......... .......... .......... .......... 15% 1.94M 7s
[17.282s]   2450K .......... .......... .......... .......... .......... 15% 1.84M 7s
[17.298s]   2500K .......... .......... .......... .......... .......... 16% 3.09M 7s
[17.302s]   2550K .......... .......... .......... .......... .......... 16% 10.7M 7s
[17.315s]   2600K .......... .......... .......... .......... .......... 16% 3.84M 7s
[17.341s]   2650K .......... .......... .......... .......... .......... 17% 1.88M 7s
[17.396s]   2700K .......... .......... .......... .......... .......... 17%  909K 7s
[17.427s]   2750K .......... .......... .......... .......... .......... 17% 1.62M 7s
[17.434s]   2800K .......... .......... .......... .......... .......... 18% 6.29M 7s
[17.440s]   2850K .......... .......... .......... .......... .......... 18% 8.37M 7s
[17.445s]   2900K .......... .......... .......... .......... .......... 18% 9.50M 7s
[17.470s]   2950K .......... .......... .......... .......... .......... 19% 1.91M 7s
[17.483s]   3000K .......... .......... .......... .......... .......... 19% 3.96M 7s
[17.495s]   3050K .......... .......... .......... .......... .......... 19% 3.98M 7s
[17.507s]   3100K .......... .......... .......... .......... .......... 20% 3.99M 6s
[17.516s]   3150K .......... .......... .......... .......... .......... 20% 5.82M 6s
[17.519s]   3200K .......... .......... .......... .......... .......... 20% 13.2M 6s
[17.542s]   3250K .......... .......... .......... .......... .......... 21% 2.15M 6s
[17.561s]   3300K .......... .......... .......... .......... .......... 21% 2.56M 6s
[17.576s]   3350K .......... .......... .......... .......... .......... 21% 3.24M 6s
[17.580s]   3400K .......... .......... .......... .......... .......... 22% 13.6M 6s
[17.596s]   3450K .......... .......... .......... .......... .......... 22% 3.08M 6s
[17.620s]   3500K .......... .......... .......... .......... .......... 22% 2.04M 6s
[17.625s]   3550K .......... .......... .......... .......... .......... 23% 12.2M 6s
[17.670s]   3600K .......... .......... .......... .......... .......... 23% 1.05M 6s
[17.676s]   3650K .......... .......... .......... .......... .......... 23% 8.41M 6s
[17.715s]   3700K .......... .......... .......... .......... .......... 23% 1.26M 6s
[17.720s]   3750K .......... .......... .......... .......... .......... 24% 9.37M 6s
[17.736s]   3800K .......... .......... .......... .......... .......... 24% 3.00M 6s
[17.739s]   3850K .......... .......... .......... .......... .......... 24% 16.0M 6s
[17.744s]   3900K .......... .......... .......... .......... .......... 25% 10.5M 6s
[17.757s]   3950K .......... .......... .......... .......... .......... 25% 9.89M 5s
[17.791s]   4000K .......... .......... .......... .......... .......... 25% 1.17M 5s
[17.810s]   4050K .......... .......... .......... .......... .......... 26% 2.52M 5s
[17.823s]   4100K .......... .......... .......... .......... .......... 26% 3.73M 5s
[17.839s]   4150K .......... .......... .......... .......... .......... 26% 3.16M 5s
[17.843s]   4200K .......... .......... .......... .......... .......... 27% 11.2M 5s
[17.858s]   4250K .......... .......... .......... .......... .......... 27% 3.28M 5s
[17.864s]   4300K .......... .......... .......... .......... .......... 27% 7.55M 5s
[17.873s]   4350K .......... .......... .......... .......... .......... 28% 7.08M 5s
[17.879s]   4400K .......... .......... .......... .......... .......... 28% 6.07M 5s
[17.881s]   4450K .......... .......... .......... .......... .......... 28% 21.1M 5s
[17.902s]   4500K .......... .......... .......... .......... .......... 29% 2.34M 5s
[17.913s]   4550K .......... .......... .......... .......... .......... 29% 5.00M 5s
[17.932s]   4600K .......... .......... .......... .......... .......... 29% 2.41M 5s
[17.947s]   4650K .......... .......... .......... .......... .......... 30% 3.38M 5s
[17.957s]   4700K .......... .......... .......... .......... .......... 30% 4.97M 5s
[17.977s]   4750K .......... .......... .......... .......... .......... 30% 2.50M 5s
[17.985s]   4800K .......... .......... .......... .......... .......... 31% 5.39M 5s
[17.990s]   4850K .......... .......... .......... .......... .......... 31% 10.3M 5s
[17.995s]   4900K .......... .......... .......... .......... .......... 31% 9.56M 5s
[18.012s]   4950K .......... .......... .......... .......... .......... 31% 2.89M 5s
[18.013s]   5000K .......... .......... .......... .......... .......... 32% 59.5M 4s
[18.016s]   5050K .......... .......... .......... .......... .......... 32% 13.5M 4s
[18.031s]   5100K .......... .......... .......... .......... .......... 32% 3.31M 4s
[18.051s]   5150K .......... .......... .......... .......... .......... 33% 2.79M 4s
[18.057s]   5200K .......... .......... .......... .......... .......... 33% 5.96M 4s
[18.062s]   5250K .......... .......... .......... .......... .......... 33% 9.90M 4s
[18.068s]   5300K .......... .......... .......... .......... .......... 34% 7.39M 4s
[18.075s]   5350K .......... .......... .......... .......... .......... 34% 6.99M 4s
[18.081s]   5400K .......... .......... .......... .......... .......... 34% 8.37M 4s
[18.082s]   5450K .......... .......... .......... .......... .......... 35% 37.5M 4s
[18.086s]   5500K .......... .......... .......... .......... .......... 35% 13.4M 4s
[18.103s]   5550K .......... .......... .......... .......... .......... 35% 3.23M 4s
[18.116s]   5600K .......... .......... .......... .......... .......... 36% 3.30M 4s
[18.120s]   5650K .......... .......... .......... .......... .......... 36% 12.0M 4s
[18.125s]   5700K .......... .......... .......... .......... .......... 36% 10.2M 4s
[18.129s]   5750K .......... .......... .......... .......... .......... 37% 11.9M 4s
[18.141s]   5800K .......... .......... .......... .......... .......... 37% 3.96M 4s
[18.154s]   5850K .......... .......... .......... .......... .......... 37% 4.02M 4s
[18.158s]   5900K .......... .......... .......... .......... .......... 38% 9.98M 4s
[18.174s]   5950K .......... .......... .......... .......... .......... 38% 3.36M 4s
[18.184s]   6000K .......... .......... .......... .......... .......... 38% 4.51M 4s
[18.197s]   6050K .......... .......... .......... .......... .......... 39% 3.83M 4s
[18.216s]   6100K .......... .......... .......... .......... .......... 39% 2.53M 4s
[18.231s]   6150K .......... .......... .......... .......... .......... 39% 3.17M 4s
[18.248s]   6200K .......... .......... .......... .......... .......... 39% 2.94M 4s
[18.256s]   6250K .......... .......... .......... .......... .......... 40% 6.06M 4s
[18.273s]   6300K .......... .......... .......... .......... .......... 40% 2.82M 4s
[18.284s]   6350K .......... .......... .......... .......... .......... 40% 9.52M 3s
[18.308s]   6400K .......... .......... .......... .......... .......... 41% 1.64M 3s
[18.336s]   6450K .......... .......... .......... .......... .......... 41% 1.76M 3s
[18.342s]   6500K .......... .......... .......... .......... .......... 41% 8.27M 3s
[18.348s]   6550K .......... .......... .......... .......... .......... 42% 8.41M 3s
[18.371s]   6600K .......... .......... .......... .......... .......... 42% 2.12M 3s
[18.371s]   6650K .......... .......... .......... .......... .......... 42%  220M 3s
[18.371s]   6700K .......... .......... .......... .......... .......... 43%  289M 3s
[18.377s]   6750K .......... .......... .......... .......... .......... 43% 12.6M 3s
[18.380s]   6800K .......... .......... .......... .......... .......... 43% 8.94M 3s
[18.385s]   6850K .......... .......... .......... .......... .......... 44% 11.4M 3s
[18.392s]   6900K .......... .......... .......... .......... .......... 44% 6.42M 3s
[18.400s]   6950K .......... .......... .......... .......... .......... 44% 6.42M 3s
[18.435s]   7000K .......... .......... .......... .......... .......... 45% 1.38M 3s
[18.443s]   7050K .......... .......... .......... .......... .......... 45% 5.89M 3s
[18.460s]   7100K .......... .......... .......... .......... .......... 45% 2.87M 3s
[18.468s]   7150K .......... .......... .......... .......... .......... 46% 9.81M 3s
[18.471s]   7200K .......... .......... .......... .......... .......... 46% 8.24M 3s
[18.476s]   7250K .......... .......... .......... .......... .......... 46% 10.3M 3s
[18.480s]   7300K .......... .......... .......... .......... .......... 47% 12.5M 3s
[18.484s]   7350K .......... .......... .......... .......... .......... 47% 12.2M 3s
[18.488s]   7400K .......... .......... .......... .......... .......... 47% 11.1M 3s
[18.496s]   7450K .......... .......... .......... .......... .......... 47% 6.05M 3s
[18.503s]   7500K .......... .......... .......... .......... .......... 48% 7.89M 3s
[18.527s]   7550K .......... .......... .......... .......... .......... 48% 2.29M 3s
[18.534s]   7600K .......... .......... .......... .......... .......... 48% 4.86M 3s
[18.540s]   7650K .......... .......... .......... .......... .......... 49% 8.23M 3s
[18.545s]   7700K .......... .......... .......... .......... .......... 49% 8.82M 3s
[18.551s]   7750K .......... .......... .......... .......... .......... 49% 9.70M 3s
[18.555s]   7800K .......... .......... .......... .......... .......... 50% 10.4M 3s
[18.559s]   7850K .......... .......... .......... .......... .......... 50% 12.6M 3s
[18.564s]   7900K .......... .......... .......... .......... .......... 50% 9.02M 3s
[18.569s]   7950K .......... .......... .......... .......... .......... 51% 14.5M 3s
[18.576s]   8000K .......... .......... .......... .......... .......... 51% 5.78M 3s
[18.581s]   8050K .......... .......... .......... .......... .......... 51% 11.1M 3s
[18.585s]   8100K .......... .......... .......... .......... .......... 52% 12.6M 2s
[18.599s]   8150K .......... .......... .......... .......... .......... 52% 3.41M 2s
[18.604s]   8200K .......... .......... .......... .......... .......... 52% 9.55M 2s
[18.613s]   8250K .......... .......... .......... .......... .......... 53% 5.60M 2s
[18.618s]   8300K .......... .......... .......... .......... .......... 53% 10.2M 2s
[18.648s]   8350K .......... .......... .......... .......... .......... 53% 6.46M 2s
[18.654s]   8400K .......... .......... .......... .......... .......... 54% 1.68M 2s
[18.658s]   8450K .......... .......... .......... .......... .......... 54% 11.8M 2s
[18.663s]   8500K .......... .......... .......... .......... .......... 54% 10.1M 2s
[18.671s]   8550K .......... .......... .......... .......... .......... 55% 6.55M 2s
[18.693s]   8600K .......... .......... .......... .......... .......... 55% 2.17M 2s
[18.703s]   8650K .......... .......... .......... .......... .......... 55% 4.83M 2s
[18.727s]   8700K .......... .......... .......... .......... .......... 55% 2.06M 2s
[18.736s]   8750K .......... .......... .......... .......... .......... 56% 6.24M 2s
[18.745s]   8800K .......... .......... .......... .......... .......... 56% 4.60M 2s
[18.752s]   8850K .......... .......... .......... .......... .......... 56% 7.75M 2s
[18.779s]   8900K .......... .......... .......... .......... .......... 57% 1.80M 2s
[18.792s]   8950K .......... .......... .......... .......... .......... 57% 3.81M 2s
[18.799s]   9000K .......... .......... .......... .......... .......... 57% 6.94M 2s
[18.829s]   9050K .......... .......... .......... .......... .......... 58% 1.60M 2s
[18.837s]   9100K .......... .......... .......... .......... .......... 58% 6.30M 2s
[18.844s]   9150K .......... .......... .......... .......... .......... 58% 9.98M 2s
[18.848s]   9200K .......... .......... .......... .......... .......... 59% 7.29M 2s
[18.854s]   9250K .......... .......... .......... .......... .......... 59% 9.24M 2s
[18.858s]   9300K .......... .......... .......... .......... .......... 59% 12.3M 2s
[18.863s]   9350K .......... .......... .......... .......... .......... 60% 9.64M 2s
[18.867s]   9400K .......... .......... .......... .......... .......... 60% 10.5M 2s
[18.871s]   9450K .......... .......... .......... .......... .......... 60% 12.3M 2s
[18.881s]   9500K .......... .......... .......... .......... .......... 61% 4.81M 2s
[18.893s]   9550K .......... .......... .......... .......... .......... 61% 4.29M 2s
[18.913s]   9600K .......... .......... .......... .......... .......... 61% 2.53M 2s
[18.936s]   9650K .......... .......... .......... .......... .......... 62% 2.07M 2s
[18.947s]   9700K .......... .......... .......... .......... .......... 62% 4.54M 2s
[18.959s]   9750K .......... .......... .......... .......... .......... 62% 3.97M 2s
[18.980s]   9800K .......... .......... .......... .......... .......... 63% 2.36M 2s
[18.988s]   9850K .......... .......... .......... .......... .......... 63% 5.76M 2s
[18.994s]   9900K .......... .......... .......... .......... .......... 63% 7.52M 2s
[19.020s]   9950K .......... .......... .......... .......... .......... 63% 6.64M 2s
[19.036s]  10000K .......... .......... .......... .......... .......... 64% 1.42M 2s
[19.043s]  10050K .......... .......... .......... .......... .......... 64% 7.89M 2s
[19.058s]  10100K .......... .......... .......... .......... .......... 64% 3.19M 2s
[19.065s]  10150K .......... .......... .......... .......... .......... 65% 7.09M 2s
[19.075s]  10200K .......... .......... .......... .......... .......... 65% 4.83M 2s
[19.092s]  10250K .......... .......... .......... .......... .......... 65% 2.80M 2s
[19.103s]  10300K .......... .......... .......... .......... .......... 66% 4.59M 2s
[19.136s]  10350K .......... .......... .......... .......... .......... 66% 1.50M 2s
[19.144s]  10400K .......... .......... .......... .......... .......... 66% 5.72M 2s
[19.154s]  10450K .......... .......... .......... .......... .......... 67% 4.74M 2s
[19.162s]  10500K .......... .......... .......... .......... .......... 67% 6.34M 2s
[19.192s]  10550K .......... .......... .......... .......... .......... 67% 1.63M 2s
[19.199s]  10600K .......... .......... .......... .......... .......... 68% 6.56M 2s
[19.207s]  10650K .......... .......... .......... .......... .......... 68% 6.74M 2s
[19.210s]  10700K .......... .......... .......... .......... .......... 68% 12.8M 2s
[19.217s]  10750K .......... .......... .......... .......... .......... 69% 9.40M 1s
[19.220s]  10800K .......... .......... .......... .......... .......... 69% 10.2M 1s
[19.225s]  10850K .......... .......... .......... .......... .......... 69% 10.7M 1s
[19.229s]  10900K .......... .......... .......... .......... .......... 70% 11.6M 1s
[19.238s]  10950K .......... .......... .......... .......... .......... 70% 5.65M 1s
[19.238s]  11000K .......... .......... .......... .......... .......... 70%  104M 1s
[19.242s]  11050K .......... .......... .......... .......... .......... 71% 13.6M 1s
[19.255s]  11100K .......... .......... .......... .......... .......... 71% 3.73M 1s
[19.280s]  11150K .......... .......... .......... .......... .......... 71% 2.54M 1s
[19.285s]  11200K .......... .......... .......... .......... .......... 71% 4.38M 1s
[19.292s]  11250K .......... .......... .......... .......... .......... 72% 7.11M 1s
[19.295s]  11300K .......... .......... .......... .......... .......... 72% 15.2M 1s
[19.301s]  11350K .......... .......... .......... .......... .......... 72% 8.81M 1s
[19.305s]  11400K .......... .......... .......... .......... .......... 73% 12.8M 1s
[19.329s]  11450K .......... .......... .......... .......... .......... 73% 1.98M 1s
[19.335s]  11500K .......... .......... .......... .......... .......... 73% 9.74M 1s
[19.344s]  11550K .......... .......... .......... .......... .......... 74% 8.43M 1s
[19.348s]  11600K .......... .......... .......... .......... .......... 74% 6.34M 1s
[19.355s]  11650K .......... .......... .......... .......... .......... 74% 6.98M 1s
[19.375s]  11700K .......... .......... .......... .......... .......... 75% 2.51M 1s
[19.387s]  11750K .......... .......... .......... .......... .......... 75% 4.06M 1s
[19.395s]  11800K .......... .......... .......... .......... .......... 75% 5.53M 1s
[19.425s]  11850K .......... .......... .......... .......... .......... 76% 1.65M 1s
[19.429s]  11900K .......... .......... .......... .......... .......... 76% 11.6M 1s
[19.434s]  11950K .......... .......... .......... .......... .......... 76% 13.3M 1s
[19.441s]  12000K .......... .......... .......... .......... .......... 77% 5.95M 1s
[19.481s]  12050K .......... .......... .......... .......... .......... 77% 1.22M 1s
[19.486s]  12100K .......... .......... .......... .......... .......... 77% 10.2M 1s
[19.490s]  12150K .......... .......... .......... .......... .......... 78% 12.4M 1s
[19.503s]  12200K .......... .......... .......... .......... .......... 78% 3.66M 1s
[19.517s]  12250K .......... .......... .......... .......... .......... 78% 3.54M 1s
[19.521s]  12300K .......... .......... .......... .......... .......... 79% 11.8M 1s
[19.533s]  12350K .......... .......... .......... .......... .......... 79% 5.22M 1s
[19.537s]  12400K .......... .......... .......... .......... .......... 79% 7.63M 1s
[19.543s]  12450K .......... .......... .......... .......... .......... 79% 7.89M 1s
[19.546s]  12500K .......... .......... .......... .......... .......... 80% 17.5M 1s
[19.550s]  12550K .......... .......... .......... .......... .......... 80% 11.3M 1s
[19.561s]  12600K .......... .......... .......... .......... .......... 80% 4.59M 1s
[19.570s]  12650K .......... .......... .......... .......... .......... 81% 5.20M 1s
[19.580s]  12700K .......... .......... .......... .......... .......... 81% 5.17M 1s
[19.585s]  12750K .......... .......... .......... .......... .......... 81% 12.8M 1s
[19.589s]  12800K .......... .......... .......... .......... .......... 82% 8.44M 1s
[19.602s]  12850K .......... .......... .......... .......... .......... 82% 3.87M 1s
[19.616s]  12900K .......... .......... .......... .......... .......... 82% 3.34M 1s
[19.649s]  12950K .......... .......... .......... .......... .......... 83% 1.48M 1s
[19.674s]  13000K .......... .......... .......... .......... .......... 83% 2.02M 1s
[19.715s]  13050K .......... .......... .......... .......... .......... 83% 1.18M 1s
[19.729s]  13100K .......... .......... .......... .......... .......... 84% 3.44M 1s
[19.748s]  13150K .......... .......... .......... .......... .......... 84% 3.40M 1s
[19.752s]  13200K .......... .......... .......... .......... .......... 84% 6.13M 1s
[19.756s]  13250K .......... .......... .......... .......... .......... 85% 11.3M 1s
[19.760s]  13300K .......... .......... .......... .......... .......... 85% 12.0M 1s
[19.765s]  13350K .......... .......... .......... .......... .......... 85% 10.4M 1s
[19.769s]  13400K .......... .......... .......... .......... .......... 86% 10.5M 1s
[19.777s]  13450K .......... .......... .......... .......... .......... 86% 6.77M 1s
[19.795s]  13500K .......... .......... .......... .......... .......... 86% 2.60M 1s
[19.810s]  13550K .......... .......... .......... .......... .......... 87% 3.68M 1s
[19.819s]  13600K .......... .......... .......... .......... .......... 87% 4.65M 1s
[19.827s]  13650K .......... .......... .......... .......... .......... 87% 6.69M 1s
[19.845s]  13700K .......... .......... .......... .......... .......... 87% 2.66M 1s
[19.850s]  13750K .......... .......... .......... .......... .......... 88% 8.58M 1s
[19.854s]  13800K .......... .......... .......... .......... .......... 88% 15.2M 1s
[19.858s]  13850K .......... .......... .......... .......... .......... 88% 10.3M 0s
[19.863s]  13900K .......... .......... .......... .......... .......... 89% 10.1M 0s
[19.868s]  13950K .......... .......... .......... .......... .......... 89% 12.0M 0s
[19.872s]  14000K .......... .......... .......... .......... .......... 89% 9.99M 0s
[19.876s]  14050K .......... .......... .......... .......... .......... 90% 11.8M 0s
[19.880s]  14100K .......... .......... .......... .......... .......... 90% 12.4M 0s
[19.885s]  14150K .......... .......... .......... .......... .......... 90% 11.1M 0s
[19.889s]  14200K .......... .......... .......... .......... .......... 91% 10.2M 0s
[19.893s]  14250K .......... .......... .......... .......... .......... 91% 13.1M 0s
[19.898s]  14300K .......... .......... .......... .......... .......... 91% 10.9M 0s
[19.904s]  14350K .......... .......... .......... .......... .......... 92% 10.4M 0s
[19.915s]  14400K .......... .......... .......... .......... .......... 92% 3.75M 0s
[19.932s]  14450K .......... .......... .......... .......... .......... 92% 2.88M 0s
[19.938s]  14500K .......... .......... .......... .......... .......... 93% 8.25M 0s
[19.942s]  14550K .......... .......... .......... .......... .......... 93% 11.6M 0s
[19.951s]  14600K .......... .......... .......... .......... .......... 93% 5.40M 0s
[19.956s]  14650K .......... .......... .......... .......... .......... 94% 10.1M 0s
[19.957s]  14700K .......... .......... .......... .......... .......... 94% 77.7M 0s
[19.969s]  14750K .......... .......... .......... .......... .......... 94% 7.43M 0s
[19.971s]  14800K .......... .......... .......... .......... .......... 95% 6.58M 0s
[19.975s]  14850K .......... .......... .......... .......... .......... 95% 11.3M 0s
[19.981s]  14900K .......... .......... .......... .......... .......... 95% 9.11M 0s
[19.984s]  14950K .......... .......... .......... .......... .......... 95% 14.5M 0s
[19.988s]  15000K .......... .......... .......... .......... .......... 96% 11.1M 0s
[19.993s]  15050K .......... .......... .......... .......... .......... 96% 10.3M 0s
[19.997s]  15100K .......... .......... .......... .......... .......... 96% 13.4M 0s
[20.002s]  15150K .......... .......... .......... .......... .......... 97% 11.5M 0s
[20.006s]  15200K .......... .......... .......... .......... .......... 97% 9.11M 0s
[20.011s]  15250K .......... .......... .......... .......... .......... 97% 10.2M 0s
[20.015s]  15300K .......... .......... .......... .......... .......... 98% 12.1M 0s
[20.033s]  15350K .......... .......... .......... .......... .......... 98% 2.82M 0s
[20.054s]  15400K .......... .......... .......... .......... .......... 98% 2.30M 0s
[20.061s]  15450K .......... .......... .......... .......... .......... 99% 7.12M 0s
[20.065s]  15500K .......... .......... .......... .......... .......... 99% 10.2M 0s
[20.079s]  15550K .......... .......... .......... .......... .......... 99% 4.18M 0s
[20.079s]  15600K .......... .......... .....                           100% 10.6M=4.2s
[20.079s] 
[20.080s] 2025-06-28 21:20:32 (3.63 MB/s) - ‘/home/anish/ps1_ws/src/build/multirobot_map_merge/2011-08-09-12-22-52.pgm’ saved [16000058/16000058]
[20.080s] 
[20.081s] Checking MD5 sum of /home/anish/ps1_ws/src/build/multirobot_map_merge/2011-08-09-12-22-52.pgm
[20.103s] /home/anish/ps1_ws/src/build/multirobot_map_merge/2011-08-09-12-22-52.pgm: OK
[20.108s] --2025-06-28 21:20:32--  https://raw.githubusercontent.com/hrnr/m-explore-extra/master/map_merge/gmapping_maps/2012-01-28-11-12-01.pgm
[20.110s] Resolving raw.githubusercontent.com (raw.githubusercontent.com)... 2606:50c0:8000::154, 2606:50c0:8002::154, 2606:50c0:8003::154, ...
[20.155s] Connecting to raw.githubusercontent.com (raw.githubusercontent.com)|2606:50c0:8000::154|:443... connected.
[21.550s] HTTP request sent, awaiting response... 200 OK
[21.550s] Length: 16000058 (15M) [application/octet-stream]
[21.550s] Saving to: ‘/home/anish/ps1_ws/src/build/multirobot_map_merge/2012-01-28-11-12-01.pgm’
[21.550s] 
[21.603s]      0K .......... .......... .......... .......... ..........  0%  953K 16s
[21.621s]     50K .......... .......... .......... .......... ..........  0% 2.64M 11s
[21.657s]    100K .......... .......... .......... .......... ..........  0% 1.38M 11s
[21.670s]    150K .......... .......... .......... .......... ..........  1% 3.50M 9s
[21.700s]    200K .......... .......... .......... .......... ..........  1% 1.66M 9s
[21.714s]    250K .......... .......... .......... .......... ..........  1% 3.46M 8s
[21.730s]    300K .......... .......... .......... .......... ..........  2% 3.08M 8s
[21.760s]    350K .......... .......... .......... .......... ..........  2% 1.62M 8s
[21.768s]    400K .......... .......... .......... .......... ..........  2% 6.14M 7s
[21.809s]    450K .......... .......... .......... .......... ..........  3% 1.19M 8s
[21.890s]    500K .......... .......... .......... .......... ..........  3%  622K 9s
[21.910s]    550K .......... .......... .......... .......... ..........  3% 2.42M 9s
[21.933s]    600K .......... .......... .......... .......... ..........  4% 2.06M 9s
[21.948s]    650K .......... .......... .......... .......... ..........  4% 3.46M 8s
[21.980s]    700K .......... .......... .......... .......... ..........  4% 2.27M 8s
[21.998s]    750K .......... .......... .......... .......... ..........  5% 1.66M 8s
[22.013s]    800K .......... .......... .......... .......... ..........  5% 3.45M 8s
[22.057s]    850K .......... .......... .......... .......... ..........  5% 1.11M 8s
[22.073s]    900K .......... .......... .......... .......... ..........  6% 2.93M 8s
[22.124s]    950K .......... .......... .......... .......... ..........  6%  990K 8s
[22.136s]   1000K .......... .......... .......... .......... ..........  6% 3.94M 8s
[22.169s]   1050K .......... .......... .......... .......... ..........  7% 1.47M 8s
[22.192s]   1100K .......... .......... .......... .......... ..........  7% 2.20M 8s
[22.229s]   1150K .......... .......... .......... .......... ..........  7% 1.32M 8s
[22.239s]   1200K .......... .......... .......... .......... ..........  7% 4.55M 8s
[22.248s]   1250K .......... .......... .......... .......... ..........  8% 5.66M 8s
[22.296s]   1300K .......... .......... .......... .......... ..........  8% 1.02M 8s
[22.321s]   1350K .......... .......... .......... .......... ..........  8% 1.95M 8s
[22.349s]   1400K .......... .......... .......... .......... ..........  9% 1.70M 8s
[22.405s]   1450K .......... .......... .......... .......... ..........  9%  900K 8s
[22.425s]   1500K .......... .......... .......... .......... ..........  9% 2.71M 8s
[22.467s]   1550K .......... .......... .......... .......... .......... 10% 1.12M 8s
[22.491s]   1600K .......... .......... .......... .......... .......... 10% 2.04M 8s
[22.529s]   1650K .......... .......... .......... .......... .......... 10% 1.28M 8s
[22.557s]   1700K .......... .......... .......... .......... .......... 11% 1.75M 8s
[22.569s]   1750K .......... .......... .......... .......... .......... 11% 4.11M 8s
[22.600s]   1800K .......... .......... .......... .......... .......... 11% 1.56M 8s
[22.635s]   1850K .......... .......... .......... .......... .......... 12% 1.38M 8s
[22.703s]   1900K .......... .......... .......... .......... .......... 12%  905K 8s
[22.764s]   1950K .......... .......... .......... .......... .......... 12%  683K 8s
[22.802s]   2000K .......... .......... .......... .......... .......... 13% 1.26M 8s
[22.840s]   2050K .......... .......... .......... .......... .......... 13% 1.32M 8s
[22.884s]   2100K .......... .......... .......... .......... .......... 13% 1.10M 8s
[22.926s]   2150K .......... .......... .......... .......... .......... 14% 1.14M 8s
[22.951s]   2200K .......... .......... .......... .......... .......... 14% 1.98M 8s
[23.019s]   2250K .......... .......... .......... .......... .......... 14%  740K 9s
[23.075s]   2300K .......... .......... .......... .......... .......... 15%  916K 9s
[23.079s]   2350K .......... .......... .......... .......... .......... 15% 8.64M 8s
[23.112s]   2400K .......... .......... .......... .......... .......... 15% 1.49M 8s
[23.170s]   2450K .......... .......... .......... .......... .......... 15%  864K 9s
[23.200s]   2500K .......... .......... .......... .......... .......... 16% 1.61M 8s
[23.245s]   2550K .......... .......... .......... .......... .......... 16% 1.07M 8s
[23.290s]   2600K .......... .......... .......... .......... .......... 16% 1.09M 9s
[23.334s]   2650K .......... .......... .......... .......... .......... 17% 1.12M 9s
[23.477s]   2700K .......... .......... .......... .......... .......... 17% 2.06M 8s
[23.496s]   2750K .......... .......... .......... .......... .......... 17%  360K 9s
[23.573s]   2800K .......... .......... .......... .......... .......... 18%  655K 9s
[23.597s]   2850K .......... .......... .......... .......... .......... 18% 2.04M 9s
[23.654s]   2900K .......... .......... .......... .......... .......... 18%  864K 9s
[23.741s]   2950K .......... .......... .......... .......... .......... 19%  575K 9s
[23.777s]   3000K .......... .......... .......... .......... .......... 19% 1.37M 9s
[23.825s]   3050K .......... .......... .......... .......... .......... 19% 1.02M 9s
[23.882s]   3100K .......... .......... .......... .......... .......... 20% 1.07M 9s
[23.914s]   3150K .......... .......... .......... .......... .......... 20% 1.11M 9s
[23.931s]   3200K .......... .......... .......... .......... .......... 20% 2.82M 9s
[23.944s]   3250K .......... .......... .......... .......... .......... 21% 3.73M 9s
[23.988s]   3300K .......... .......... .......... .......... .......... 21% 1.13M 9s
[24.003s]   3350K .......... .......... .......... .......... .......... 21% 3.09M 9s
[24.020s]   3400K .......... .......... .......... .......... .......... 22% 2.91M 9s
[24.067s]   3450K .......... .......... .......... .......... .......... 22% 1.06M 9s
[24.091s]   3500K .......... .......... .......... .......... .......... 22% 2.57M 9s
[24.102s]   3550K .......... .......... .......... .......... .......... 23% 2.95M 9s
[24.136s]   3600K .......... .......... .......... .......... .......... 23% 1.42M 8s
[24.149s]   3650K .......... .......... .......... .......... .......... 23% 3.95M 8s
[24.157s]   3700K .......... .......... .......... .......... .......... 23% 6.23M 8s
[24.201s]   3750K .......... .......... .......... .......... .......... 24% 1.09M 8s
[24.212s]   3800K .......... .......... .......... .......... .......... 24% 4.52M 8s
[24.224s]   3850K .......... .......... .......... .......... .......... 24% 4.17M 8s
[24.250s]   3900K .......... .......... .......... .......... .......... 25% 2.25M 8s
[24.255s]   3950K .......... .......... .......... .......... .......... 25% 5.05M 8s
[24.312s]   4000K .......... .......... .......... .......... .......... 25%  891K 8s
[24.344s]   4050K .......... .......... .......... .......... .......... 26% 1.53M 8s
[24.384s]   4100K .......... .......... .......... .......... .......... 26% 1.21M 8s
[24.397s]   4150K .......... .......... .......... .......... .......... 26% 3.57M 8s
[24.450s]   4200K .......... .......... .......... .......... .......... 27%  951K 8s
[24.464s]   4250K .......... .......... .......... .......... .......... 27% 3.42M 8s
[24.482s]   4300K .......... .......... .......... .......... .......... 27% 3.00M 8s
[24.519s]   4350K .......... .......... .......... .......... .......... 28% 1.28M 8s
[24.530s]   4400K .......... .......... .......... .......... .......... 28% 4.40M 7s
[24.539s]   4450K .......... .......... .......... .......... .......... 28% 5.51M 7s
[24.602s]   4500K .......... .......... .......... .......... .......... 29%  794K 7s
[24.620s]   4550K .......... .......... .......... .......... .......... 29% 2.58M 7s
[24.639s]   4600K .......... .......... .......... .......... .......... 29% 2.68M 7s
[24.654s]   4650K .......... .......... .......... .......... .......... 30% 3.07M 7s
[24.712s]   4700K .......... .......... .......... .......... .......... 30%  956K 7s
[24.731s]   4750K .......... .......... .......... .......... .......... 30% 2.01M 7s
[24.743s]   4800K .......... .......... .......... .......... .......... 31% 4.30M 7s
[24.809s]   4850K .......... .......... .......... .......... .......... 31%  751K 7s
[24.823s]   4900K .......... .......... .......... .......... .......... 31% 3.57M 7s
[24.839s]   4950K .......... .......... .......... .......... .......... 31% 3.01M 7s
[24.886s]   5000K .......... .......... .......... .......... .......... 32% 1.03M 7s
[24.899s]   5050K .......... .......... .......... .......... .......... 32% 3.83M 7s
[24.918s]   5100K .......... .......... .......... .......... .......... 32% 2.56M 7s
[24.969s]   5150K .......... .......... .......... .......... .......... 33%  990K 7s
[24.992s]   5200K .......... .......... .......... .......... .......... 33% 2.08M 7s
[25.007s]   5250K .......... .......... .......... .......... .......... 33% 3.41M 7s
[25.055s]   5300K .......... .......... .......... .......... .......... 34% 1.01M 7s
[25.075s]   5350K .......... .......... .......... .......... .......... 34% 2.42M 7s
[25.083s]   5400K .......... .......... .......... .......... .......... 34% 6.43M 7s
[25.132s]   5450K .......... .......... .......... .......... .......... 35% 1020K 7s
[25.149s]   5500K .......... .......... .......... .......... .......... 35% 3.96M 7s
[25.162s]   5550K .......... .......... .......... .......... .......... 35% 2.76M 6s
[25.212s]   5600K .......... .......... .......... .......... .......... 36%  997K 6s
[25.223s]   5650K .......... .......... .......... .......... .......... 36% 4.46M 6s
[25.233s]   5700K .......... .......... .......... .......... .......... 36% 4.95M 6s
[25.284s]   5750K .......... .......... .......... .......... .......... 37%  978K 6s
[25.296s]   5800K .......... .......... .......... .......... .......... 37% 3.86M 6s
[25.317s]   5850K .......... .......... .......... .......... .......... 37% 2.34M 6s
[25.353s]   5900K .......... .......... .......... .......... .......... 38% 1.78M 6s
[25.360s]   5950K .......... .......... .......... .......... .......... 38% 3.26M 6s
[25.373s]   6000K .......... .......... .......... .......... .......... 38% 3.71M 6s
[25.426s]   6050K .......... .......... .......... .......... .......... 39%  941K 6s
[25.442s]   6100K .......... .......... .......... .......... .......... 39% 3.15M 6s
[25.475s]   6150K .......... .......... .......... .......... .......... 39% 1.46M 6s
[25.520s]   6200K .......... .......... .......... .......... .......... 39% 1.09M 6s
[25.529s]   6250K .......... .......... .......... .......... .......... 40% 5.48M 6s
[25.558s]   6300K .......... .......... .......... .......... .......... 40% 2.09M 6s
[25.565s]   6350K .......... .......... .......... .......... .......... 40% 3.82M 6s
[25.594s]   6400K .......... .......... .......... .......... .......... 41% 1.69M 6s
[25.602s]   6450K .......... .......... .......... .......... .......... 41% 6.04M 6s
[25.609s]   6500K .......... .......... .......... .......... .......... 41% 7.32M 6s
[25.635s]   6550K .......... .......... .......... .......... .......... 42% 1.88M 6s
[25.645s]   6600K .......... .......... .......... .......... .......... 42% 4.80M 6s
[25.648s]   6650K .......... .......... .......... .......... .......... 42% 14.4M 5s
[25.696s]   6700K .......... .......... .......... .......... .......... 43% 1.19M 5s
[25.714s]   6750K .......... .......... .......... .......... .......... 43% 1.99M 5s
[25.732s]   6800K .......... .......... .......... .......... .......... 43% 2.71M 5s
[25.786s]   6850K .......... .......... .......... .......... .......... 44%  933K 5s
[25.802s]   6900K .......... .......... .......... .......... .......... 44% 2.96M 5s
[25.815s]   6950K .......... .......... .......... .......... .......... 44% 3.74M 5s
[25.848s]   7000K .......... .......... .......... .......... .......... 45% 1.50M 5s
[25.907s]   7050K .......... .......... .......... .......... .......... 45%  836K 5s
[25.961s]   7100K .......... .......... .......... .......... .......... 45% 1.14M 5s
[26.011s]   7150K .......... .......... .......... .......... .......... 46%  816K 5s
[26.029s]   7200K .......... .......... .......... .......... .......... 46% 2.77M 5s
[26.069s]   7250K .......... .......... .......... .......... .......... 46% 1.23M 5s
[26.097s]   7300K .......... .......... .......... .......... .......... 47% 1.72M 5s
[26.126s]   7350K .......... .......... .......... .......... .......... 47% 1.70M 5s
[26.154s]   7400K .......... .......... .......... .......... .......... 47% 1.71M 5s
[26.178s]   7450K .......... .......... .......... .......... .......... 47% 2.02M 5s
[26.221s]   7500K .......... .......... .......... .......... .......... 48% 1.35M 5s
[26.256s]   7550K .......... .......... .......... .......... .......... 48% 1.17M 5s
[26.270s]   7600K .......... .......... .......... .......... .......... 48% 3.58M 5s
[26.303s]   7650K .......... .......... .......... .......... .......... 49% 1.47M 5s
[26.340s]   7700K .......... .......... .......... .......... .......... 49% 1.32M 5s
[26.352s]   7750K .......... .......... .......... .......... .......... 49% 3.89M 5s
[26.387s]   7800K .......... .......... .......... .......... .......... 50% 1.42M 5s
[26.404s]   7850K .......... .......... .......... .......... .......... 50% 2.76M 5s
[26.451s]   7900K .......... .......... .......... .......... .......... 50% 1.29M 5s
[26.488s]   7950K .......... .......... .......... .......... .......... 51% 1.08M 5s
[26.533s]   8000K .......... .......... .......... .......... .......... 51% 1.09M 5s
[26.573s]   8050K .......... .......... .......... .......... .......... 51% 1.21M 5s
[26.598s]   8100K .......... .......... .......... .......... .......... 52% 1.90M 5s
[26.614s]   8150K .......... .......... .......... .......... .......... 52% 3.07M 5s
[26.648s]   8200K .......... .......... .......... .......... .......... 52% 1.43M 5s
[26.689s]   8250K .......... .......... .......... .......... .......... 53% 1.21M 5s
[26.718s]   8300K .......... .......... .......... .......... .......... 53% 2.21M 4s
[26.761s]   8350K .......... .......... .......... .......... .......... 53% 1011K 4s
[26.775s]   8400K .......... .......... .......... .......... .......... 54% 3.31M 4s
[26.786s]   8450K .......... .......... .......... .......... .......... 54% 4.29M 4s
[26.820s]   8500K .......... .......... .......... .......... .......... 54% 1.46M 4s
[26.849s]   8550K .......... .......... .......... .......... .......... 55% 1.67M 4s
[26.861s]   8600K .......... .......... .......... .......... .......... 55% 3.94M 4s
[26.881s]   8650K .......... .......... .......... .......... .......... 55% 2.51M 4s
[26.912s]   8700K .......... .......... .......... .......... .......... 55% 1.68M 4s
[26.922s]   8750K .......... .......... .......... .......... .......... 56% 3.88M 4s
[26.929s]   8800K .......... .......... .......... .......... .......... 56% 7.02M 4s
[26.963s]   8850K .......... .......... .......... .......... .......... 56% 1.49M 4s
[26.994s]   8900K .......... .......... .......... .......... .......... 57% 1.53M 4s
[27.022s]   8950K .......... .......... .......... .......... .......... 57% 1.73M 4s
[27.036s]   9000K .......... .......... .......... .......... .......... 57% 3.57M 4s
[27.045s]   9050K .......... .......... .......... .......... .......... 58% 5.25M 4s
[27.078s]   9100K .......... .......... .......... .......... .......... 58% 4.55M 4s
[27.116s]   9150K .......... .......... .......... .......... .......... 58%  835K 4s
[27.124s]   9200K .......... .......... .......... .......... .......... 59% 6.15M 4s
[27.162s]   9250K .......... .......... .......... .......... .......... 59% 1.27M 4s
[27.210s]   9300K .......... .......... .......... .......... .......... 59% 1.02M 4s
[27.227s]   9350K .......... .......... .......... .......... .......... 60% 2.99M 4s
[27.244s]   9400K .......... .......... .......... .......... .......... 60% 2.74M 4s
[27.266s]   9450K .......... .......... .......... .......... .......... 60% 2.25M 4s
[27.308s]   9500K .......... .......... .......... .......... .......... 61% 1.35M 4s
[27.332s]   9550K .......... .......... .......... .......... .......... 61% 1.67M 4s
[27.337s]   9600K .......... .......... .......... .......... .......... 61% 8.45M 4s
[27.351s]   9650K .......... .......... .......... .......... .......... 62% 3.61M 4s
[27.363s]   9700K .......... .......... .......... .......... .......... 62% 4.03M 4s
[27.407s]   9750K .......... .......... .......... .......... .......... 62% 1.10M 3s
[27.443s]   9800K .......... .......... .......... .......... .......... 63% 1.35M 3s
[27.477s]   9850K .......... .......... .......... .......... .......... 63% 1.43M 3s
[27.508s]   9900K .......... .......... .......... .......... .......... 63% 2.06M 3s
[27.542s]   9950K .......... .......... .......... .......... .......... 63% 1.19M 3s
[27.558s]  10000K .......... .......... .......... .......... .......... 64% 3.01M 3s
[27.570s]  10050K .......... .......... .......... .......... .......... 64% 4.12M 3s
[27.593s]  10100K .......... .......... .......... .......... .......... 64% 2.16M 3s
[27.609s]  10150K .......... .......... .......... .......... .......... 65% 2.98M 3s
[27.621s]  10200K .......... .......... .......... .......... .......... 65% 4.10M 3s
[27.633s]  10250K .......... .......... .......... .......... .......... 65% 3.98M 3s
[27.651s]  10300K .......... .......... .......... .......... .......... 66% 4.05M 3s
[27.655s]  10350K .......... .......... .......... .......... .......... 66% 5.32M 3s
[27.668s]  10400K .......... .......... .......... .......... .......... 66% 3.59M 3s
[27.671s]  10450K .......... .......... .......... .......... .......... 67% 15.8M 3s
[27.676s]  10500K .......... .......... .......... .......... .......... 67% 9.79M 3s
[27.683s]  10550K .......... .......... .......... .......... .......... 67% 7.11M 3s
[27.704s]  10600K .......... .......... .......... .......... .......... 68% 2.38M 3s
[27.722s]  10650K .......... .......... .......... .......... .......... 68% 2.62M 3s
[27.724s]  10700K .......... .......... .......... .......... .......... 68% 37.0M 3s
[27.728s]  10750K .......... .......... .......... .......... .......... 69% 14.4M 3s
[27.748s]  10800K .......... .......... .......... .......... .......... 69% 2.37M 3s
[27.763s]  10850K .......... .......... .......... .......... .......... 69% 3.23M 3s
[27.768s]  10900K .......... .......... .......... .......... .......... 70% 9.56M 3s
[27.786s]  10950K .......... .......... .......... .......... .......... 70% 2.79M 3s
[27.788s]  11000K .......... .......... .......... .......... .......... 70% 17.4M 3s
[27.795s]  11050K .......... .......... .......... .......... .......... 71% 7.51M 3s
[27.804s]  11100K .......... .......... .......... .......... .......... 71% 6.41M 3s
[27.812s]  11150K .......... .......... .......... .......... .......... 71% 4.96M 2s
[27.829s]  11200K .......... .......... .......... .......... .......... 71% 2.92M 2s
[27.837s]  11250K .......... .......... .......... .......... .......... 72% 6.03M 2s
[27.842s]  11300K .......... .......... .......... .......... .......... 72% 10.5M 2s
[27.880s]  11350K .......... .......... .......... .......... .......... 72% 1.26M 2s
[27.890s]  11400K .......... .......... .......... .......... .......... 73% 4.79M 2s
[27.902s]  11450K .......... .......... .......... .......... .......... 73% 4.24M 2s
[27.911s]  11500K .......... .......... .......... .......... .......... 73% 6.32M 2s
[27.915s]  11550K .......... .......... .......... .......... .......... 74% 8.49M 2s
[27.950s]  11600K .......... .......... .......... .......... .......... 74% 1.40M 2s
[27.982s]  11650K .......... .......... .......... .......... .......... 74% 1.54M 2s
[28.000s]  11700K .......... .......... .......... .......... .......... 75% 2.69M 2s
[28.004s]  11750K .......... .......... .......... .......... .......... 75% 11.8M 2s
[28.019s]  11800K .......... .......... .......... .......... .......... 75% 3.30M 2s
[28.029s]  11850K .......... .......... .......... .......... .......... 76% 4.76M 2s
[28.057s]  11900K .......... .......... .......... .......... .......... 76% 2.18M 2s
[28.123s]  11950K .......... .......... .......... .......... .......... 76%  706K 2s
[28.164s]  12000K .......... .......... .......... .......... .......... 77% 1.20M 2s
[28.187s]  12050K .......... .......... .......... .......... .......... 77% 2.12M 2s
[28.199s]  12100K .......... .......... .......... .......... .......... 77% 3.83M 2s
[28.210s]  12150K .......... .......... .......... .......... .......... 78% 4.52M 2s
[28.219s]  12200K .......... .......... .......... .......... .......... 78% 5.63M 2s
[28.225s]  12250K .......... .......... .......... .......... .......... 78% 8.37M 2s
[28.242s]  12300K .......... .......... .......... .......... .......... 79% 5.09M 2s
[28.250s]  12350K .......... .......... .......... .......... .......... 79% 3.10M 2s
[28.265s]  12400K .......... .......... .......... .......... .......... 79% 3.20M 2s
[28.276s]  12450K .......... .......... .......... .......... .......... 79% 4.48M 2s
[28.284s]  12500K .......... .......... .......... .......... .......... 80% 5.98M 2s
[28.290s]  12550K .......... .......... .......... .......... .......... 80% 9.25M 2s
[28.296s]  12600K .......... .......... .......... .......... .......... 80% 7.35M 2s
[28.320s]  12650K .......... .......... .......... .......... .......... 81% 2.04M 2s
[28.338s]  12700K .......... .......... .......... .......... .......... 81% 3.08M 2s
[28.347s]  12750K .......... .......... .......... .......... .......... 81% 4.50M 2s
[28.366s]  12800K .......... .......... .......... .......... .......... 82% 2.64M 1s
[28.378s]  12850K .......... .......... .......... .......... .......... 82% 3.98M 1s
[28.398s]  12900K .......... .......... .......... .......... .......... 82% 2.42M 1s
[28.403s]  12950K .......... .......... .......... .......... .......... 83% 10.1M 1s
[28.425s]  13000K .......... .......... .......... .......... .......... 83% 2.19M 1s
[28.460s]  13050K .......... .......... .......... .......... .......... 83% 1.41M 1s
[28.558s]  13100K .......... .......... .......... .......... .......... 84%  610K 1s
[28.577s]  13150K .......... .......... .......... .......... .......... 84% 1.38M 1s
[28.595s]  13200K .......... .......... .......... .......... .......... 84% 2.70M 1s
[28.606s]  13250K .......... .......... .......... .......... .......... 85% 4.29M 1s
[28.610s]  13300K .......... .......... .......... .......... .......... 85% 12.3M 1s
[28.617s]  13350K .......... .......... .......... .......... .......... 85% 6.90M 1s
[28.637s]  13400K .......... .......... .......... .......... .......... 86% 2.52M 1s
[28.643s]  13450K .......... .......... .......... .......... .......... 86% 8.45M 1s
[28.661s]  13500K .......... .......... .......... .......... .......... 86% 6.94M 1s
[28.667s]  13550K .......... .......... .......... .......... .......... 87% 2.87M 1s
[28.697s]  13600K .......... .......... .......... .......... .......... 87% 1.63M 1s
[28.708s]  13650K .......... .......... .......... .......... .......... 87% 4.28M 1s
[28.718s]  13700K .......... .......... .......... .......... .......... 87% 4.88M 1s
[28.727s]  13750K .......... .......... .......... .......... .......... 88% 5.71M 1s
[28.734s]  13800K .......... .......... .......... .......... .......... 88% 6.99M 1s
[28.745s]  13850K .......... .......... .......... .......... .......... 88% 4.32M 1s
[28.766s]  13900K .......... .......... .......... .......... .......... 89% 16.0M 1s
[28.779s]  13950K .......... .......... .......... .......... .......... 89% 1.60M 1s
[28.784s]  14000K .......... .......... .......... .......... .......... 89% 9.69M 1s
[28.787s]  14050K .......... .......... .......... .......... .......... 90% 14.3M 1s
[28.792s]  14100K .......... .......... .......... .......... .......... 90% 10.6M 1s
[28.796s]  14150K .......... .......... .......... .......... .......... 90% 10.6M 1s
[28.800s]  14200K .......... .......... .......... .......... .......... 91% 11.6M 1s
[28.826s]  14250K .......... .......... .......... .......... .......... 91% 1.94M 1s
[28.841s]  14300K .......... .......... .......... .......... .......... 91% 3.41M 1s
[28.848s]  14350K .......... .......... .......... .......... .......... 92% 6.10M 1s
[28.851s]  14400K .......... .......... .......... .......... .......... 92% 15.1M 1s
[28.855s]  14450K .......... .......... .......... .......... .......... 92% 12.7M 1s
[28.859s]  14500K .......... .......... .......... .......... .......... 93% 11.4M 1s
[28.892s]  14550K .......... .......... .......... .......... .......... 93% 1.48M 1s
[28.917s]  14600K .......... .......... .......... .......... .......... 93% 1.99M 0s
[28.952s]  14650K .......... .......... .......... .......... .......... 94% 1.38M 0s
[28.969s]  14700K .......... .......... .......... .......... .......... 94% 4.17M 0s
[28.979s]  14750K .......... .......... .......... .......... .......... 94% 3.18M 0s
[28.988s]  14800K .......... .......... .......... .......... .......... 95% 5.51M 0s
[28.995s]  14850K .......... .......... .......... .......... .......... 95% 6.70M 0s
[29.002s]  14900K .......... .......... .......... .......... .......... 95% 7.84M 0s
[29.024s]  14950K .......... .......... .......... .......... .......... 95% 2.14M 0s
[29.039s]  15000K .......... .......... .......... .......... .......... 96% 3.26M 0s
[29.066s]  15050K .......... .......... .......... .......... .......... 96% 1.84M 0s
[29.081s]  15100K .......... .......... .......... .......... .......... 96% 3.83M 0s
[29.085s]  15150K .......... .......... .......... .......... .......... 97% 7.92M 0s
[29.093s]  15200K .......... .......... .......... .......... .......... 97% 6.03M 0s
[29.102s]  15250K .......... .......... .......... .......... .......... 97% 5.33M 0s
[29.105s]  15300K .......... .......... .......... .......... .......... 98% 16.5M 0s
[29.117s]  15350K .......... .......... .......... .......... .......... 98% 4.04M 0s
[29.137s]  15400K .......... .......... .......... .......... .......... 98% 2.48M 0s
[29.143s]  15450K .......... .......... .......... .......... .......... 99% 7.89M 0s
[29.154s]  15500K .......... .......... .......... .......... .......... 99% 4.64M 0s
[29.159s]  15550K .......... .......... .......... .......... .......... 99% 9.38M 0s
[29.162s]  15600K .......... .......... .....                           100% 7.28M=7.6s
[29.162s] 
[29.162s] 2025-06-28 21:20:41 (2.00 MB/s) - ‘/home/anish/ps1_ws/src/build/multirobot_map_merge/2012-01-28-11-12-01.pgm’ saved [16000058/16000058]
[29.163s] 
[29.164s] Checking MD5 sum of /home/anish/ps1_ws/src/build/multirobot_map_merge/2012-01-28-11-12-01.pgm
[29.196s] /home/anish/ps1_ws/src/build/multirobot_map_merge/2012-01-28-11-12-01.pgm: OK
[29.201s] -- Found gtest sources under '/opt/ros/humble/src/gtest_vendor': C++ tests using 'Google Test' will be built
[29.213s] -- Added test 'cppcheck' to perform static code analysis on C / C++ code
[29.214s] -- Configured cppcheck include dirs: /home/anish/ps1_ws/src/m-explore-ros2/map_merge/include;$<BUILD_INTERFACE:/home/anish/ps1_ws/src/m-explore-ros2/map_merge/include>
[29.214s] -- Configured cppcheck exclude dirs and/or files: 
[29.215s] -- Added test 'flake8' to check Python code syntax and style conventions
[29.216s] -- Added test 'lint_cmake' to check CMake code style
[29.217s] -- Added test 'pep257' to check Python code against some of the docstring style conventions in PEP 257
[29.221s] -- Added test 'uncrustify' to check C / C++ code style
[29.221s] -- Configured uncrustify additional arguments: 
[29.221s] -- Added test 'xmllint' to check XML markup files
[29.224s] -- Configuring done
[29.301s] -- Generating done
[29.311s] -- Build files have been written to: /home/anish/ps1_ws/src/build/multirobot_map_merge
