[0.554s] Invoking command in '/home/anish/ps1_ws/src/build/explore_lite': CMAKE_PREFIX_PATH=${CMAKE_PREFIX_PATH}:/opt/ros/humble /usr/bin/cmake --build /home/anish/ps1_ws/src/build/explore_lite -- -j16 -l16
[0.619s] [35m[1mConsolidate compiler generated dependencies of target gtest_main[0m
[0.619s] [35m[1mConsolidate compiler generated dependencies of target gtest[0m
[0.620s] [35m[1mConsolidate compiler generated dependencies of target explore[0m
[0.654s] [ 40%] Built target gtest_main
[0.654s] [ 40%] Built target gtest
[0.668s] [35m[1mConsolidate compiler generated dependencies of target test_explore[0m
[0.675s] [ 80%] Built target explore
[0.686s] [100%] Built target test_explore
[0.797s] Invoked command in '/home/anish/ps1_ws/src/build/explore_lite' returned '0': CMAKE_PREFIX_PATH=${CMAKE_PREFIX_PATH}:/opt/ros/humble /usr/bin/cmake --build /home/anish/ps1_ws/src/build/explore_lite -- -j16 -l16
[0.799s] Invoking command in '/home/anish/ps1_ws/src/build/explore_lite': CMAKE_PREFIX_PATH=${CMAKE_PREFIX_PATH}:/opt/ros/humble /usr/bin/cmake --install /home/anish/ps1_ws/src/build/explore_lite
[0.816s] -- Install configuration: ""
[0.816s] -- Installing: /home/anish/ps1_ws/src/install/explore_lite/include/explore/
[0.816s] -- Installing: /home/anish/ps1_ws/src/install/explore_lite/include/explore//frontier_search.h
[0.816s] -- Installing: /home/anish/ps1_ws/src/install/explore_lite/include/explore//costmap_client.h
[0.816s] -- Installing: /home/anish/ps1_ws/src/install/explore_lite/include/explore//explore.h
[0.816s] -- Installing: /home/anish/ps1_ws/src/install/explore_lite/include/explore//costmap_tools.h
[0.816s] -- Installing: /home/anish/ps1_ws/src/install/explore_lite/share/explore_lite/config
[0.816s] -- Installing: /home/anish/ps1_ws/src/install/explore_lite/share/explore_lite/config/params_costmap.yaml
[0.816s] -- Installing: /home/anish/ps1_ws/src/install/explore_lite/share/explore_lite/config/params.yaml
[0.816s] -- Installing: /home/anish/ps1_ws/src/install/explore_lite/share/explore_lite/launch
[0.816s] -- Installing: /home/anish/ps1_ws/src/install/explore_lite/share/explore_lite/launch/explore.launch.py
[0.816s] -- Installing: /home/anish/ps1_ws/src/install/explore_lite/lib/explore_lite/explore
[0.830s] -- Set runtime path of "/home/anish/ps1_ws/src/install/explore_lite/lib/explore_lite/explore" to ""
[0.830s] -- Installing: /home/anish/ps1_ws/src/install/explore_lite/share/ament_index/resource_index/package_run_dependencies/explore_lite
[0.830s] -- Installing: /home/anish/ps1_ws/src/install/explore_lite/share/ament_index/resource_index/parent_prefix_path/explore_lite
[0.830s] -- Installing: /home/anish/ps1_ws/src/install/explore_lite/share/explore_lite/environment/ament_prefix_path.sh
[0.831s] -- Installing: /home/anish/ps1_ws/src/install/explore_lite/share/explore_lite/environment/ament_prefix_path.dsv
[0.831s] -- Installing: /home/anish/ps1_ws/src/install/explore_lite/share/explore_lite/environment/path.sh
[0.831s] -- Installing: /home/anish/ps1_ws/src/install/explore_lite/share/explore_lite/environment/path.dsv
[0.832s] -- Installing: /home/anish/ps1_ws/src/install/explore_lite/share/explore_lite/local_setup.bash
[0.832s] -- Installing: /home/anish/ps1_ws/src/install/explore_lite/share/explore_lite/local_setup.sh
[0.832s] -- Installing: /home/anish/ps1_ws/src/install/explore_lite/share/explore_lite/local_setup.zsh
[0.832s] -- Installing: /home/anish/ps1_ws/src/install/explore_lite/share/explore_lite/local_setup.dsv
[0.832s] -- Installing: /home/anish/ps1_ws/src/install/explore_lite/share/explore_lite/package.dsv
[0.833s] -- Installing: /home/anish/ps1_ws/src/install/explore_lite/share/ament_index/resource_index/packages/explore_lite
[0.833s] -- Installing: /home/anish/ps1_ws/src/install/explore_lite/share/explore_lite/cmake/ament_cmake_export_include_directories-extras.cmake
[0.833s] -- Installing: /home/anish/ps1_ws/src/install/explore_lite/share/explore_lite/cmake/explore_liteConfig.cmake
[0.833s] -- Installing: /home/anish/ps1_ws/src/install/explore_lite/share/explore_lite/cmake/explore_liteConfig-version.cmake
[0.833s] -- Installing: /home/anish/ps1_ws/src/install/explore_lite/share/explore_lite/package.xml
[0.840s] Invoked command in '/home/anish/ps1_ws/src/build/explore_lite' returned '0': CMAKE_PREFIX_PATH=${CMAKE_PREFIX_PATH}:/opt/ros/humble /usr/bin/cmake --install /home/anish/ps1_ws/src/build/explore_lite
