[0.023s] Invoking command in '/home/anish/ps1_ws/src/build/turtlebot3_bringup': AMENT_PREFIX_PATH=/home/anish/ps1_ws/src/install/turtlebot3_node:/home/anish/ps1_ws/src/install/turtlebot3_description:${AMENT_PREFIX_PATH} CMAKE_PREFIX_PATH=/home/anish/ps1_ws/src/install/turtlebot3_node:/home/anish/ps1_ws/src/install/turtlebot3_description:/home/anish/panda_ws/install/moveit_resources:/home/anish/panda_ws/install/panda_moveit_config:/home/anish/panda_ws/install/panda_description:/home/anish/panda_ws/install/moveit_resources_pr2_description:/home/anish/panda_ws/install/moveit_resources_gazebo:/home/anish/panda_ws/install/moveit_resources_fanuc_moveit_config:/home/anish/panda_ws/install/moveit_resources_fanuc_description:/home/anish/Downloads/mycobot_ros2/install/rviz_marker_tools:/home/anish/Downloads/mycobot_ros2/install/mycobot_ros2:/home/anish/Downloads/mycobot_ros2/install/mycobot_system_tests:/home/anish/Downloads/mycobot_ros2/install/mycobot_moveit_demos:/home/anish/Downloads/mycobot_ros2/install/mycobot_moveit_config:/home/anish/Downloads/mycobot_ros2/install/mycobot_interfaces:/home/anish/Downloads/mycobot_ros2/install/mycobot_gazebo:/home/anish/Downloads/mycobot_ros2/install/mycobot_description:/home/anish/Downloads/mycobot_ros2/install/mycobot_bringup:/home/anish/Downloads/mycobot_ros2/install/moveit_task_constructor_msgs:/opt/ros/humble /usr/bin/cmake /home/anish/ps1_ws/src/turtlebot3/turtlebot3_bringup -DCMAKE_INSTALL_PREFIX=/home/anish/ps1_ws/src/install/turtlebot3_bringup
[0.123s] -- The C compiler identification is GNU 11.4.0
[0.214s] -- The CXX compiler identification is GNU 11.4.0
[0.226s] -- Detecting C compiler ABI info
[0.356s] -- Detecting C compiler ABI info - done
[0.367s] -- Check for working C compiler: /usr/bin/cc - skipped
[0.367s] -- Detecting C compile features
[0.368s] -- Detecting C compile features - done
[0.372s] -- Detecting CXX compiler ABI info
[0.508s] -- Detecting CXX compiler ABI info - done
[0.518s] -- Check for working CXX compiler: /usr/bin/c++ - skipped
[0.518s] -- Detecting CXX compile features
[0.518s] -- Detecting CXX compile features - done
[0.524s] -- Found ament_cmake: 1.3.11 (/opt/ros/humble/share/ament_cmake/cmake)
[0.748s] -- Found Python3: /usr/bin/python3 (found version "3.10.12") found components: Interpreter 
[1.005s] -- Configuring done
[1.009s] -- Generating done
[1.011s] -- Build files have been written to: /home/anish/ps1_ws/src/build/turtlebot3_bringup
[1.017s] Invoked command in '/home/anish/ps1_ws/src/build/turtlebot3_bringup' returned '0': AMENT_PREFIX_PATH=/home/anish/ps1_ws/src/install/turtlebot3_node:/home/anish/ps1_ws/src/install/turtlebot3_description:${AMENT_PREFIX_PATH} CMAKE_PREFIX_PATH=/home/anish/ps1_ws/src/install/turtlebot3_node:/home/anish/ps1_ws/src/install/turtlebot3_description:/home/anish/panda_ws/install/moveit_resources:/home/anish/panda_ws/install/panda_moveit_config:/home/anish/panda_ws/install/panda_description:/home/anish/panda_ws/install/moveit_resources_pr2_description:/home/anish/panda_ws/install/moveit_resources_gazebo:/home/anish/panda_ws/install/moveit_resources_fanuc_moveit_config:/home/anish/panda_ws/install/moveit_resources_fanuc_description:/home/anish/Downloads/mycobot_ros2/install/rviz_marker_tools:/home/anish/Downloads/mycobot_ros2/install/mycobot_ros2:/home/anish/Downloads/mycobot_ros2/install/mycobot_system_tests:/home/anish/Downloads/mycobot_ros2/install/mycobot_moveit_demos:/home/anish/Downloads/mycobot_ros2/install/mycobot_moveit_config:/home/anish/Downloads/mycobot_ros2/install/mycobot_interfaces:/home/anish/Downloads/mycobot_ros2/install/mycobot_gazebo:/home/anish/Downloads/mycobot_ros2/install/mycobot_description:/home/anish/Downloads/mycobot_ros2/install/mycobot_bringup:/home/anish/Downloads/mycobot_ros2/install/moveit_task_constructor_msgs:/opt/ros/humble /usr/bin/cmake /home/anish/ps1_ws/src/turtlebot3/turtlebot3_bringup -DCMAKE_INSTALL_PREFIX=/home/anish/ps1_ws/src/install/turtlebot3_bringup
[1.019s] Invoking command in '/home/anish/ps1_ws/src/build/turtlebot3_bringup': AMENT_PREFIX_PATH=/home/anish/ps1_ws/src/install/turtlebot3_node:/home/anish/ps1_ws/src/install/turtlebot3_description:${AMENT_PREFIX_PATH} CMAKE_PREFIX_PATH=/home/anish/ps1_ws/src/install/turtlebot3_node:/home/anish/ps1_ws/src/install/turtlebot3_description:/home/anish/panda_ws/install/moveit_resources:/home/anish/panda_ws/install/panda_moveit_config:/home/anish/panda_ws/install/panda_description:/home/anish/panda_ws/install/moveit_resources_pr2_description:/home/anish/panda_ws/install/moveit_resources_gazebo:/home/anish/panda_ws/install/moveit_resources_fanuc_moveit_config:/home/anish/panda_ws/install/moveit_resources_fanuc_description:/home/anish/Downloads/mycobot_ros2/install/rviz_marker_tools:/home/anish/Downloads/mycobot_ros2/install/mycobot_ros2:/home/anish/Downloads/mycobot_ros2/install/mycobot_system_tests:/home/anish/Downloads/mycobot_ros2/install/mycobot_moveit_demos:/home/anish/Downloads/mycobot_ros2/install/mycobot_moveit_config:/home/anish/Downloads/mycobot_ros2/install/mycobot_interfaces:/home/anish/Downloads/mycobot_ros2/install/mycobot_gazebo:/home/anish/Downloads/mycobot_ros2/install/mycobot_description:/home/anish/Downloads/mycobot_ros2/install/mycobot_bringup:/home/anish/Downloads/mycobot_ros2/install/moveit_task_constructor_msgs:/opt/ros/humble /usr/bin/cmake --build /home/anish/ps1_ws/src/build/turtlebot3_bringup -- -j16 -l16
[1.081s] Invoked command in '/home/anish/ps1_ws/src/build/turtlebot3_bringup' returned '0': AMENT_PREFIX_PATH=/home/anish/ps1_ws/src/install/turtlebot3_node:/home/anish/ps1_ws/src/install/turtlebot3_description:${AMENT_PREFIX_PATH} CMAKE_PREFIX_PATH=/home/anish/ps1_ws/src/install/turtlebot3_node:/home/anish/ps1_ws/src/install/turtlebot3_description:/home/anish/panda_ws/install/moveit_resources:/home/anish/panda_ws/install/panda_moveit_config:/home/anish/panda_ws/install/panda_description:/home/anish/panda_ws/install/moveit_resources_pr2_description:/home/anish/panda_ws/install/moveit_resources_gazebo:/home/anish/panda_ws/install/moveit_resources_fanuc_moveit_config:/home/anish/panda_ws/install/moveit_resources_fanuc_description:/home/anish/Downloads/mycobot_ros2/install/rviz_marker_tools:/home/anish/Downloads/mycobot_ros2/install/mycobot_ros2:/home/anish/Downloads/mycobot_ros2/install/mycobot_system_tests:/home/anish/Downloads/mycobot_ros2/install/mycobot_moveit_demos:/home/anish/Downloads/mycobot_ros2/install/mycobot_moveit_config:/home/anish/Downloads/mycobot_ros2/install/mycobot_interfaces:/home/anish/Downloads/mycobot_ros2/install/mycobot_gazebo:/home/anish/Downloads/mycobot_ros2/install/mycobot_description:/home/anish/Downloads/mycobot_ros2/install/mycobot_bringup:/home/anish/Downloads/mycobot_ros2/install/moveit_task_constructor_msgs:/opt/ros/humble /usr/bin/cmake --build /home/anish/ps1_ws/src/build/turtlebot3_bringup -- -j16 -l16
[1.083s] Invoking command in '/home/anish/ps1_ws/src/build/turtlebot3_bringup': AMENT_PREFIX_PATH=/home/anish/ps1_ws/src/install/turtlebot3_node:/home/anish/ps1_ws/src/install/turtlebot3_description:${AMENT_PREFIX_PATH} CMAKE_PREFIX_PATH=/home/anish/ps1_ws/src/install/turtlebot3_node:/home/anish/ps1_ws/src/install/turtlebot3_description:/home/anish/panda_ws/install/moveit_resources:/home/anish/panda_ws/install/panda_moveit_config:/home/anish/panda_ws/install/panda_description:/home/anish/panda_ws/install/moveit_resources_pr2_description:/home/anish/panda_ws/install/moveit_resources_gazebo:/home/anish/panda_ws/install/moveit_resources_fanuc_moveit_config:/home/anish/panda_ws/install/moveit_resources_fanuc_description:/home/anish/Downloads/mycobot_ros2/install/rviz_marker_tools:/home/anish/Downloads/mycobot_ros2/install/mycobot_ros2:/home/anish/Downloads/mycobot_ros2/install/mycobot_system_tests:/home/anish/Downloads/mycobot_ros2/install/mycobot_moveit_demos:/home/anish/Downloads/mycobot_ros2/install/mycobot_moveit_config:/home/anish/Downloads/mycobot_ros2/install/mycobot_interfaces:/home/anish/Downloads/mycobot_ros2/install/mycobot_gazebo:/home/anish/Downloads/mycobot_ros2/install/mycobot_description:/home/anish/Downloads/mycobot_ros2/install/mycobot_bringup:/home/anish/Downloads/mycobot_ros2/install/moveit_task_constructor_msgs:/opt/ros/humble /usr/bin/cmake --install /home/anish/ps1_ws/src/build/turtlebot3_bringup
[1.094s] -- Install configuration: ""
[1.094s] -- Installing: /home/anish/ps1_ws/src/install/turtlebot3_bringup/share/turtlebot3_bringup/launch
[1.094s] -- Installing: /home/anish/ps1_ws/src/install/turtlebot3_bringup/share/turtlebot3_bringup/launch/camera.launch.py
[1.094s] -- Installing: /home/anish/ps1_ws/src/install/turtlebot3_bringup/share/turtlebot3_bringup/launch/robot.launch.py
[1.094s] -- Installing: /home/anish/ps1_ws/src/install/turtlebot3_bringup/share/turtlebot3_bringup/launch/turtlebot3_state_publisher.launch.py
[1.094s] -- Installing: /home/anish/ps1_ws/src/install/turtlebot3_bringup/share/turtlebot3_bringup/launch/rviz2.launch.py
[1.095s] -- Installing: /home/anish/ps1_ws/src/install/turtlebot3_bringup/share/turtlebot3_bringup/param
[1.095s] -- Installing: /home/anish/ps1_ws/src/install/turtlebot3_bringup/share/turtlebot3_bringup/param/waffle_pi.yaml
[1.095s] -- Installing: /home/anish/ps1_ws/src/install/turtlebot3_bringup/share/turtlebot3_bringup/param/humble
[1.095s] -- Installing: /home/anish/ps1_ws/src/install/turtlebot3_bringup/share/turtlebot3_bringup/param/humble/waffle_pi.yaml
[1.095s] -- Installing: /home/anish/ps1_ws/src/install/turtlebot3_bringup/share/turtlebot3_bringup/param/humble/burger.yaml
[1.095s] -- Installing: /home/anish/ps1_ws/src/install/turtlebot3_bringup/share/turtlebot3_bringup/param/humble/waffle.yaml
[1.095s] -- Installing: /home/anish/ps1_ws/src/install/turtlebot3_bringup/share/turtlebot3_bringup/param/burger.yaml
[1.095s] -- Installing: /home/anish/ps1_ws/src/install/turtlebot3_bringup/share/turtlebot3_bringup/param/waffle.yaml
[1.096s] -- Installing: /home/anish/ps1_ws/src/install/turtlebot3_bringup/share/turtlebot3_bringup/script
[1.096s] -- Installing: /home/anish/ps1_ws/src/install/turtlebot3_bringup/share/turtlebot3_bringup/script/create_udev_rules
[1.096s] -- Installing: /home/anish/ps1_ws/src/install/turtlebot3_bringup/share/turtlebot3_bringup/script/99-turtlebot3-cdc.rules
[1.096s] -- Installing: /home/anish/ps1_ws/src/install/turtlebot3_bringup/share/ament_index/resource_index/package_run_dependencies/turtlebot3_bringup
[1.096s] -- Installing: /home/anish/ps1_ws/src/install/turtlebot3_bringup/share/ament_index/resource_index/parent_prefix_path/turtlebot3_bringup
[1.097s] -- Installing: /home/anish/ps1_ws/src/install/turtlebot3_bringup/share/turtlebot3_bringup/environment/ament_prefix_path.sh
[1.097s] -- Installing: /home/anish/ps1_ws/src/install/turtlebot3_bringup/share/turtlebot3_bringup/environment/ament_prefix_path.dsv
[1.097s] -- Installing: /home/anish/ps1_ws/src/install/turtlebot3_bringup/share/turtlebot3_bringup/environment/path.sh
[1.097s] -- Installing: /home/anish/ps1_ws/src/install/turtlebot3_bringup/share/turtlebot3_bringup/environment/path.dsv
[1.097s] -- Installing: /home/anish/ps1_ws/src/install/turtlebot3_bringup/share/turtlebot3_bringup/local_setup.bash
[1.097s] -- Installing: /home/anish/ps1_ws/src/install/turtlebot3_bringup/share/turtlebot3_bringup/local_setup.sh
[1.098s] -- Installing: /home/anish/ps1_ws/src/install/turtlebot3_bringup/share/turtlebot3_bringup/local_setup.zsh
[1.098s] -- Installing: /home/anish/ps1_ws/src/install/turtlebot3_bringup/share/turtlebot3_bringup/local_setup.dsv
[1.098s] -- Installing: /home/anish/ps1_ws/src/install/turtlebot3_bringup/share/turtlebot3_bringup/package.dsv
[1.098s] -- Installing: /home/anish/ps1_ws/src/install/turtlebot3_bringup/share/ament_index/resource_index/packages/turtlebot3_bringup
[1.098s] -- Installing: /home/anish/ps1_ws/src/install/turtlebot3_bringup/share/turtlebot3_bringup/cmake/turtlebot3_bringupConfig.cmake
[1.099s] -- Installing: /home/anish/ps1_ws/src/install/turtlebot3_bringup/share/turtlebot3_bringup/cmake/turtlebot3_bringupConfig-version.cmake
[1.099s] -- Installing: /home/anish/ps1_ws/src/install/turtlebot3_bringup/share/turtlebot3_bringup/package.xml
[1.102s] Invoked command in '/home/anish/ps1_ws/src/build/turtlebot3_bringup' returned '0': AMENT_PREFIX_PATH=/home/anish/ps1_ws/src/install/turtlebot3_node:/home/anish/ps1_ws/src/install/turtlebot3_description:${AMENT_PREFIX_PATH} CMAKE_PREFIX_PATH=/home/anish/ps1_ws/src/install/turtlebot3_node:/home/anish/ps1_ws/src/install/turtlebot3_description:/home/anish/panda_ws/install/moveit_resources:/home/anish/panda_ws/install/panda_moveit_config:/home/anish/panda_ws/install/panda_description:/home/anish/panda_ws/install/moveit_resources_pr2_description:/home/anish/panda_ws/install/moveit_resources_gazebo:/home/anish/panda_ws/install/moveit_resources_fanuc_moveit_config:/home/anish/panda_ws/install/moveit_resources_fanuc_description:/home/anish/Downloads/mycobot_ros2/install/rviz_marker_tools:/home/anish/Downloads/mycobot_ros2/install/mycobot_ros2:/home/anish/Downloads/mycobot_ros2/install/mycobot_system_tests:/home/anish/Downloads/mycobot_ros2/install/mycobot_moveit_demos:/home/anish/Downloads/mycobot_ros2/install/mycobot_moveit_config:/home/anish/Downloads/mycobot_ros2/install/mycobot_interfaces:/home/anish/Downloads/mycobot_ros2/install/mycobot_gazebo:/home/anish/Downloads/mycobot_ros2/install/mycobot_description:/home/anish/Downloads/mycobot_ros2/install/mycobot_bringup:/home/anish/Downloads/mycobot_ros2/install/moveit_task_constructor_msgs:/opt/ros/humble /usr/bin/cmake --install /home/anish/ps1_ws/src/build/turtlebot3_bringup
